#
# There is insufficient memory for the Java Runtime Environment to continue.
# Native memory allocation (malloc) failed to allocate 1249776 bytes for Chunk::new
# Possible reasons:
#   The system is out of physical RAM or swap space
#   The process is running with CompressedOops enabled, and the Java Heap may be blocking the growth of the native heap
# Possible solutions:
#   Reduce memory load on the system
#   Increase physical memory or swap space
#   Check if swap backing store is full
#   Decrease Java heap size (-Xmx/-Xms)
#   Decrease number of Java threads
#   Decrease Java thread stack sizes (-Xss)
#   Set larger code cache with -XX:ReservedCodeCacheSize=
#   JVM is running with Unscaled Compressed Oops mode in which the Java heap is
#     placed in the first 4GB address space. The Java Heap base address is the
#     maximum limit for the native heap growth. Please use -XX:HeapBaseMinAddress
#     to set the Java Heap base and to place the Java Heap above 4GB virtual address.
# This output file may be truncated or incomplete.
#
#  Out of Memory Error (allocation.cpp:389), pid=14256, tid=0x0000000000001ff4
#
# JRE version: Java(TM) SE Runtime Environment (8.0_291-b10) (build 1.8.0_291-b10)
# Java VM: Java HotSpot(TM) 64-Bit Server VM (25.291-b10 mixed mode windows-amd64 compressed oops)
# Failed to write core dump. Minidumps are not enabled by default on client versions of Windows
#

---------------  T H R E A D  ---------------

Current thread (0x0000018aa4262000):  JavaThread "C2 CompilerThread0" daemon [_thread_in_native, id=8180, stack(0x0000000e62f00000,0x0000000e63000000)]

Stack: [0x0000000e62f00000,0x0000000e63000000]
Native frames: (J=compiled Java code, j=interpreted, Vv=VM code, C=native code)
V  [jvm.dll+0x32ea19]
V  [jvm.dll+0x275462]
V  [jvm.dll+0x27610d]
V  [jvm.dll+0x26cb45]
V  [jvm.dll+0xd524c]
V  [jvm.dll+0xd5a4c]
V  [jvm.dll+0x452872]
V  [jvm.dll+0x48dcdd]
V  [jvm.dll+0x442871]
V  [jvm.dll+0x43fae4]
V  [jvm.dll+0x42aa57]
V  [jvm.dll+0xabeeb]
V  [jvm.dll+0xaa54b]
V  [jvm.dll+0x23db02]
V  [jvm.dll+0x29210c]
C  [ucrtbase.dll+0x214c2]
C  [KERNEL32.DLL+0x17034]
C  [ntdll.dll+0x4d0d1]


Current CompileTask:
C2:   8218 4002       4       java.net.URLClassLoader$1::run (5 bytes)


---------------  P R O C E S S  ---------------

Java Threads: ( => current thread )
  0x0000018aa45e6000 JavaThread "Java2D Disposer" daemon [_thread_blocked, id=5764, stack(0x0000000e64700000,0x0000000e64800000)]
  0x0000018aa45db000 JavaThread "Darkroom Processing Line" daemon [_thread_blocked, id=14484, stack(0x0000000e64600000,0x0000000e64700000)]
  0x0000018aa45e1800 JavaThread "Okio Watchdog" daemon [_thread_blocked, id=11464, stack(0x0000000e64500000,0x0000000e64600000)]
  0x0000018aa45de800 JavaThread "OkHttp ConnectionPool" daemon [_thread_blocked, id=18988, stack(0x0000000e64400000,0x0000000e64500000)]
  0x0000018aa45e1000 JavaThread "Keep-Alive-Timer" daemon [_thread_blocked, id=10924, stack(0x0000000e63a00000,0x0000000e63b00000)]
  0x0000018aa45de000 JavaThread "Exec Stream Pumper" daemon [_thread_in_native, id=15728, stack(0x0000000e64300000,0x0000000e64400000)]
  0x0000018aa45e0000 JavaThread "Exec Stream Pumper" daemon [_thread_in_native, id=11144, stack(0x0000000e64200000,0x0000000e64300000)]
  0x0000018aa45dc800 JavaThread "UrlChecker-2" daemon [_thread_blocked, id=16076, stack(0x0000000e64100000,0x0000000e64200000)]
  0x0000018aa45df800 JavaThread "Exec Default Executor" daemon [_thread_in_native, id=6528, stack(0x0000000e64000000,0x0000000e64100000)]
  0x0000018aa45db800 JavaThread "ForkJoinPool.commonPool-worker-7" daemon [_thread_blocked, id=1480, stack(0x0000000e63f00000,0x0000000e64000000)]
  0x0000018aa45dd000 JavaThread "ForkJoinPool.commonPool-worker-6" daemon [_thread_blocked, id=12068, stack(0x0000000e63e00000,0x0000000e63f00000)]
  0x0000018aa4307800 JavaThread "ForkJoinPool.commonPool-worker-5" daemon [_thread_blocked, id=13316, stack(0x0000000e63d00000,0x0000000e63e00000)]
  0x0000018aa4306800 JavaThread "ForkJoinPool.commonPool-worker-4" daemon [_thread_blocked, id=19292, stack(0x0000000e63c00000,0x0000000e63d00000)]
  0x0000018aa4308800 JavaThread "ForkJoinPool.commonPool-worker-1" daemon [_thread_blocked, id=17100, stack(0x0000000e63900000,0x0000000e63a00000)]
  0x0000018aa4302000 JavaThread "/127.0.0.1:56318 to /127.0.0.1:56317 workers Thread 3" [_thread_in_native, id=1632, stack(0x0000000e63800000,0x0000000e63900000)]
  0x0000018aa4304800 JavaThread "/127.0.0.1:56318 to /127.0.0.1:56317 workers Thread 2" [_thread_blocked, id=16480, stack(0x0000000e63700000,0x0000000e63800000)]
  0x0000018aa4303000 JavaThread "Test worker" [_thread_blocked, id=7644, stack(0x0000000e63600000,0x0000000e63700000)]
  0x0000018aa4306000 JavaThread "Service Thread" daemon [_thread_blocked, id=6264, stack(0x0000000e63300000,0x0000000e63400000)]
  0x0000018aa4271000 JavaThread "C1 CompilerThread3" daemon [_thread_blocked, id=10024, stack(0x0000000e63200000,0x0000000e63300000)]
  0x0000018aa4269000 JavaThread "C2 CompilerThread2" daemon [_thread_blocked, id=17440, stack(0x0000000e63100000,0x0000000e63200000)]
  0x0000018aa4266000 JavaThread "C2 CompilerThread1" daemon [_thread_in_native, id=10008, stack(0x0000000e63000000,0x0000000e63100000)]
=>0x0000018aa4262000 JavaThread "C2 CompilerThread0" daemon [_thread_in_native, id=8180, stack(0x0000000e62f00000,0x0000000e63000000)]
  0x0000018aa230c000 JavaThread "Attach Listener" daemon [_thread_blocked, id=16960, stack(0x0000000e62e00000,0x0000000e62f00000)]
  0x0000018aa230b000 JavaThread "Signal Dispatcher" daemon [_thread_blocked, id=19084, stack(0x0000000e62d00000,0x0000000e62e00000)]
  0x0000018aa2277800 JavaThread "Finalizer" daemon [_thread_blocked, id=9724, stack(0x0000000e62c00000,0x0000000e62d00000)]
  0x0000018aa226d800 JavaThread "Reference Handler" daemon [_thread_blocked, id=16744, stack(0x0000000e62b00000,0x0000000e62c00000)]
  0x0000018a8f775800 JavaThread "main" [_thread_blocked, id=12516, stack(0x0000000e62100000,0x0000000e62200000)]

Other Threads:
  0x0000018aa2245800 VMThread [stack: 0x0000000e62a00000,0x0000000e62b00000] [id=18192]
  0x0000018aa4369000 WatcherThread [stack: 0x0000000e63400000,0x0000000e63500000] [id=724]

VM state:not at safepoint (normal execution)

VM Mutex/Monitor currently owned by a thread: None

heap address: 0x00000000e0000000, size: 512 MB, Compressed Oops mode: 32-bit
Narrow klass base: 0x0000000000000000, Narrow klass shift: 3
Compressed class space size: 1073741824 Address: 0x0000000100000000

Heap:
 PSYoungGen      total 130560K, used 79308K [0x00000000f5580000, 0x0000000100000000, 0x0000000100000000)
  eden space 119296K, 63% used [0x00000000f5580000,0x00000000f9f8fcc8,0x00000000fca00000)
  from space 11264K, 30% used [0x00000000fca00000,0x00000000fcd63428,0x00000000fd500000)
  to   space 11776K, 0% used [0x00000000ff480000,0x00000000ff480000,0x0000000100000000)
 ParOldGen       total 185856K, used 12447K [0x00000000e0000000, 0x00000000eb580000, 0x00000000f5580000)
  object space 185856K, 6% used [0x00000000e0000000,0x00000000e0c27f78,0x00000000eb580000)
 Metaspace       used 42086K, capacity 44040K, committed 44120K, reserved 1087488K
  class space    used 5807K, capacity 6226K, committed 6272K, reserved 1048576K

Card table byte_map: [0x0000018aa0540000,0x0000018aa0650000] byte_map_base: 0x0000018a9fe40000

Marking Bits: (ParMarkBitMap*) 0x0000000053597fe0
 Begin Bits: [0x0000018aa0700000, 0x0000018aa0f00000)
 End Bits:   [0x0000018aa0f00000, 0x0000018aa1700000)

Polling page: 0x0000018a91150000

CodeCache: size=245760Kb used=11019Kb max_used=12292Kb free=234740Kb
 bounds [0x0000018a91180000, 0x0000018a91d90000, 0x0000018aa0180000]
 total_blobs=3956 nmethods=3428 adapters=439
 compilation: enabled

Compilation events (10 events):
Event: 8.174 Thread 0x0000018aa4271000 4010       3       okio.Buffer::indexOf (310 bytes)
Event: 8.175 Thread 0x0000018aa4271000 nmethod 4010 0x0000018a91901c50 code [0x0000018a91901f20, 0x0000018a91903530]
Event: 8.175 Thread 0x0000018aa4271000 4011   !   3       java.util.concurrent.ConcurrentHashMap::computeIfAbsent (493 bytes)
Event: 8.177 Thread 0x0000018aa4271000 nmethod 4011 0x0000018a91876e50 code [0x0000018a91877180, 0x0000018a918793a0]
Event: 8.177 Thread 0x0000018aa4271000 4012       3       org.openqa.selenium.json.JsonTypeCoercer$$Lambda$559/1512201341::apply (16 bytes)
Event: 8.178 Thread 0x0000018aa4271000 nmethod 4012 0x0000018a9187c5d0 code [0x0000018a9187c7c0, 0x0000018a9187cfa0]
Event: 8.178 Thread 0x0000018aa4271000 4013       3       org.openqa.selenium.json.JsonTypeCoercer::lambda$null$6 (24 bytes)
Event: 8.178 Thread 0x0000018aa4271000 nmethod 4013 0x0000018a91897c10 code [0x0000018a91897de0, 0x0000018a91898320]
Event: 8.178 Thread 0x0000018aa4271000 4014       3       sun.util.locale.BaseLocale::equals (71 bytes)
Event: 8.178 Thread 0x0000018aa4271000 nmethod 4014 0x0000018a91880e90 code [0x0000018a91881000, 0x0000018a918814f8]

GC Heap History (10 events):
Event: 2.698 GC heap before
{Heap before GC invocations=5 (full 1):
 PSYoungGen      total 75776K, used 71701K [0x00000000f5580000, 0x00000000fc000000, 0x0000000100000000)
  eden space 65024K, 100% used [0x00000000f5580000,0x00000000f9500000,0x00000000f9500000)
  from space 10752K, 62% used [0x00000000f9500000,0x00000000f9b85598,0x00000000f9f80000)
  to   space 10752K, 0% used [0x00000000fb580000,0x00000000fb580000,0x00000000fc000000)
 ParOldGen       total 116736K, used 9830K [0x00000000e0000000, 0x00000000e7200000, 0x00000000f5580000)
  object space 116736K, 8% used [0x00000000e0000000,0x00000000e0999a20,0x00000000e7200000)
 Metaspace       used 32012K, capacity 33372K, committed 33664K, reserved 1079296K
  class space    used 4347K, capacity 4664K, committed 4736K, reserved 1048576K
Event: 2.703 GC heap after
Heap after GC invocations=5 (full 1):
 PSYoungGen      total 98304K, used 8423K [0x00000000f5580000, 0x00000000fc000000, 0x0000000100000000)
  eden space 87552K, 0% used [0x00000000f5580000,0x00000000f5580000,0x00000000fab00000)
  from space 10752K, 78% used [0x00000000fb580000,0x00000000fbdb9dd0,0x00000000fc000000)
  to   space 10752K, 0% used [0x00000000fab00000,0x00000000fab00000,0x00000000fb580000)
 ParOldGen       total 116736K, used 9838K [0x00000000e0000000, 0x00000000e7200000, 0x00000000f5580000)
  object space 116736K, 8% used [0x00000000e0000000,0x00000000e099ba20,0x00000000e7200000)
 Metaspace       used 32012K, capacity 33372K, committed 33664K, reserved 1079296K
  class space    used 4347K, capacity 4664K, committed 4736K, reserved 1048576K
}
Event: 2.960 GC heap before
{Heap before GC invocations=6 (full 1):
 PSYoungGen      total 98304K, used 33342K [0x00000000f5580000, 0x00000000fc000000, 0x0000000100000000)
  eden space 87552K, 28% used [0x00000000f5580000,0x00000000f6dd5c10,0x00000000fab00000)
  from space 10752K, 78% used [0x00000000fb580000,0x00000000fbdb9dd0,0x00000000fc000000)
  to   space 10752K, 0% used [0x00000000fab00000,0x00000000fab00000,0x00000000fb580000)
 ParOldGen       total 116736K, used 9838K [0x00000000e0000000, 0x00000000e7200000, 0x00000000f5580000)
  object space 116736K, 8% used [0x00000000e0000000,0x00000000e099ba20,0x00000000e7200000)
 Metaspace       used 33884K, capacity 35344K, committed 35416K, reserved 1079296K
  class space    used 4642K, capacity 4972K, committed 4992K, reserved 1048576K
Event: 2.965 GC heap after
Heap after GC invocations=6 (full 1):
 PSYoungGen      total 98304K, used 7392K [0x00000000f5580000, 0x00000000fe400000, 0x0000000100000000)
  eden space 87552K, 0% used [0x00000000f5580000,0x00000000f5580000,0x00000000fab00000)
  from space 10752K, 68% used [0x00000000fab00000,0x00000000fb238280,0x00000000fb580000)
  to   space 10752K, 0% used [0x00000000fd980000,0x00000000fd980000,0x00000000fe400000)
 ParOldGen       total 116736K, used 9846K [0x00000000e0000000, 0x00000000e7200000, 0x00000000f5580000)
  object space 116736K, 8% used [0x00000000e0000000,0x00000000e099da20,0x00000000e7200000)
 Metaspace       used 33884K, capacity 35344K, committed 35416K, reserved 1079296K
  class space    used 4642K, capacity 4972K, committed 4992K, reserved 1048576K
}
Event: 2.965 GC heap before
{Heap before GC invocations=7 (full 2):
 PSYoungGen      total 98304K, used 7392K [0x00000000f5580000, 0x00000000fe400000, 0x0000000100000000)
  eden space 87552K, 0% used [0x00000000f5580000,0x00000000f5580000,0x00000000fab00000)
  from space 10752K, 68% used [0x00000000fab00000,0x00000000fb238280,0x00000000fb580000)
  to   space 10752K, 0% used [0x00000000fd980000,0x00000000fd980000,0x00000000fe400000)
 ParOldGen       total 116736K, used 9846K [0x00000000e0000000, 0x00000000e7200000, 0x00000000f5580000)
  object space 116736K, 8% used [0x00000000e0000000,0x00000000e099da20,0x00000000e7200000)
 Metaspace       used 33884K, capacity 35344K, committed 35416K, reserved 1079296K
  class space    used 4642K, capacity 4972K, committed 4992K, reserved 1048576K
Event: 2.993 GC heap after
Heap after GC invocations=7 (full 2):
 PSYoungGen      total 98304K, used 0K [0x00000000f5580000, 0x00000000fe400000, 0x0000000100000000)
  eden space 87552K, 0% used [0x00000000f5580000,0x00000000f5580000,0x00000000fab00000)
  from space 10752K, 0% used [0x00000000fab00000,0x00000000fab00000,0x00000000fb580000)
  to   space 10752K, 0% used [0x00000000fd980000,0x00000000fd980000,0x00000000fe400000)
 ParOldGen       total 185856K, used 12431K [0x00000000e0000000, 0x00000000eb580000, 0x00000000f5580000)
  object space 185856K, 6% used [0x00000000e0000000,0x00000000e0c23f78,0x00000000eb580000)
 Metaspace       used 33884K, capacity 35344K, committed 35416K, reserved 1079296K
  class space    used 4642K, capacity 4972K, committed 4992K, reserved 1048576K
}
Event: 4.970 GC heap before
{Heap before GC invocations=8 (full 2):
 PSYoungGen      total 98304K, used 87552K [0x00000000f5580000, 0x00000000fe400000, 0x0000000100000000)
  eden space 87552K, 100% used [0x00000000f5580000,0x00000000fab00000,0x00000000fab00000)
  from space 10752K, 0% used [0x00000000fab00000,0x00000000fab00000,0x00000000fb580000)
  to   space 10752K, 0% used [0x00000000fd980000,0x00000000fd980000,0x00000000fe400000)
 ParOldGen       total 185856K, used 12431K [0x00000000e0000000, 0x00000000eb580000, 0x00000000f5580000)
  object space 185856K, 6% used [0x00000000e0000000,0x00000000e0c23f78,0x00000000eb580000)
 Metaspace       used 39671K, capacity 41574K, committed 41816K, reserved 1085440K
  class space    used 5533K, capacity 5969K, committed 6016K, reserved 1048576K
Event: 4.977 GC heap after
Heap after GC invocations=8 (full 2):
 PSYoungGen      total 123904K, used 6345K [0x00000000f5580000, 0x00000000fe000000, 0x0000000100000000)
  eden space 117248K, 0% used [0x00000000f5580000,0x00000000f5580000,0x00000000fc800000)
  from space 6656K, 95% used [0x00000000fd980000,0x00000000fdfb26e8,0x00000000fe000000)
  to   space 11264K, 0% used [0x00000000fca00000,0x00000000fca00000,0x00000000fd500000)
 ParOldGen       total 185856K, used 12439K [0x00000000e0000000, 0x00000000eb580000, 0x00000000f5580000)
  object space 185856K, 6% used [0x00000000e0000000,0x00000000e0c25f78,0x00000000eb580000)
 Metaspace       used 39671K, capacity 41574K, committed 41816K, reserved 1085440K
  class space    used 5533K, capacity 5969K, committed 6016K, reserved 1048576K
}
Event: 7.454 GC heap before
{Heap before GC invocations=9 (full 2):
 PSYoungGen      total 123904K, used 123593K [0x00000000f5580000, 0x00000000fe000000, 0x0000000100000000)
  eden space 117248K, 100% used [0x00000000f5580000,0x00000000fc800000,0x00000000fc800000)
  from space 6656K, 95% used [0x00000000fd980000,0x00000000fdfb26e8,0x00000000fe000000)
  to   space 11264K, 0% used [0x00000000fca00000,0x00000000fca00000,0x00000000fd500000)
 ParOldGen       total 185856K, used 12439K [0x00000000e0000000, 0x00000000eb580000, 0x00000000f5580000)
  object space 185856K, 6% used [0x00000000e0000000,0x00000000e0c25f78,0x00000000eb580000)
 Metaspace       used 42049K, capacity 43970K, committed 44120K, reserved 1087488K
  class space    used 5806K, capacity 6225K, committed 6272K, reserved 1048576K
Event: 7.457 GC heap after
Heap after GC invocations=9 (full 2):
 PSYoungGen      total 130560K, used 3469K [0x00000000f5580000, 0x0000000100000000, 0x0000000100000000)
  eden space 119296K, 0% used [0x00000000f5580000,0x00000000f5580000,0x00000000fca00000)
  from space 11264K, 30% used [0x00000000fca00000,0x00000000fcd63428,0x00000000fd500000)
  to   space 11776K, 0% used [0x00000000ff480000,0x00000000ff480000,0x0000000100000000)
 ParOldGen       total 185856K, used 12447K [0x00000000e0000000, 0x00000000eb580000, 0x00000000f5580000)
  object space 185856K, 6% used [0x00000000e0000000,0x00000000e0c27f78,0x00000000eb580000)
 Metaspace       used 42049K, capacity 43970K, committed 44120K, reserved 1087488K
  class space    used 5806K, capacity 6225K, committed 6272K, reserved 1048576K
}

Deoptimization events (10 events):
Event: 7.227 Thread 0x0000018aa4303000 Uncommon trap: reason=bimorphic action=maybe_recompile pc=0x0000018a91c93c60 method=net.bytebuddy.implementation.bytecode.assign.primitive.PrimitiveTypeAwareAssigner.assign(Lnet/bytebuddy/description/type/TypeDescription$Generic;Lnet/bytebuddy/description
Event: 7.227 Thread 0x0000018aa4303000 Uncommon trap: reason=bimorphic action=maybe_recompile pc=0x0000018a91c93c60 method=net.bytebuddy.implementation.bytecode.assign.primitive.PrimitiveTypeAwareAssigner.assign(Lnet/bytebuddy/description/type/TypeDescription$Generic;Lnet/bytebuddy/description
Event: 7.241 Thread 0x0000018aa4303000 Uncommon trap: reason=unstable_if action=reinterpret pc=0x0000018a912b4f70 method=java.lang.Class.searchMethods([Ljava/lang/reflect/Method;Ljava/lang/String;[Ljava/lang/Class;)Ljava/lang/reflect/Method; @ 47
Event: 7.281 Thread 0x0000018aa4303000 Uncommon trap: reason=bimorphic action=maybe_recompile pc=0x0000018a9141fab4 method=com.google.common.collect.RegularImmutableMap.get(Ljava/lang/Object;[Lcom/google/common/collect/ImmutableMapEntry;I)Ljava/lang/Object; @ 11
Event: 7.281 Thread 0x0000018aa4303000 Uncommon trap: reason=bimorphic action=maybe_recompile pc=0x0000018a9141fab4 method=com.google.common.collect.RegularImmutableMap.get(Ljava/lang/Object;[Lcom/google/common/collect/ImmutableMapEntry;I)Ljava/lang/Object; @ 11
Event: 7.323 Thread 0x0000018aa4303000 Uncommon trap: reason=bimorphic action=maybe_recompile pc=0x0000018a9141fab4 method=com.google.common.collect.RegularImmutableMap.get(Ljava/lang/Object;[Lcom/google/common/collect/ImmutableMapEntry;I)Ljava/lang/Object; @ 11
Event: 7.732 Thread 0x0000018aa4303000 Uncommon trap: reason=class_check action=maybe_recompile pc=0x0000018a9186f2f8 method=java.util.stream.AbstractPipeline.wrapAndCopyInto(Ljava/util/stream/Sink;Ljava/util/Spliterator;)Ljava/util/stream/Sink; @ 6
Event: 7.732 Thread 0x0000018aa4303000 Uncommon trap: reason=class_check action=maybe_recompile pc=0x0000018a9186f2f8 method=java.util.stream.AbstractPipeline.wrapAndCopyInto(Ljava/util/stream/Sink;Ljava/util/Spliterator;)Ljava/util/stream/Sink; @ 6
Event: 7.732 Thread 0x0000018aa4303000 Uncommon trap: reason=class_check action=maybe_recompile pc=0x0000018a9186f2f8 method=java.util.stream.AbstractPipeline.wrapAndCopyInto(Ljava/util/stream/Sink;Ljava/util/Spliterator;)Ljava/util/stream/Sink; @ 6
Event: 7.733 Thread 0x0000018aa4303000 Uncommon trap: reason=class_check action=maybe_recompile pc=0x0000018a9186f2f8 method=java.util.stream.AbstractPipeline.wrapAndCopyInto(Ljava/util/stream/Sink;Ljava/util/Spliterator;)Ljava/util/stream/Sink; @ 6

Classes redefined (0 events):
No events

Internal exceptions (10 events):
Event: 6.918 Thread 0x0000018aa4303000 Exception <a 'java/net/SocketTimeoutException': Read timed out> (0x00000000f7c9bf48) thrown at [C:\jenkins\workspace\8-2-build-windows-amd64-cygwin\jdk8u291\1294\hotspot\src\share\vm\prims\jni.cpp, line 737]
Event: 7.010 Thread 0x0000018aa4303000 Exception <a 'java/io/FileNotFoundException'> (0x00000000f81519c8) thrown at [C:\jenkins\workspace\8-2-build-windows-amd64-cygwin\jdk8u291\1294\hotspot\src\share\vm\prims\jni.cpp, line 710]
Event: 7.298 Thread 0x0000018aa4303000 Exception <a 'java/net/SocketTimeoutException': Read timed out> (0x00000000fb13e7b0) thrown at [C:\jenkins\workspace\8-2-build-windows-amd64-cygwin\jdk8u291\1294\hotspot\src\share\vm\prims\jni.cpp, line 737]
Event: 7.329 Thread 0x0000018aa4303000 Exception <a 'java/net/SocketTimeoutException': Read timed out> (0x00000000fbe71900) thrown at [C:\jenkins\workspace\8-2-build-windows-amd64-cygwin\jdk8u291\1294\hotspot\src\share\vm\prims\jni.cpp, line 737]
Event: 7.469 Thread 0x0000018aa4303000 Exception <a 'java/net/SocketTimeoutException': Read timed out> (0x00000000f5978688) thrown at [C:\jenkins\workspace\8-2-build-windows-amd64-cygwin\jdk8u291\1294\hotspot\src\share\vm\prims\jni.cpp, line 737]
Event: 7.609 Thread 0x0000018aa4303000 Exception <a 'java/net/SocketTimeoutException': Read timed out> (0x00000000f6717d48) thrown at [C:\jenkins\workspace\8-2-build-windows-amd64-cygwin\jdk8u291\1294\hotspot\src\share\vm\prims\jni.cpp, line 737]
Event: 7.750 Thread 0x0000018aa4303000 Exception <a 'java/net/SocketTimeoutException': Read timed out> (0x00000000f7471f68) thrown at [C:\jenkins\workspace\8-2-build-windows-amd64-cygwin\jdk8u291\1294\hotspot\src\share\vm\prims\jni.cpp, line 737]
Event: 7.891 Thread 0x0000018aa4303000 Exception <a 'java/net/SocketTimeoutException': Read timed out> (0x00000000f8420c28) thrown at [C:\jenkins\workspace\8-2-build-windows-amd64-cygwin\jdk8u291\1294\hotspot\src\share\vm\prims\jni.cpp, line 737]
Event: 8.031 Thread 0x0000018aa4303000 Exception <a 'java/net/SocketTimeoutException': Read timed out> (0x00000000f917d848) thrown at [C:\jenkins\workspace\8-2-build-windows-amd64-cygwin\jdk8u291\1294\hotspot\src\share\vm\prims\jni.cpp, line 737]
Event: 8.174 Thread 0x0000018aa4303000 Exception <a 'java/net/SocketTimeoutException': Read timed out> (0x00000000f9ed7ab0) thrown at [C:\jenkins\workspace\8-2-build-windows-amd64-cygwin\jdk8u291\1294\hotspot\src\share\vm\prims\jni.cpp, line 737]

Events (10 events):
Event: 8.159 loading class org/gradle/internal/concurrent/ExecutorPolicy$CatchAndRecordFailures
Event: 8.159 loading class org/gradle/internal/concurrent/ExecutorPolicy$CatchAndRecordFailures done
Event: 8.159 loading class org/gradle/internal/concurrent/ManagedExecutorImpl$1
Event: 8.159 loading class org/gradle/internal/concurrent/ManagedExecutorImpl$1 done
Event: 8.160 loading class org/gradle/internal/concurrent/ManagedExecutorImpl$1
Event: 8.160 loading class org/gradle/internal/concurrent/ManagedExecutorImpl$1 done
Event: 8.160 loading class org/gradle/internal/concurrent/ThreadFactoryImpl$ManagedThreadRunnable
Event: 8.160 loading class org/gradle/internal/concurrent/ThreadFactoryImpl$ManagedThreadRunnable done
Event: 8.160 loading class org/gradle/internal/concurrent/ThreadFactoryImpl$ManagedThreadRunnable
Event: 8.160 loading class org/gradle/internal/concurrent/ThreadFactoryImpl$ManagedThreadRunnable done


Dynamic libraries:
0x00007ff797260000 - 0x00007ff7972a7000 	C:\Program Files\Java\jdk1.8.0_291\bin\java.exe
0x00007fff72470000 - 0x00007fff72666000 	C:\Windows\SYSTEM32\ntdll.dll
0x00007fff71460000 - 0x00007fff7151d000 	C:\Windows\System32\KERNEL32.DLL
0x00007fff6fef0000 - 0x00007fff701b9000 	C:\Windows\System32\KERNELBASE.dll
0x00007fff719a0000 - 0x00007fff71a4c000 	C:\Windows\System32\ADVAPI32.dll
0x00007fff717f0000 - 0x00007fff7188e000 	C:\Windows\System32\msvcrt.dll
0x00007fff71a50000 - 0x00007fff71aec000 	C:\Windows\System32\sechost.dll
0x00007fff71520000 - 0x00007fff7164b000 	C:\Windows\System32\RPCRT4.dll
0x00007fff706f0000 - 0x00007fff70890000 	C:\Windows\System32\USER32.dll
0x00007fff70400000 - 0x00007fff70422000 	C:\Windows\System32\win32u.dll
0x00007fff71af0000 - 0x00007fff71b1a000 	C:\Windows\System32\GDI32.dll
0x00007fff70210000 - 0x00007fff7031b000 	C:\Windows\System32\gdi32full.dll
0x00007fff70430000 - 0x00007fff704cd000 	C:\Windows\System32\msvcp_win.dll
0x00007fff6fc30000 - 0x00007fff6fd30000 	C:\Windows\System32\ucrtbase.dll
0x00007fff56d70000 - 0x00007fff5700b000 	C:\Windows\WinSxS\amd64_microsoft.windows.common-controls_6595b64144ccf1df_6.0.19041.746_none_ca02b4b61b8320a4\COMCTL32.dll
0x00007fff70910000 - 0x00007fff70940000 	C:\Windows\System32\IMM32.DLL
0x00007fff483a0000 - 0x00007fff483b5000 	C:\Program Files\Java\jdk1.8.0_291\jre\bin\vcruntime140.dll
0x00007fff48300000 - 0x00007fff4839b000 	C:\Program Files\Java\jdk1.8.0_291\jre\bin\msvcp140.dll
0x0000000052db0000 - 0x0000000053610000 	C:\Program Files\Java\jdk1.8.0_291\jre\bin\server\jvm.dll
0x00007fff71090000 - 0x00007fff71098000 	C:\Windows\System32\PSAPI.DLL
0x00007fff54e00000 - 0x00007fff54e27000 	C:\Windows\SYSTEM32\WINMM.dll
0x00007fff69730000 - 0x00007fff6973a000 	C:\Windows\SYSTEM32\VERSION.dll
0x00007fff4d590000 - 0x00007fff4d599000 	C:\Windows\SYSTEM32\WSOCK32.dll
0x00007fff716b0000 - 0x00007fff7171b000 	C:\Windows\System32\WS2_32.dll
0x00007fff6dad0000 - 0x00007fff6dae2000 	C:\Windows\SYSTEM32\kernel.appcore.dll
0x00007fff493f0000 - 0x00007fff49400000 	C:\Program Files\Java\jdk1.8.0_291\jre\bin\verify.dll
0x00007fff47f30000 - 0x00007fff47f5b000 	C:\Program Files\Java\jdk1.8.0_291\jre\bin\java.dll
0x00007fff47ed0000 - 0x00007fff47ee8000 	C:\Program Files\Java\jdk1.8.0_291\jre\bin\zip.dll
0x00007fff70940000 - 0x00007fff71083000 	C:\Windows\System32\SHELL32.dll
0x00007fff6dcd0000 - 0x00007fff6e45f000 	C:\Windows\SYSTEM32\windows.storage.dll
0x00007fff710a0000 - 0x00007fff713f6000 	C:\Windows\System32\combase.dll
0x00007fff6f470000 - 0x00007fff6f49c000 	C:\Windows\SYSTEM32\Wldp.dll
0x00007fff720b0000 - 0x00007fff7215e000 	C:\Windows\System32\SHCORE.dll
0x00007fff72050000 - 0x00007fff720a5000 	C:\Windows\System32\shlwapi.dll
0x00007fff6fae0000 - 0x00007fff6fb06000 	C:\Windows\SYSTEM32\profapi.dll
0x00007fff48060000 - 0x00007fff4807c000 	C:\Program Files\Java\jdk1.8.0_291\jre\bin\net.dll
0x00007fff6f260000 - 0x00007fff6f2ca000 	C:\Windows\system32\mswsock.dll
0x00007fff44740000 - 0x00007fff44753000 	C:\Program Files\Java\jdk1.8.0_291\jre\bin\nio.dll
0x00007fff6f4b0000 - 0x00007fff6f4c8000 	C:\Windows\SYSTEM32\CRYPTSP.dll
0x00007fff6ec20000 - 0x00007fff6ec54000 	C:\Windows\system32\rsaenh.dll
0x00007fff703d0000 - 0x00007fff703f7000 	C:\Windows\System32\bcrypt.dll
0x00007fff6faa0000 - 0x00007fff6face000 	C:\Windows\SYSTEM32\USERENV.dll
0x00007fff6fbb0000 - 0x00007fff6fc30000 	C:\Windows\System32\bcryptprimitives.dll
0x00007fff6f3e0000 - 0x00007fff6f3ec000 	C:\Windows\SYSTEM32\CRYPTBASE.dll
0x00007fff6ef70000 - 0x00007fff6efab000 	C:\Windows\SYSTEM32\IPHLPAPI.DLL
0x00007fff70600000 - 0x00007fff70608000 	C:\Windows\System32\NSI.dll
0x00007fff6ad40000 - 0x00007fff6ad57000 	C:\Windows\SYSTEM32\dhcpcsvc6.DLL
0x00007fff6ad20000 - 0x00007fff6ad3d000 	C:\Windows\SYSTEM32\dhcpcsvc.DLL
0x00007fff6efb0000 - 0x00007fff6f07b000 	C:\Windows\SYSTEM32\DNSAPI.dll
0x00007fff43c50000 - 0x00007fff43c74000 	C:\Program Files\Java\jdk1.8.0_291\jre\bin\sunec.dll
0x00007fff4f5d0000 - 0x00007fff4f5e7000 	C:\Windows\system32\napinsp.dll
0x00007fff4f5b0000 - 0x00007fff4f5cb000 	C:\Windows\system32\pnrpnsp.dll
0x00007fff5c2a0000 - 0x00007fff5c2b5000 	C:\Windows\system32\wshbth.dll
0x00007fff6d120000 - 0x00007fff6d13d000 	C:\Windows\system32\NLAapi.dll
0x00007fff4cbf0000 - 0x00007fff4cc02000 	C:\Windows\System32\winrnr.dll
0x00007fff5d180000 - 0x00007fff5d18a000 	C:\Windows\System32\rasadhlp.dll
0x00007fff6b1b0000 - 0x00007fff6b22f000 	C:\Windows\System32\fwpuclnt.dll
0x00007fff4eb90000 - 0x00007fff4eb9d000 	C:\Program Files\Java\jdk1.8.0_291\jre\bin\sunmscapi.dll
0x00007fff6fd30000 - 0x00007fff6fe86000 	C:\Windows\System32\CRYPT32.dll
0x00007fff6f680000 - 0x00007fff6f6a7000 	C:\Windows\SYSTEM32\ncrypt.dll
0x00007fff6f640000 - 0x00007fff6f67b000 	C:\Windows\SYSTEM32\NTASN1.dll
0x00007fff3fac0000 - 0x00007fff3fc55000 	C:\Program Files\Java\jdk1.8.0_291\jre\bin\awt.dll
0x00007fff71720000 - 0x00007fff717ed000 	C:\Windows\System32\OLEAUT32.dll
0x00007fff6ce50000 - 0x00007fff6cee0000 	C:\Windows\SYSTEM32\apphelp.dll
0x00007fff59b40000 - 0x00007fff59d24000 	C:\Windows\SYSTEM32\dbghelp.dll

VM Arguments:
jvm_args: -Daction.aware.typeAhead=false -Dawt.toolkit=sun.awt.windows.WToolkit -Dcom.jetbrains.suppressWindowRaise=false -Dfile.encoding.pkg=sun.io -Dfile.separator=\ -Dide.native.launcher=true -Didea.active=true -Didea.cycle.buffer.size=1024 -Didea.dynamic.classpath=false -Didea.fatal.error.notification=disabled -Didea.jre.check=true -Didea.max.content.load.filesize=20000 -Didea.max.intellisense.filesize=2500 -Didea.no.launcher=false -Didea.paths.selector=IdeaIC2021.1 -Didea.platform.prefix=Idea -Didea.popup.weight=heavy -Didea.vendor.name=JetBrains -Didea.version=2021.1.1 -Didea.xdebug.key=-Xdebug -Dio.netty.allocator.cacheTrimIntervalMillis=600000 -Dio.netty.allocator.numDirectArenas=1 -Dio.netty.allocator.numHeapArenas=1 -Dio.netty.allocator.useCacheForAllThreads=false -Dio.netty.machineId=28:f0:76:ff:fe:16:65:0e -Dio.netty.processId=56772 -Dio.netty.serviceThreadPrefix=Netty  -Djava.awt.graphicsenv=sun.awt.Win32GraphicsEnvironment -Djava.awt.printerjob=sun.awt.windows.WPrinterJob -Djava.class.version=52.0 -Djava.endorsed.dirs=C:\Program Files\Java\jdk1.8.0_291\jre\lib\endorsed -Djava.ext.dirs=C:\Program Files\Java\jdk1.8.0_291\jre\lib\ext;C:\Windows\Sun\Java\lib\ext -Djava.home=C:\Program Files\Java\jdk1.8.0_291\jre -Djava.library.path=C:\Program Files\Java\jdk1.8.0_291\bin;C:\Windows\Sun\Java\bin;C:\Windows\system32;C:\Windows;C:\Python39\Scripts\;C:\Python39\;C:\Program Files (x86)\Common Files\Oracle\Java\javapath;C:\Windows\system32;C:\Windows;C:\Windows\System32\Wbem;C:\Windows\System32\WindowsPowerShell\v1.0\;C:\Windows\System32\OpenSSH\;C:\Program Files\Git\cmd;C:\Program Files\Docker\Docker\resources\bin;C:\ProgramData\DockerDesktop\version-bin;C:\Program Files\PuTTY\;C:\Gradle\gradle-7.0.2\bin;C:\Program Files\Java\jdk1.8.0_291\bin;C:\Program Files\nodejs\;C:\ProgramData\chocolatey\bin;C:\apache-maven-3.8.2\bin;C:\Program Files\Java\jdk1.8.0_291\bin;D:\Usuarios\analista.pruebas6\scoop\shims;C:\Program Files\MySQL\MySQL Shell 8.0\bin\;D:\Usuarios\analista.pruebas6\AppData\Local\Microsoft\WindowsApps;C:\Program Files\JetBrains\IntelliJ IDEA Community Edition 2021.1.1\bin;D:\Usuarios\analista.pruebas6\AppData\Local\Programs\Microsoft VS Code\bin;D:\Usuarios\analista.pruebas6\AppData\Roaming\npm;C:\allure-2.13.5\bin;;. -Djava.rmi.server.disableHttp=true -Djava.rmi.server.hostname=127.0.0.1 -Djava.runtime.name=OpenJDK Runtime Environment -Djava.runtime.version=1.8.0_291-b10 -Djava.security.manager=worker.org.gradle.process.internal.worker.child.BootstrapSecurityManager -Djava.specification.name=Java Platform API Specification -Djava.specification.vendor=Oracle Corporation -Djava.specification.version=1.8 -Djava.util.concurrent.ForkJoinPool.common.threadFactory=com.intellij.concurrency.IdeaForkJoinWorkerThreadFactory -Djava.vendor=Oracle Corporation -Djava.vendor.url=http://java.oracle.com/ -Djava.vendor.url.bug=https://bugreport.java.com/bugreport/ -Djava.vendor.version=JBR-11.0.10.9-1341.41-dcevm -Djava.version=1.8.0_291 -Djava.version.date=2021-01-19 -Djava.vm.compressedOopsMode=32-bit -Djava.vm.info=mixed mode -Djava.vm.name=Java HotSpot(TM) 64-Bit Server VM -Djava.vm.specification.name=Java Virtual Machine Specification -Djava.vm.specification.vendor=Oracle Corporation -Djava.vm.specification.version=1.8 -Djava.vm.vendor=Oracle Corporation -Djava.vm.version=25.291-b10 -Djavax.swing.rebaseCssSizeMap=true -Djb.vmOptionsFile=D:\Usuarios\analista.pruebas6\AppData\Roaming\JetBrains\IdeaIC2021.1\idea64.exe.vmoptions -Djdk.attach.allowAttachSelf=true -Djdk.debug=release -Djdk.http.auth.tunneling.disabledSchemes= -Djdk.module.illegalAccess.silent=true -Djna.loaded=true -Djna.nosys=true -Djna.tmpdir=D:\Usuarios\analista.pruebas6\AppData\Local\JetBrains\IdeaIC2021.1/tmp -Djnidispatch.path=D:\Usuarios\analista.pruebas6\AppData\Local\JetBrains\IdeaIC2021.1\tmp\jna13747590771681463705.dll -Dkotlinx.coroutines.debug=off -Dlibrary.jansi.path=D:\Usuarios\analista.pruebas6\.gradle\native\jansi\1.18\windows64 -Dline.separator=
 -Dlog4j.defaultInitOverride=true -Dorg.gradle.native=false -Dos.arch=amd64 -Dos.name=Windows 10 -Dos.version=10.0 -Dpath.separator=; -Dproject.build.directory=D:\Usuarios\analista.pruebas6\Documents\DigicreditoSerenity BDD -Dpty4j.preferred.native.folder=C:\Program Files\JetBrains\IntelliJ IDEA Community Edition 2021.1.1\lib\pty4j-native -Dpty4j.tmpdir=D:\Usuarios\analista.pruebas6\AppData\Local\JetBrains\IdeaIC2021.1/tmp -Dsun.arch.data.model=64 -Dsun.boot.class.path=C:\Program Files\Java\jdk1.8.0_291\jre\lib\resources.jar;C:\Program Files\Java\jdk1.8.0_291\jre\lib\rt.jar;C:\Program Files\Java\jdk1.8.0_291\jre\lib\sunrsasign.jar;C:\Program Files\Java\jdk1.8.0_291\jre\lib\jsse.jar;C:\Program Files\Java\jdk1.8.0_291\jre\lib\jce.jar;C:\Program Files\Java\jdk1.8.0_291\jre\lib\charsets.jar;C:\Program Files\Java\jdk1.8.0_291\jre\lib\jfr.jar;C:\Program Files\Java\jdk1.8.0_291\jre\classes -Dsun.boot.library.path=C:\Program Files\Java\jdk1.8.0_291\jre\bin -Dsun.cpu.endian=little -Dsun.cpu.isalist=amd64 -Dsun.desktop=windows -Dsun.io.unicode.encoding=UnicodeLittle -Dsun.jnu.encoding=Cp1252 -Dsun.management.compiler=HotSpot 64-Bit Tiered Compilers -Dsun.os.patch.level -Dswing.bufferPerWindow=false -Duser.dir=D:\Usuarios\analista.pruebas6\Documents\DigicreditoSerenity BDD -Duser.home=D:\Usuarios\analista.pruebas6 -Duser.name=analista.pruebas6 -Duser.script -Duser.timezone=America/Bogota -Dwinp.folder.preferred=D:\Usuarios\analista.pruebas6\AppData\Local\JetBrains\IdeaIC2021.1/tmp -Xmx512m -Dfile.encoding=Cp1252 -Djava.io.tmpdir=D:\Usuarios\analista.pruebas6\AppData\Local\Temp\ -Duser.country=CO -Duser.language=es -Duser.variant -ea 
java_command: worker.org.gradle.process.internal.worker.GradleWorkerMain 'Gradle Test Executor 5'
java_class_path (initial): D:\Usuarios\analista.pruebas6\.gradle\caches\6.3\workerMain\gradle-worker.jar
Launcher Type: SUN_STANDARD

Environment Variables:
JAVA_HOME=C:\Program Files\Java\jdk1.8.0_291
PATH=C:\Python39\Scripts\;C:\Python39\;C:\Program Files (x86)\Common Files\Oracle\Java\javapath;C:\Windows\system32;C:\Windows;C:\Windows\System32\Wbem;C:\Windows\System32\WindowsPowerShell\v1.0\;C:\Windows\System32\OpenSSH\;C:\Program Files\Git\cmd;C:\Program Files\Docker\Docker\resources\bin;C:\ProgramData\DockerDesktop\version-bin;C:\Program Files\PuTTY\;C:\Gradle\gradle-7.0.2\bin;C:\Program Files\Java\jdk1.8.0_291\bin;C:\Program Files\nodejs\;C:\ProgramData\chocolatey\bin;C:\apache-maven-3.8.2\bin;C:\Program Files\Java\jdk1.8.0_291\bin;D:\Usuarios\analista.pruebas6\scoop\shims;C:\Program Files\MySQL\MySQL Shell 8.0\bin\;D:\Usuarios\analista.pruebas6\AppData\Local\Microsoft\WindowsApps;C:\Program Files\JetBrains\IntelliJ IDEA Community Edition 2021.1.1\bin;D:\Usuarios\analista.pruebas6\AppData\Local\Programs\Microsoft VS Code\bin;D:\Usuarios\analista.pruebas6\AppData\Roaming\npm;C:\allure-2.13.5\bin;
USERNAME=analista.pruebas6
OS=Windows_NT
PROCESSOR_IDENTIFIER=Intel64 Family 6 Model 142 Stepping 12, GenuineIntel



---------------  S Y S T E M  ---------------

OS: Windows 10.0 , 64 bit Build 19041 (10.0.19041.662)

CPU:total 8 (initial active 8) (4 cores per cpu, 2 threads per core) family 6 model 142 stepping 12, cmov, cx8, fxsr, mmx, sse, sse2, sse3, ssse3, sse4.1, sse4.2, popcnt, avx, avx2, aes, clmul, erms, 3dnowpref, lzcnt, ht, tsc, tscinvbit, bmi1, bmi2, adx

Memory: 4k page, physical 16610856k(3567200k free), swap 47043796k(6364k free)

vm_info: Java HotSpot(TM) 64-Bit Server VM (25.291-b10) for windows-amd64 JRE (1.8.0_291-b10), built on Apr  9 2021 00:02:00 by "java_re" with MS VC++ 15.9 (VS2017)

time: Thu Jan 13 21:25:10 2022
timezone: Hora est. Pacífico, Sudamérica
elapsed time: 8.223136 seconds (0d 0h 0m 8s)

