#
# There is insufficient memory for the Java Runtime Environment to continue.
# Native memory allocation (malloc) failed to allocate 1048576 bytes for AllocateHeap
# Possible reasons:
#   The system is out of physical RAM or swap space
#   The process is running with CompressedOops enabled, and the Java Heap may be blocking the growth of the native heap
# Possible solutions:
#   Reduce memory load on the system
#   Increase physical memory or swap space
#   Check if swap backing store is full
#   Decrease Java heap size (-Xmx/-Xms)
#   Decrease number of Java threads
#   Decrease Java thread stack sizes (-Xss)
#   Set larger code cache with -XX:ReservedCodeCacheSize=
#   JVM is running with Unscaled Compressed Oops mode in which the Java heap is
#     placed in the first 4GB address space. The Java Heap base address is the
#     maximum limit for the native heap growth. Please use -XX:HeapBaseMinAddress
#     to set the Java Heap base and to place the Java Heap above 4GB virtual address.
# This output file may be truncated or incomplete.
#
#  Out of Memory Error (memory/allocation.inline.hpp:61), pid=18268, tid=0x00000000000038f4
#
# JRE version:  (8.0_291-b10) (build )
# Java VM: Java HotSpot(TM) 64-Bit Server VM (25.291-b10 mixed mode windows-amd64 compressed oops)
# Failed to write core dump. Minidumps are not enabled by default on client versions of Windows
#

---------------  T H R E A D  ---------------

Current thread (0x000002d1cbd16800):  JavaThread "Unknown thread" [_thread_in_vm, id=14580, stack(0x000000d414b00000,0x000000d414c00000)]

Stack: [0x000000d414b00000,0x000000d414c00000]
Native frames: (J=compiled Java code, j=interpreted, Vv=VM code, C=native code)
V  [jvm.dll+0x32ea19]
V  [jvm.dll+0x275462]
V  [jvm.dll+0x27610d]
V  [jvm.dll+0x26cb45]
V  [jvm.dll+0x509d]
V  [jvm.dll+0x3d2f93]
V  [jvm.dll+0x3d39a8]
V  [jvm.dll+0xfcaff]
V  [jvm.dll+0x209dfb]
V  [jvm.dll+0x238827]
V  [jvm.dll+0x1625b6]
C  [java.exe+0x2312]
C  [java.exe+0x15f54]
C  [KERNEL32.DLL+0x17034]
C  [ntdll.dll+0x4d0d1]


---------------  P R O C E S S  ---------------

Java Threads: ( => current thread )

Other Threads:

=>0x000002d1cbd16800 (exited) JavaThread "Unknown thread" [_thread_in_vm, id=14580, stack(0x000000d414b00000,0x000000d414c00000)]

VM state:not at safepoint (normal execution)

VM Mutex/Monitor currently owned by a thread: None

heap address: 0x00000000e0000000, size: 512 MB, Compressed Oops mode: 32-bit
Narrow klass base: 0x0000000000000000, Narrow klass shift: 3
Compressed class space size: 1073741824 Address: 0x0000000100000000

Heap:
 PSYoungGen      total 75776K, used 1300K [0x00000000f5580000, 0x00000000faa00000, 0x0000000100000000)
  eden space 65024K, 2% used [0x00000000f5580000,0x00000000f56c51f8,0x00000000f9500000)
  from space 10752K, 0% used [0x00000000f9f80000,0x00000000f9f80000,0x00000000faa00000)
  to   space 10752K, 0% used [0x00000000f9500000,0x00000000f9500000,0x00000000f9f80000)
 ParOldGen       total 173568K, used 0K [0x00000000e0000000, 0x00000000ea980000, 0x00000000f5580000)
  object space 173568K, 0% used [0x00000000e0000000,0x00000000e0000000,0x00000000ea980000)
 Metaspace       used 778K, capacity 4480K, committed 4480K, reserved 1056768K
  class space    used 76K, capacity 384K, committed 384K, reserved 1048576K

Card table byte_map: [0x000002d1dcbb0000,0x000002d1dccc0000] byte_map_base: 0x000002d1dc4b0000

Marking Bits: (ParMarkBitMap*) 0x0000000053597fe0
 Begin Bits: [0x000002d1dccc0000, 0x000002d1dd4c0000)
 End Bits:   [0x000002d1dd4c0000, 0x000002d1ddcc0000)

Polling page: 0x000002d1cbf40000

CodeCache: size=245760Kb used=328Kb max_used=328Kb free=245431Kb
 bounds [0x000002d1cd7f0000, 0x000002d1cda60000, 0x000002d1dc7f0000]
 total_blobs=58 nmethods=0 adapters=38
 compilation: enabled

Compilation events (0 events):
No events

GC Heap History (0 events):
No events

Deoptimization events (0 events):
No events

Classes redefined (0 events):
No events

Internal exceptions (0 events):
No events

Events (10 events):
Event: 0.020 loading class java/lang/Short
Event: 0.020 loading class java/lang/Short done
Event: 0.020 loading class java/lang/Integer
Event: 0.021 loading class java/lang/Integer done
Event: 0.021 loading class java/lang/Long
Event: 0.021 loading class java/lang/Long done
Event: 0.021 loading class java/lang/NullPointerException
Event: 0.021 loading class java/lang/NullPointerException done
Event: 0.021 loading class java/lang/ArithmeticException
Event: 0.021 loading class java/lang/ArithmeticException done


Dynamic libraries:
0x00007ff797260000 - 0x00007ff7972a7000 	C:\Program Files\Java\jdk1.8.0_291\bin\java.exe
0x00007fff72470000 - 0x00007fff72666000 	C:\Windows\SYSTEM32\ntdll.dll
0x00007fff71460000 - 0x00007fff7151d000 	C:\Windows\System32\KERNEL32.DLL
0x00007fff6fef0000 - 0x00007fff701b9000 	C:\Windows\System32\KERNELBASE.dll
0x00007fff719a0000 - 0x00007fff71a4c000 	C:\Windows\System32\ADVAPI32.dll
0x00007fff717f0000 - 0x00007fff7188e000 	C:\Windows\System32\msvcrt.dll
0x00007fff71a50000 - 0x00007fff71aec000 	C:\Windows\System32\sechost.dll
0x00007fff71520000 - 0x00007fff7164b000 	C:\Windows\System32\RPCRT4.dll
0x00007fff706f0000 - 0x00007fff70890000 	C:\Windows\System32\USER32.dll
0x00007fff70400000 - 0x00007fff70422000 	C:\Windows\System32\win32u.dll
0x00007fff71af0000 - 0x00007fff71b1a000 	C:\Windows\System32\GDI32.dll
0x00007fff70210000 - 0x00007fff7031b000 	C:\Windows\System32\gdi32full.dll
0x00007fff70430000 - 0x00007fff704cd000 	C:\Windows\System32\msvcp_win.dll
0x00007fff6fc30000 - 0x00007fff6fd30000 	C:\Windows\System32\ucrtbase.dll
0x00007fff56d70000 - 0x00007fff5700b000 	C:\Windows\WinSxS\amd64_microsoft.windows.common-controls_6595b64144ccf1df_6.0.19041.746_none_ca02b4b61b8320a4\COMCTL32.dll
0x00007fff70910000 - 0x00007fff70940000 	C:\Windows\System32\IMM32.DLL
0x00007fff483a0000 - 0x00007fff483b5000 	C:\Program Files\Java\jdk1.8.0_291\jre\bin\vcruntime140.dll
0x00007fff48300000 - 0x00007fff4839b000 	C:\Program Files\Java\jdk1.8.0_291\jre\bin\msvcp140.dll
0x0000000052db0000 - 0x0000000053610000 	C:\Program Files\Java\jdk1.8.0_291\jre\bin\server\jvm.dll
0x00007fff71090000 - 0x00007fff71098000 	C:\Windows\System32\PSAPI.DLL
0x00007fff54e00000 - 0x00007fff54e27000 	C:\Windows\SYSTEM32\WINMM.dll
0x00007fff69730000 - 0x00007fff6973a000 	C:\Windows\SYSTEM32\VERSION.dll
0x00007fff4d590000 - 0x00007fff4d599000 	C:\Windows\SYSTEM32\WSOCK32.dll
0x00007fff716b0000 - 0x00007fff7171b000 	C:\Windows\System32\WS2_32.dll
0x00007fff6dad0000 - 0x00007fff6dae2000 	C:\Windows\SYSTEM32\kernel.appcore.dll
0x00007fff493f0000 - 0x00007fff49400000 	C:\Program Files\Java\jdk1.8.0_291\jre\bin\verify.dll
0x00007fff47f30000 - 0x00007fff47f5b000 	C:\Program Files\Java\jdk1.8.0_291\jre\bin\java.dll
0x00007fff47ed0000 - 0x00007fff47ee8000 	C:\Program Files\Java\jdk1.8.0_291\jre\bin\zip.dll
0x00007fff59b40000 - 0x00007fff59d24000 	C:\Windows\SYSTEM32\dbghelp.dll
0x00007fff6fbb0000 - 0x00007fff6fc30000 	C:\Windows\System32\bcryptPrimitives.dll

VM Arguments:
jvm_args: -Daction.aware.typeAhead=false -Dawt.toolkit=sun.awt.windows.WToolkit -Dcom.jetbrains.suppressWindowRaise=false -Dfile.encoding.pkg=sun.io -Dfile.separator=\ -Dide.native.launcher=true -Didea.active=true -Didea.cycle.buffer.size=1024 -Didea.dynamic.classpath=false -Didea.fatal.error.notification=disabled -Didea.jre.check=true -Didea.max.content.load.filesize=20000 -Didea.max.intellisense.filesize=2500 -Didea.no.launcher=false -Didea.paths.selector=IdeaIC2021.1 -Didea.platform.prefix=Idea -Didea.popup.weight=heavy -Didea.vendor.name=JetBrains -Didea.version=2021.1.1 -Didea.xdebug.key=-Xdebug -Dio.netty.allocator.cacheTrimIntervalMillis=600000 -Dio.netty.allocator.numDirectArenas=1 -Dio.netty.allocator.numHeapArenas=1 -Dio.netty.allocator.useCacheForAllThreads=false -Dio.netty.machineId=28:f0:76:ff:fe:16:65:0e -Dio.netty.processId=56772 -Dio.netty.serviceThreadPrefix=Netty  -Djava.awt.graphicsenv=sun.awt.Win32GraphicsEnvironment -Djava.awt.printerjob=sun.awt.windows.WPrinterJob -Djava.class.version=52.0 -Djava.endorsed.dirs=C:\Program Files\Java\jdk1.8.0_291\jre\lib\endorsed -Djava.ext.dirs=C:\Program Files\Java\jdk1.8.0_291\jre\lib\ext;C:\Windows\Sun\Java\lib\ext -Djava.home=C:\Program Files\Java\jdk1.8.0_291\jre -Djava.library.path=C:\Program Files\Java\jdk1.8.0_291\bin;C:\Windows\Sun\Java\bin;C:\Windows\system32;C:\Windows;C:\Python39\Scripts\;C:\Python39\;C:\Program Files (x86)\Common Files\Oracle\Java\javapath;C:\Windows\system32;C:\Windows;C:\Windows\System32\Wbem;C:\Windows\System32\WindowsPowerShell\v1.0\;C:\Windows\System32\OpenSSH\;C:\Program Files\Git\cmd;C:\Program Files\Docker\Docker\resources\bin;C:\ProgramData\DockerDesktop\version-bin;C:\Program Files\PuTTY\;C:\Gradle\gradle-7.0.2\bin;C:\Program Files\Java\jdk1.8.0_291\bin;C:\Program Files\nodejs\;C:\ProgramData\chocolatey\bin;C:\apache-maven-3.8.2\bin;C:\Program Files\Java\jdk1.8.0_291\bin;D:\Usuarios\analista.pruebas6\scoop\shims;C:\Program Files\MySQL\MySQL Shell 8.0\bin\;D:\Usuarios\analista.pruebas6\AppData\Local\Microsoft\WindowsApps;C:\Program Files\JetBrains\IntelliJ IDEA Community Edition 2021.1.1\bin;D:\Usuarios\analista.pruebas6\AppData\Local\Programs\Microsoft VS Code\bin;D:\Usuarios\analista.pruebas6\AppData\Roaming\npm;C:\allure-2.13.5\bin;;. -Djava.rmi.server.disableHttp=true -Djava.rmi.server.hostname=127.0.0.1 -Djava.runtime.name=OpenJDK Runtime Environment -Djava.runtime.version=1.8.0_291-b10 -Djava.security.manager=worker.org.gradle.process.internal.worker.child.BootstrapSecurityManager -Djava.specification.name=Java Platform API Specification -Djava.specification.vendor=Oracle Corporation -Djava.specification.version=1.8 -Djava.util.concurrent.ForkJoinPool.common.threadFactory=com.intellij.concurrency.IdeaForkJoinWorkerThreadFactory -Djava.vendor=Oracle Corporation -Djava.vendor.url=http://java.oracle.com/ -Djava.vendor.url.bug=https://bugreport.java.com/bugreport/ -Djava.vendor.version=JBR-11.0.10.9-1341.41-dcevm -Djava.version=1.8.0_291 -Djava.version.date=2021-01-19 -Djava.vm.compressedOopsMode=32-bit -Djava.vm.info=mixed mode -Djava.vm.name=Java HotSpot(TM) 64-Bit Server VM -Djava.vm.specification.name=Java Virtual Machine Specification -Djava.vm.specification.vendor=Oracle Corporation -Djava.vm.specification.version=1.8 -Djava.vm.vendor=Oracle Corporation -Djava.vm.version=25.291-b10 -Djavax.swing.rebaseCssSizeMap=true -Djb.vmOptionsFile=D:\Usuarios\analista.pruebas6\AppData\Roaming\JetBrains\IdeaIC2021.1\idea64.exe.vmoptions -Djdk.attach.allowAttachSelf=true -Djdk.debug=release -Djdk.http.auth.tunneling.disabledSchemes= -Djdk.module.illegalAccess.silent=true -Djna.loaded=true -Djna.nosys=true -Djna.tmpdir=D:\Usuarios\analista.pruebas6\AppData\Local\JetBrains\IdeaIC2021.1/tmp -Djnidispatch.path=D:\Usuarios\analista.pruebas6\AppData\Local\JetBrains\IdeaIC2021.1\tmp\jna13747590771681463705.dll -Dkotlinx.coroutines.debug=off -Dlibrary.jansi.path=D:\Usuarios\analista.pruebas6\.gradle\native\jansi\1.18\windows64 -Dline.separator=
 -Dlog4j.defaultInitOverride=true -Dorg.gradle.native=false -Dos.arch=amd64 -Dos.name=Windows 10 -Dos.version=10.0 -Dpath.separator=; -Dproject.build.directory=D:\Usuarios\analista.pruebas6\Documents\DigicreditoSerenity BDD -Dpty4j.preferred.native.folder=C:\Program Files\JetBrains\IntelliJ IDEA Community Edition 2021.1.1\lib\pty4j-native -Dpty4j.tmpdir=D:\Usuarios\analista.pruebas6\AppData\Local\JetBrains\IdeaIC2021.1/tmp -Dsun.arch.data.model=64 -Dsun.boot.class.path=C:\Program Files\Java\jdk1.8.0_291\jre\lib\resources.jar;C:\Program Files\Java\jdk1.8.0_291\jre\lib\rt.jar;C:\Program Files\Java\jdk1.8.0_291\jre\lib\sunrsasign.jar;C:\Program Files\Java\jdk1.8.0_291\jre\lib\jsse.jar;C:\Program Files\Java\jdk1.8.0_291\jre\lib\jce.jar;C:\Program Files\Java\jdk1.8.0_291\jre\lib\charsets.jar;C:\Program Files\Java\jdk1.8.0_291\jre\lib\jfr.jar;C:\Program Files\Java\jdk1.8.0_291\jre\classes -Dsun.boot.library.path=C:\Program Files\Java\jdk1.8.0_291\jre\bin -Dsun.cpu.endian=little -Dsun.cpu.isalist=amd64 -Dsun.desktop=windows -Dsun.io.unicode.encoding=UnicodeLittle -Dsun.jnu.encoding=Cp1252 -Dsun.management.compiler=HotSpot 64-Bit Tiered Compilers -Dsun.os.patch.level -Dswing.bufferPerWindow=false -Duser.dir=D:\Usuarios\analista.pruebas6\Documents\DigicreditoSerenity BDD -Duser.home=D:\Usuarios\analista.pruebas6 -Duser.name=analista.pruebas6 -Duser.script -Duser.timezone=America/Bogota -Dwinp.folder.preferred=D:\Usuarios\analista.pruebas6\AppData\Local\JetBrains\IdeaIC2021.1/tmp -Xmx512m -Dfile.encoding=Cp1252 -Djava.io.tmpdir=D:\Usuarios\analista.pruebas6\AppData\Local\Temp\ -Duser.country=CO -Duser.language=es -Duser.variant -ea 
java_command: worker.org.gradle.process.internal.worker.GradleWorkerMain 'Gradle Test Executor 2'
java_class_path (initial): D:\Usuarios\analista.pruebas6\.gradle\caches\6.3\workerMain\gradle-worker.jar
Launcher Type: SUN_STANDARD

Environment Variables:
JAVA_HOME=C:\Program Files\Java\jdk1.8.0_291
PATH=C:\Python39\Scripts\;C:\Python39\;C:\Program Files (x86)\Common Files\Oracle\Java\javapath;C:\Windows\system32;C:\Windows;C:\Windows\System32\Wbem;C:\Windows\System32\WindowsPowerShell\v1.0\;C:\Windows\System32\OpenSSH\;C:\Program Files\Git\cmd;C:\Program Files\Docker\Docker\resources\bin;C:\ProgramData\DockerDesktop\version-bin;C:\Program Files\PuTTY\;C:\Gradle\gradle-7.0.2\bin;C:\Program Files\Java\jdk1.8.0_291\bin;C:\Program Files\nodejs\;C:\ProgramData\chocolatey\bin;C:\apache-maven-3.8.2\bin;C:\Program Files\Java\jdk1.8.0_291\bin;D:\Usuarios\analista.pruebas6\scoop\shims;C:\Program Files\MySQL\MySQL Shell 8.0\bin\;D:\Usuarios\analista.pruebas6\AppData\Local\Microsoft\WindowsApps;C:\Program Files\JetBrains\IntelliJ IDEA Community Edition 2021.1.1\bin;D:\Usuarios\analista.pruebas6\AppData\Local\Programs\Microsoft VS Code\bin;D:\Usuarios\analista.pruebas6\AppData\Roaming\npm;C:\allure-2.13.5\bin;
USERNAME=analista.pruebas6
OS=Windows_NT
PROCESSOR_IDENTIFIER=Intel64 Family 6 Model 142 Stepping 12, GenuineIntel



---------------  S Y S T E M  ---------------

OS: Windows 10.0 , 64 bit Build 19041 (10.0.19041.662)

CPU:total 8 (initial active 8) (4 cores per cpu, 2 threads per core) family 6 model 142 stepping 12, cmov, cx8, fxsr, mmx, sse, sse2, sse3, ssse3, sse4.1, sse4.2, popcnt, avx, avx2, aes, clmul, erms, 3dnowpref, lzcnt, ht, tsc, tscinvbit, bmi1, bmi2, adx

Memory: 4k page, physical 16610856k(4868444k free), swap 47043796k(5476k free)

vm_info: Java HotSpot(TM) 64-Bit Server VM (25.291-b10) for windows-amd64 JRE (1.8.0_291-b10), built on Apr  9 2021 00:02:00 by "java_re" with MS VC++ 15.9 (VS2017)

time: Fri Jan 14 14:17:52 2022
timezone: Hora est. Pacífico, Sudamérica
elapsed time: 0.033752 seconds (0d 0h 0m 0s)

