#
# There is insufficient memory for the Java Runtime Environment to continue.
# Native memory allocation (malloc) failed to allocate 1009920 bytes for Chunk::new
# Possible reasons:
#   The system is out of physical RAM or swap space
#   The process is running with CompressedOops enabled, and the Java Heap may be blocking the growth of the native heap
# Possible solutions:
#   Reduce memory load on the system
#   Increase physical memory or swap space
#   Check if swap backing store is full
#   Decrease Java heap size (-Xmx/-Xms)
#   Decrease number of Java threads
#   Decrease Java thread stack sizes (-Xss)
#   Set larger code cache with -XX:ReservedCodeCacheSize=
#   JVM is running with Unscaled Compressed Oops mode in which the Java heap is
#     placed in the first 4GB address space. The Java Heap base address is the
#     maximum limit for the native heap growth. Please use -XX:HeapBaseMinAddress
#     to set the Java Heap base and to place the Java Heap above 4GB virtual address.
# This output file may be truncated or incomplete.
#
#  Out of Memory Error (allocation.cpp:389), pid=14608, tid=0x0000000000004604
#
# JRE version: Java(TM) SE Runtime Environment (8.0_291-b10) (build 1.8.0_291-b10)
# Java VM: Java HotSpot(TM) 64-Bit Server VM (25.291-b10 mixed mode windows-amd64 compressed oops)
# Failed to write core dump. Minidumps are not enabled by default on client versions of Windows
#

---------------  T H R E A D  ---------------

Current thread (0x0000017ca9893000):  JavaThread "C2 CompilerThread0" daemon [_thread_in_native, id=17924, stack(0x0000004150000000,0x0000004150100000)]

Stack: [0x0000004150000000,0x0000004150100000]
Native frames: (J=compiled Java code, j=interpreted, Vv=VM code, C=native code)
V  [jvm.dll+0x32ea19]
V  [jvm.dll+0x275462]
V  [jvm.dll+0x27610d]
V  [jvm.dll+0x26cb45]
V  [jvm.dll+0xd524c]
V  [jvm.dll+0xd5a4c]
V  [jvm.dll+0x46fd95]
V  [jvm.dll+0x437a08]
V  [jvm.dll+0x440855]
V  [jvm.dll+0x43fc15]
V  [jvm.dll+0x42aa57]
V  [jvm.dll+0xabeeb]
V  [jvm.dll+0xaa54b]
V  [jvm.dll+0x23db02]
V  [jvm.dll+0x29210c]
C  [ucrtbase.dll+0x214c2]
C  [KERNEL32.DLL+0x17034]
C  [ntdll.dll+0x4d0d1]


Current CompileTask:
C2:  12717 4364       4       com.sun.imageio.plugins.png.PNGImageWriter::encodePass (1063 bytes)


---------------  P R O C E S S  ---------------

Java Threads: ( => current thread )
  0x0000017cadac7800 JavaThread "Java2D Disposer" daemon [_thread_blocked, id=11320, stack(0x0000004151800000,0x0000004151900000)]
  0x0000017cadac7000 JavaThread "Darkroom Processing Line" daemon [_thread_blocked, id=9932, stack(0x0000004151700000,0x0000004151800000)]
  0x0000017cadac9000 JavaThread "Okio Watchdog" daemon [_thread_blocked, id=15296, stack(0x0000004151600000,0x0000004151700000)]
  0x0000017cadac4800 JavaThread "OkHttp ConnectionPool" daemon [_thread_blocked, id=17888, stack(0x0000004151500000,0x0000004151600000)]
  0x0000017cabf6c000 JavaThread "Exec Stream Pumper" daemon [_thread_in_native, id=8652, stack(0x0000004151300000,0x0000004151400000)]
  0x0000017cabf6b800 JavaThread "Exec Stream Pumper" daemon [_thread_in_native, id=936, stack(0x0000004151200000,0x0000004151300000)]
  0x0000017cabf69000 JavaThread "UrlChecker-2" daemon [_thread_blocked, id=18172, stack(0x0000004151100000,0x0000004151200000)]
  0x0000017cabf68800 JavaThread "Exec Default Executor" daemon [_thread_in_native, id=14684, stack(0x0000004150a00000,0x0000004150b00000)]
  0x0000017cabf6f000 JavaThread "ForkJoinPool.commonPool-worker-7" daemon [_thread_blocked, id=10304, stack(0x0000004151000000,0x0000004151100000)]
  0x0000017cabf6d800 JavaThread "ForkJoinPool.commonPool-worker-6" daemon [_thread_blocked, id=3648, stack(0x0000004150f00000,0x0000004151000000)]
  0x0000017cabf6e800 JavaThread "ForkJoinPool.commonPool-worker-5" daemon [_thread_blocked, id=16116, stack(0x0000004150e00000,0x0000004150f00000)]
  0x0000017cabf6a800 JavaThread "ForkJoinPool.commonPool-worker-4" daemon [_thread_blocked, id=3264, stack(0x0000004150d00000,0x0000004150e00000)]
  0x0000017cabf6d000 JavaThread "ForkJoinPool.commonPool-worker-3" daemon [_thread_blocked, id=3376, stack(0x0000004150c00000,0x0000004150d00000)]
  0x0000017caac48800 JavaThread "/127.0.0.1:56096 to /127.0.0.1:56095 workers Thread 3" [_thread_in_native, id=12656, stack(0x0000004150900000,0x0000004150a00000)]
  0x0000017caac47800 JavaThread "/127.0.0.1:56096 to /127.0.0.1:56095 workers Thread 2" [_thread_blocked, id=15548, stack(0x0000004150800000,0x0000004150900000)]
  0x0000017cab0aa000 JavaThread "Test worker" [_thread_in_native, id=8356, stack(0x0000004150700000,0x0000004150800000)]
  0x0000017ca9940800 JavaThread "Service Thread" daemon [_thread_blocked, id=19056, stack(0x0000004150400000,0x0000004150500000)]
  0x0000017ca98a7800 JavaThread "C1 CompilerThread3" daemon [_thread_blocked, id=11960, stack(0x0000004150300000,0x0000004150400000)]
  0x0000017ca9897800 JavaThread "C2 CompilerThread2" daemon [_thread_blocked, id=10444, stack(0x0000004150200000,0x0000004150300000)]
  0x0000017ca9897000 JavaThread "C2 CompilerThread1" daemon [_thread_in_native, id=9904, stack(0x0000004150100000,0x0000004150200000)]
=>0x0000017ca9893000 JavaThread "C2 CompilerThread0" daemon [_thread_in_native, id=17924, stack(0x0000004150000000,0x0000004150100000)]
  0x0000017ca793e000 JavaThread "Attach Listener" daemon [_thread_blocked, id=18280, stack(0x000000414ff00000,0x0000004150000000)]
  0x0000017ca793d000 JavaThread "Signal Dispatcher" daemon [_thread_blocked, id=17976, stack(0x000000414fe00000,0x000000414ff00000)]
  0x0000017ca78aa000 JavaThread "Finalizer" daemon [_thread_blocked, id=8416, stack(0x000000414fd00000,0x000000414fe00000)]
  0x0000017ca789a000 JavaThread "Reference Handler" daemon [_thread_blocked, id=18568, stack(0x000000414fc00000,0x000000414fd00000)]
  0x0000017c94db5800 JavaThread "main" [_thread_blocked, id=7696, stack(0x000000414f200000,0x000000414f300000)]

Other Threads:
  0x0000017ca773e000 VMThread [stack: 0x000000414fb00000,0x000000414fc00000] [id=8480]
  0x0000017ca98c0000 WatcherThread [stack: 0x0000004150500000,0x0000004150600000] [id=16004]

VM state:not at safepoint (normal execution)

VM Mutex/Monitor currently owned by a thread: None

heap address: 0x00000000e0000000, size: 512 MB, Compressed Oops mode: 32-bit
Narrow klass base: 0x0000000000000000, Narrow klass shift: 3
Compressed class space size: 1073741824 Address: 0x0000000100000000

Heap:
 PSYoungGen      total 162816K, used 30316K [0x00000000f5580000, 0x0000000100000000, 0x0000000100000000)
  eden space 151040K, 17% used [0x00000000f5580000,0x00000000f6f9a430,0x00000000fe900000)
  from space 11776K, 30% used [0x00000000ff480000,0x00000000ff800d60,0x0000000100000000)
  to   space 11776K, 0% used [0x00000000fe900000,0x00000000fe900000,0x00000000ff480000)
 ParOldGen       total 174080K, used 11399K [0x00000000e0000000, 0x00000000eaa00000, 0x00000000f5580000)
  object space 174080K, 6% used [0x00000000e0000000,0x00000000e0b21f38,0x00000000eaa00000)
 Metaspace       used 45561K, capacity 47600K, committed 47704K, reserved 1089536K
  class space    used 6289K, capacity 6752K, committed 6784K, reserved 1048576K

Card table byte_map: [0x0000017ca5c30000,0x0000017ca5d40000] byte_map_base: 0x0000017ca5530000

Marking Bits: (ParMarkBitMap*) 0x0000000053597fe0
 Begin Bits: [0x0000017ca5d40000, 0x0000017ca6540000)
 End Bits:   [0x0000017ca6540000, 0x0000017ca6d40000)

Polling page: 0x0000017c94fd0000

CodeCache: size=245760Kb used=12370Kb max_used=14116Kb free=233389Kb
 bounds [0x0000017c96870000, 0x0000017c97670000, 0x0000017ca5870000]
 total_blobs=4387 nmethods=3829 adapters=470
 compilation: enabled

Compilation events (10 events):
Event: 12.658 Thread 0x0000017ca9897000 4403       4       java.lang.ClassLoader::checkPackageAccess (111 bytes)
Event: 12.658 Thread 0x0000017ca9897000 nmethod 4403 0x0000017c96fa8650 code [0x0000017c96fa8780, 0x0000017c96fa8818]
Event: 12.676 Thread 0x0000017ca9897800 4404       4       java.util.regex.Pattern$TreeInfo::reset (21 bytes)
Event: 12.676 Thread 0x0000017ca98a7800 4405       3       java.util.regex.Pattern$BranchConn::study (5 bytes)
Event: 12.676 Thread 0x0000017ca98a7800 nmethod 4405 0x0000017c96dc2e90 code [0x0000017c96dc2fe0, 0x0000017c96dc3138]
Event: 12.676 Thread 0x0000017ca9897800 nmethod 4404 0x0000017c96e2c450 code [0x0000017c96e2c580, 0x0000017c96e2c5f8]
Event: 12.692 Thread 0x0000017ca98a7800 4406       3       java.util.BitSet::set (58 bytes)
Event: 12.692 Thread 0x0000017ca98a7800 nmethod 4406 0x0000017c97301290 code [0x0000017c973014a0, 0x0000017c97301ec0]
Event: 12.692 Thread 0x0000017ca98a7800 4407       3       java.util.BitSet::expandTo (23 bytes)
Event: 12.692 Thread 0x0000017ca98a7800 nmethod 4407 0x0000017c96dc2a90 code [0x0000017c96dc2c00, 0x0000017c96dc2df0]

GC Heap History (10 events):
Event: 3.864 GC heap before
{Heap before GC invocations=8 (full 2):
 PSYoungGen      total 100352K, used 89600K [0x00000000f5580000, 0x00000000fef00000, 0x0000000100000000)
  eden space 89600K, 100% used [0x00000000f5580000,0x00000000fad00000,0x00000000fad00000)
  from space 10752K, 0% used [0x00000000fad00000,0x00000000fad00000,0x00000000fb780000)
  to   space 11264K, 0% used [0x00000000fe400000,0x00000000fe400000,0x00000000fef00000)
 ParOldGen       total 174080K, used 11359K [0x00000000e0000000, 0x00000000eaa00000, 0x00000000f5580000)
  object space 174080K, 6% used [0x00000000e0000000,0x00000000e0b17f38,0x00000000eaa00000)
 Metaspace       used 40113K, capacity 41612K, committed 41816K, reserved 1085440K
  class space    used 5571K, capacity 5922K, committed 6016K, reserved 1048576K
Event: 3.868 GC heap after
Heap after GC invocations=8 (full 2):
 PSYoungGen      total 131584K, used 6295K [0x00000000f5580000, 0x00000000fea80000, 0x0000000100000000)
  eden space 124928K, 0% used [0x00000000f5580000,0x00000000f5580000,0x00000000fcf80000)
  from space 6656K, 94% used [0x00000000fe400000,0x00000000fea25f18,0x00000000fea80000)
  to   space 11264K, 0% used [0x00000000fd480000,0x00000000fd480000,0x00000000fdf80000)
 ParOldGen       total 174080K, used 11367K [0x00000000e0000000, 0x00000000eaa00000, 0x00000000f5580000)
  object space 174080K, 6% used [0x00000000e0000000,0x00000000e0b19f38,0x00000000eaa00000)
 Metaspace       used 40113K, capacity 41612K, committed 41816K, reserved 1085440K
  class space    used 5571K, capacity 5922K, committed 6016K, reserved 1048576K
}
Event: 8.052 GC heap before
{Heap before GC invocations=9 (full 2):
 PSYoungGen      total 131584K, used 131223K [0x00000000f5580000, 0x00000000fea80000, 0x0000000100000000)
  eden space 124928K, 100% used [0x00000000f5580000,0x00000000fcf80000,0x00000000fcf80000)
  from space 6656K, 94% used [0x00000000fe400000,0x00000000fea25f18,0x00000000fea80000)
  to   space 11264K, 0% used [0x00000000fd480000,0x00000000fd480000,0x00000000fdf80000)
 ParOldGen       total 174080K, used 11367K [0x00000000e0000000, 0x00000000eaa00000, 0x00000000f5580000)
  object space 174080K, 6% used [0x00000000e0000000,0x00000000e0b19f38,0x00000000eaa00000)
 Metaspace       used 44473K, capacity 46422K, committed 46552K, reserved 1089536K
  class space    used 6142K, capacity 6573K, committed 6656K, reserved 1048576K
Event: 8.057 GC heap after
Heap after GC invocations=9 (full 2):
 PSYoungGen      total 141312K, used 5079K [0x00000000f5580000, 0x0000000100000000, 0x0000000100000000)
  eden space 130048K, 0% used [0x00000000f5580000,0x00000000f5580000,0x00000000fd480000)
  from space 11264K, 45% used [0x00000000fd480000,0x00000000fd975fb0,0x00000000fdf80000)
  to   space 11264K, 0% used [0x00000000ff500000,0x00000000ff500000,0x0000000100000000)
 ParOldGen       total 174080K, used 11375K [0x00000000e0000000, 0x00000000eaa00000, 0x00000000f5580000)
  object space 174080K, 6% used [0x00000000e0000000,0x00000000e0b1bf38,0x00000000eaa00000)
 Metaspace       used 44473K, capacity 46422K, committed 46552K, reserved 1089536K
  class space    used 6142K, capacity 6573K, committed 6656K, reserved 1048576K
}
Event: 8.548 GC heap before
{Heap before GC invocations=10 (full 2):
 PSYoungGen      total 141312K, used 135127K [0x00000000f5580000, 0x0000000100000000, 0x0000000100000000)
  eden space 130048K, 100% used [0x00000000f5580000,0x00000000fd480000,0x00000000fd480000)
  from space 11264K, 45% used [0x00000000fd480000,0x00000000fd975fb0,0x00000000fdf80000)
  to   space 11264K, 0% used [0x00000000ff500000,0x00000000ff500000,0x0000000100000000)
 ParOldGen       total 174080K, used 11375K [0x00000000e0000000, 0x00000000eaa00000, 0x00000000f5580000)
  object space 174080K, 6% used [0x00000000e0000000,0x00000000e0b1bf38,0x00000000eaa00000)
 Metaspace       used 44559K, capacity 46600K, committed 46808K, reserved 1089536K
  class space    used 6149K, capacity 6610K, committed 6656K, reserved 1048576K
Event: 8.552 GC heap after
Heap after GC invocations=10 (full 2):
 PSYoungGen      total 162304K, used 3484K [0x00000000f5580000, 0x0000000100000000, 0x0000000100000000)
  eden space 151040K, 0% used [0x00000000f5580000,0x00000000f5580000,0x00000000fe900000)
  from space 11264K, 30% used [0x00000000ff500000,0x00000000ff8670a0,0x0000000100000000)
  to   space 11776K, 0% used [0x00000000fe900000,0x00000000fe900000,0x00000000ff480000)
 ParOldGen       total 174080K, used 11383K [0x00000000e0000000, 0x00000000eaa00000, 0x00000000f5580000)
  object space 174080K, 6% used [0x00000000e0000000,0x00000000e0b1df38,0x00000000eaa00000)
 Metaspace       used 44559K, capacity 46600K, committed 46808K, reserved 1089536K
  class space    used 6149K, capacity 6610K, committed 6656K, reserved 1048576K
}
Event: 11.325 GC heap before
{Heap before GC invocations=11 (full 2):
 PSYoungGen      total 162304K, used 154524K [0x00000000f5580000, 0x0000000100000000, 0x0000000100000000)
  eden space 151040K, 100% used [0x00000000f5580000,0x00000000fe900000,0x00000000fe900000)
  from space 11264K, 30% used [0x00000000ff500000,0x00000000ff8670a0,0x0000000100000000)
  to   space 11776K, 0% used [0x00000000fe900000,0x00000000fe900000,0x00000000ff480000)
 ParOldGen       total 174080K, used 11383K [0x00000000e0000000, 0x00000000eaa00000, 0x00000000f5580000)
  object space 174080K, 6% used [0x00000000e0000000,0x00000000e0b1df38,0x00000000eaa00000)
 Metaspace       used 44638K, capacity 46628K, committed 46808K, reserved 1089536K
  class space    used 6158K, capacity 6620K, committed 6656K, reserved 1048576K
Event: 11.328 GC heap after
Heap after GC invocations=11 (full 2):
 PSYoungGen      total 162816K, used 5157K [0x00000000f5580000, 0x0000000100000000, 0x0000000100000000)
  eden space 151040K, 0% used [0x00000000f5580000,0x00000000f5580000,0x00000000fe900000)
  from space 11776K, 43% used [0x00000000fe900000,0x00000000fee095a0,0x00000000ff480000)
  to   space 11776K, 0% used [0x00000000ff480000,0x00000000ff480000,0x0000000100000000)
 ParOldGen       total 174080K, used 11391K [0x00000000e0000000, 0x00000000eaa00000, 0x00000000f5580000)
  object space 174080K, 6% used [0x00000000e0000000,0x00000000e0b1ff38,0x00000000eaa00000)
 Metaspace       used 44638K, capacity 46628K, committed 46808K, reserved 1089536K
  class space    used 6158K, capacity 6620K, committed 6656K, reserved 1048576K
}
Event: 12.597 GC heap before
{Heap before GC invocations=12 (full 2):
 PSYoungGen      total 162816K, used 156197K [0x00000000f5580000, 0x0000000100000000, 0x0000000100000000)
  eden space 151040K, 100% used [0x00000000f5580000,0x00000000fe900000,0x00000000fe900000)
  from space 11776K, 43% used [0x00000000fe900000,0x00000000fee095a0,0x00000000ff480000)
  to   space 11776K, 0% used [0x00000000ff480000,0x00000000ff480000,0x0000000100000000)
 ParOldGen       total 174080K, used 11391K [0x00000000e0000000, 0x00000000eaa00000, 0x00000000f5580000)
  object space 174080K, 6% used [0x00000000e0000000,0x00000000e0b1ff38,0x00000000eaa00000)
 Metaspace       used 44680K, capacity 46762K, committed 46808K, reserved 1089536K
  class space    used 6158K, capacity 6621K, committed 6656K, reserved 1048576K
Event: 12.600 GC heap after
Heap after GC invocations=12 (full 2):
 PSYoungGen      total 162816K, used 3587K [0x00000000f5580000, 0x0000000100000000, 0x0000000100000000)
  eden space 151040K, 0% used [0x00000000f5580000,0x00000000f5580000,0x00000000fe900000)
  from space 11776K, 30% used [0x00000000ff480000,0x00000000ff800d60,0x0000000100000000)
  to   space 11776K, 0% used [0x00000000fe900000,0x00000000fe900000,0x00000000ff480000)
 ParOldGen       total 174080K, used 11399K [0x00000000e0000000, 0x00000000eaa00000, 0x00000000f5580000)
  object space 174080K, 6% used [0x00000000e0000000,0x00000000e0b21f38,0x00000000eaa00000)
 Metaspace       used 44680K, capacity 46762K, committed 46808K, reserved 1089536K
  class space    used 6158K, capacity 6621K, committed 6656K, reserved 1048576K
}

Deoptimization events (10 events):
Event: 7.992 Thread 0x0000017cab0aa000 Uncommon trap: reason=bimorphic action=maybe_recompile pc=0x0000017c974e21f4 method=com.google.common.collect.RegularImmutableMap.get(Ljava/lang/Object;[Lcom/google/common/collect/ImmutableMapEntry;I)Ljava/lang/Object; @ 11
Event: 7.992 Thread 0x0000017cab0aa000 Uncommon trap: reason=bimorphic action=maybe_recompile pc=0x0000017c974e21f4 method=com.google.common.collect.RegularImmutableMap.get(Ljava/lang/Object;[Lcom/google/common/collect/ImmutableMapEntry;I)Ljava/lang/Object; @ 11
Event: 8.287 Thread 0x0000017cab0aa000 Uncommon trap: reason=bimorphic action=maybe_recompile pc=0x0000017c971b3094 method=java.util.Hashtable.put(Ljava/lang/Object;Ljava/lang/Object;)Ljava/lang/Object; @ 18
Event: 8.399 Thread 0x0000017cab0aa000 Uncommon trap: reason=unstable_if action=reinterpret pc=0x0000017c9758373c method=com.sun.imageio.plugins.png.PNGImageWriter.encodePass(Ljavax/imageio/stream/ImageOutputStream;Ljava/awt/image/RenderedImage;IIII)V @ 303
Event: 8.422 Thread 0x0000017cab0aa000 Uncommon trap: reason=bimorphic action=maybe_recompile pc=0x0000017c974e21f4 method=com.google.common.collect.RegularImmutableMap.get(Ljava/lang/Object;[Lcom/google/common/collect/ImmutableMapEntry;I)Ljava/lang/Object; @ 11
Event: 10.508 Thread 0x0000017cab0aa000 Uncommon trap: reason=unstable_if action=reinterpret pc=0x0000017c97635918 method=java.util.Base64$Decoder.decode0([BII[B)I @ 67
Event: 10.509 Thread 0x0000017cab0aa000 Uncommon trap: reason=bimorphic action=maybe_recompile pc=0x0000017c971b3094 method=java.util.Hashtable.put(Ljava/lang/Object;Ljava/lang/Object;)Ljava/lang/Object; @ 18
Event: 10.909 Thread 0x0000017cab0aa000 Uncommon trap: reason=bimorphic action=maybe_recompile pc=0x0000017c971b3094 method=java.util.Hashtable.put(Ljava/lang/Object;Ljava/lang/Object;)Ljava/lang/Object; @ 18
Event: 12.564 Thread 0x0000017cab0aa000 Uncommon trap: reason=predicate action=maybe_recompile pc=0x0000017c96a05574 method=java.util.stream.ReferencePipeline.forEachWithCancel(Ljava/util/Spliterator;Ljava/util/stream/Sink;)V @ 9
Event: 12.566 Thread 0x0000017cab0aa000 Uncommon trap: reason=predicate action=maybe_recompile pc=0x0000017c975e23ac method=java.util.stream.ReferencePipeline.forEachWithCancel(Ljava/util/Spliterator;Ljava/util/stream/Sink;)V @ 9

Classes redefined (0 events):
No events

Internal exceptions (10 events):
Event: 11.500 Thread 0x0000017cadac7000 Exception <a 'sun/nio/fs/WindowsException'> (0x00000000f7c576e8) thrown at [C:\jenkins\workspace\8-2-build-windows-amd64-cygwin\jdk8u291\1294\hotspot\src\share\vm\prims\jni.cpp, line 710]
Event: 11.501 Thread 0x0000017cadac7000 Exception <a 'sun/nio/fs/WindowsException'> (0x00000000f7c57e58) thrown at [C:\jenkins\workspace\8-2-build-windows-amd64-cygwin\jdk8u291\1294\hotspot\src\share\vm\prims\jni.cpp, line 710]
Event: 11.546 Thread 0x0000017cab0aa000 Exception <a 'java/net/SocketTimeoutException': Read timed out> (0x00000000f8e26900) thrown at [C:\jenkins\workspace\8-2-build-windows-amd64-cygwin\jdk8u291\1294\hotspot\src\share\vm\prims\jni.cpp, line 737]
Event: 11.593 Thread 0x0000017cab0aa000 Exception <a 'java/net/SocketTimeoutException': Read timed out> (0x00000000f9f7d0a8) thrown at [C:\jenkins\workspace\8-2-build-windows-amd64-cygwin\jdk8u291\1294\hotspot\src\share\vm\prims\jni.cpp, line 737]
Event: 11.609 Thread 0x0000017cab0aa000 Exception <a 'java/net/SocketTimeoutException': Read timed out> (0x00000000fa3b6368) thrown at [C:\jenkins\workspace\8-2-build-windows-amd64-cygwin\jdk8u291\1294\hotspot\src\share\vm\prims\jni.cpp, line 737]
Event: 11.673 Thread 0x0000017cab0aa000 Exception <a 'java/net/SocketTimeoutException': Read timed out> (0x00000000fc1ebf00) thrown at [C:\jenkins\workspace\8-2-build-windows-amd64-cygwin\jdk8u291\1294\hotspot\src\share\vm\prims\jni.cpp, line 737]
Event: 11.704 Thread 0x0000017cab0aa000 Exception <a 'java/net/SocketTimeoutException': Read timed out> (0x00000000fc655058) thrown at [C:\jenkins\workspace\8-2-build-windows-amd64-cygwin\jdk8u291\1294\hotspot\src\share\vm\prims\jni.cpp, line 737]
Event: 12.379 Thread 0x0000017cab0aa000 Exception <a 'java/net/SocketTimeoutException': Read timed out> (0x00000000fcbda770) thrown at [C:\jenkins\workspace\8-2-build-windows-amd64-cygwin\jdk8u291\1294\hotspot\src\share\vm\prims\jni.cpp, line 737]
Event: 12.617 Thread 0x0000017cab0aa000 Exception <a 'java/net/SocketTimeoutException': Read timed out> (0x00000000f5dcb838) thrown at [C:\jenkins\workspace\8-2-build-windows-amd64-cygwin\jdk8u291\1294\hotspot\src\share\vm\prims\jni.cpp, line 737]
Event: 12.633 Thread 0x0000017cab0aa000 Exception <a 'java/net/SocketTimeoutException': Read timed out> (0x00000000f5e8df30) thrown at [C:\jenkins\workspace\8-2-build-windows-amd64-cygwin\jdk8u291\1294\hotspot\src\share\vm\prims\jni.cpp, line 737]

Events (10 events):
Event: 12.702 loading class com/vladsch/flexmark/ast/DelimitedLinkNode
Event: 12.702 loading class com/vladsch/flexmark/ast/DelimitedLinkNode done
Event: 12.702 loading class com/vladsch/flexmark/ast/AutoLink
Event: 12.702 loading class com/vladsch/flexmark/ast/AutoLink done
Event: 12.702 loading class com/vladsch/flexmark/ast/Reference
Event: 12.702 loading class com/vladsch/flexmark/ast/Reference done
Event: 12.703 loading class com/vladsch/flexmark/ast/ReferenceNode
Event: 12.703 loading class com/vladsch/flexmark/ast/ReferenceNode done
Event: 12.703 loading class com/vladsch/flexmark/ast/Code
Event: 12.703 loading class com/vladsch/flexmark/ast/Code done


Dynamic libraries:
0x00007ff797260000 - 0x00007ff7972a7000 	C:\Program Files\Java\jdk1.8.0_291\bin\java.exe
0x00007fff72470000 - 0x00007fff72666000 	C:\Windows\SYSTEM32\ntdll.dll
0x00007fff71460000 - 0x00007fff7151d000 	C:\Windows\System32\KERNEL32.DLL
0x00007fff6fef0000 - 0x00007fff701b9000 	C:\Windows\System32\KERNELBASE.dll
0x00007fff719a0000 - 0x00007fff71a4c000 	C:\Windows\System32\ADVAPI32.dll
0x00007fff717f0000 - 0x00007fff7188e000 	C:\Windows\System32\msvcrt.dll
0x00007fff71a50000 - 0x00007fff71aec000 	C:\Windows\System32\sechost.dll
0x00007fff71520000 - 0x00007fff7164b000 	C:\Windows\System32\RPCRT4.dll
0x00007fff706f0000 - 0x00007fff70890000 	C:\Windows\System32\USER32.dll
0x00007fff70400000 - 0x00007fff70422000 	C:\Windows\System32\win32u.dll
0x00007fff71af0000 - 0x00007fff71b1a000 	C:\Windows\System32\GDI32.dll
0x00007fff70210000 - 0x00007fff7031b000 	C:\Windows\System32\gdi32full.dll
0x00007fff70430000 - 0x00007fff704cd000 	C:\Windows\System32\msvcp_win.dll
0x00007fff6fc30000 - 0x00007fff6fd30000 	C:\Windows\System32\ucrtbase.dll
0x00007fff56d70000 - 0x00007fff5700b000 	C:\Windows\WinSxS\amd64_microsoft.windows.common-controls_6595b64144ccf1df_6.0.19041.746_none_ca02b4b61b8320a4\COMCTL32.dll
0x00007fff70910000 - 0x00007fff70940000 	C:\Windows\System32\IMM32.DLL
0x00007fff483a0000 - 0x00007fff483b5000 	C:\Program Files\Java\jdk1.8.0_291\jre\bin\vcruntime140.dll
0x00007fff48300000 - 0x00007fff4839b000 	C:\Program Files\Java\jdk1.8.0_291\jre\bin\msvcp140.dll
0x0000000052db0000 - 0x0000000053610000 	C:\Program Files\Java\jdk1.8.0_291\jre\bin\server\jvm.dll
0x00007fff71090000 - 0x00007fff71098000 	C:\Windows\System32\PSAPI.DLL
0x00007fff4d590000 - 0x00007fff4d599000 	C:\Windows\SYSTEM32\WSOCK32.dll
0x00007fff69730000 - 0x00007fff6973a000 	C:\Windows\SYSTEM32\VERSION.dll
0x00007fff54e00000 - 0x00007fff54e27000 	C:\Windows\SYSTEM32\WINMM.dll
0x00007fff716b0000 - 0x00007fff7171b000 	C:\Windows\System32\WS2_32.dll
0x00007fff6dad0000 - 0x00007fff6dae2000 	C:\Windows\SYSTEM32\kernel.appcore.dll
0x00007fff493f0000 - 0x00007fff49400000 	C:\Program Files\Java\jdk1.8.0_291\jre\bin\verify.dll
0x00007fff47f30000 - 0x00007fff47f5b000 	C:\Program Files\Java\jdk1.8.0_291\jre\bin\java.dll
0x00007fff47ed0000 - 0x00007fff47ee8000 	C:\Program Files\Java\jdk1.8.0_291\jre\bin\zip.dll
0x00007fff70940000 - 0x00007fff71083000 	C:\Windows\System32\SHELL32.dll
0x00007fff6dcd0000 - 0x00007fff6e45f000 	C:\Windows\SYSTEM32\windows.storage.dll
0x00007fff710a0000 - 0x00007fff713f6000 	C:\Windows\System32\combase.dll
0x00007fff6f470000 - 0x00007fff6f49c000 	C:\Windows\SYSTEM32\Wldp.dll
0x00007fff720b0000 - 0x00007fff7215e000 	C:\Windows\System32\SHCORE.dll
0x00007fff72050000 - 0x00007fff720a5000 	C:\Windows\System32\shlwapi.dll
0x00007fff6fae0000 - 0x00007fff6fb06000 	C:\Windows\SYSTEM32\profapi.dll
0x00007fff48060000 - 0x00007fff4807c000 	C:\Program Files\Java\jdk1.8.0_291\jre\bin\net.dll
0x00007fff6f260000 - 0x00007fff6f2ca000 	C:\Windows\system32\mswsock.dll
0x00007fff44740000 - 0x00007fff44753000 	C:\Program Files\Java\jdk1.8.0_291\jre\bin\nio.dll
0x00007fff6f4b0000 - 0x00007fff6f4c8000 	C:\Windows\SYSTEM32\CRYPTSP.dll
0x00007fff6ec20000 - 0x00007fff6ec54000 	C:\Windows\system32\rsaenh.dll
0x00007fff703d0000 - 0x00007fff703f7000 	C:\Windows\System32\bcrypt.dll
0x00007fff6faa0000 - 0x00007fff6face000 	C:\Windows\SYSTEM32\USERENV.dll
0x00007fff6fbb0000 - 0x00007fff6fc30000 	C:\Windows\System32\bcryptprimitives.dll
0x00007fff6f3e0000 - 0x00007fff6f3ec000 	C:\Windows\SYSTEM32\CRYPTBASE.dll
0x00007fff6ef70000 - 0x00007fff6efab000 	C:\Windows\SYSTEM32\IPHLPAPI.DLL
0x00007fff70600000 - 0x00007fff70608000 	C:\Windows\System32\NSI.dll
0x00007fff6ad40000 - 0x00007fff6ad57000 	C:\Windows\SYSTEM32\dhcpcsvc6.DLL
0x00007fff6ad20000 - 0x00007fff6ad3d000 	C:\Windows\SYSTEM32\dhcpcsvc.DLL
0x00007fff6efb0000 - 0x00007fff6f07b000 	C:\Windows\SYSTEM32\DNSAPI.dll
0x00007fff43c50000 - 0x00007fff43c74000 	C:\Program Files\Java\jdk1.8.0_291\jre\bin\sunec.dll
0x00007fff5d180000 - 0x00007fff5d18a000 	C:\Windows\System32\rasadhlp.dll
0x00007fff6b1b0000 - 0x00007fff6b22f000 	C:\Windows\System32\fwpuclnt.dll
0x00007fff4eb90000 - 0x00007fff4eb9d000 	C:\Program Files\Java\jdk1.8.0_291\jre\bin\sunmscapi.dll
0x00007fff6fd30000 - 0x00007fff6fe86000 	C:\Windows\System32\CRYPT32.dll
0x00007fff6f680000 - 0x00007fff6f6a7000 	C:\Windows\SYSTEM32\ncrypt.dll
0x00007fff6f640000 - 0x00007fff6f67b000 	C:\Windows\SYSTEM32\NTASN1.dll
0x00007fff4f5d0000 - 0x00007fff4f5e7000 	C:\Windows\system32\napinsp.dll
0x00007fff4f5b0000 - 0x00007fff4f5cb000 	C:\Windows\system32\pnrpnsp.dll
0x00007fff5c2a0000 - 0x00007fff5c2b5000 	C:\Windows\system32\wshbth.dll
0x00007fff6d120000 - 0x00007fff6d13d000 	C:\Windows\system32\NLAapi.dll
0x00007fff4cbf0000 - 0x00007fff4cc02000 	C:\Windows\System32\winrnr.dll
0x00007fff3fac0000 - 0x00007fff3fc55000 	C:\Program Files\Java\jdk1.8.0_291\jre\bin\awt.dll
0x00007fff71720000 - 0x00007fff717ed000 	C:\Windows\System32\OLEAUT32.dll
0x00007fff6ce50000 - 0x00007fff6cee0000 	C:\Windows\SYSTEM32\apphelp.dll
0x00007fff59b40000 - 0x00007fff59d24000 	C:\Windows\SYSTEM32\dbghelp.dll

VM Arguments:
jvm_args: -Daction.aware.typeAhead=false -Dawt.toolkit=sun.awt.windows.WToolkit -Dcom.jetbrains.suppressWindowRaise=false -Dfile.encoding.pkg=sun.io -Dfile.separator=\ -Dide.native.launcher=true -Didea.active=true -Didea.cycle.buffer.size=1024 -Didea.dynamic.classpath=false -Didea.fatal.error.notification=disabled -Didea.jre.check=true -Didea.max.content.load.filesize=20000 -Didea.max.intellisense.filesize=2500 -Didea.no.launcher=false -Didea.paths.selector=IdeaIC2021.1 -Didea.platform.prefix=Idea -Didea.popup.weight=heavy -Didea.vendor.name=JetBrains -Didea.version=2021.1.1 -Didea.xdebug.key=-Xdebug -Dio.netty.allocator.cacheTrimIntervalMillis=600000 -Dio.netty.allocator.numDirectArenas=1 -Dio.netty.allocator.numHeapArenas=1 -Dio.netty.allocator.useCacheForAllThreads=false -Dio.netty.machineId=28:f0:76:ff:fe:16:65:0e -Dio.netty.processId=56772 -Dio.netty.serviceThreadPrefix=Netty  -Djava.awt.graphicsenv=sun.awt.Win32GraphicsEnvironment -Djava.awt.printerjob=sun.awt.windows.WPrinterJob -Djava.class.version=52.0 -Djava.endorsed.dirs=C:\Program Files\Java\jdk1.8.0_291\jre\lib\endorsed -Djava.ext.dirs=C:\Program Files\Java\jdk1.8.0_291\jre\lib\ext;C:\Windows\Sun\Java\lib\ext -Djava.home=C:\Program Files\Java\jdk1.8.0_291\jre -Djava.library.path=C:\Program Files\Java\jdk1.8.0_291\bin;C:\Windows\Sun\Java\bin;C:\Windows\system32;C:\Windows;C:\Python39\Scripts\;C:\Python39\;C:\Program Files (x86)\Common Files\Oracle\Java\javapath;C:\Windows\system32;C:\Windows;C:\Windows\System32\Wbem;C:\Windows\System32\WindowsPowerShell\v1.0\;C:\Windows\System32\OpenSSH\;C:\Program Files\Git\cmd;C:\Program Files\Docker\Docker\resources\bin;C:\ProgramData\DockerDesktop\version-bin;C:\Program Files\PuTTY\;C:\Gradle\gradle-7.0.2\bin;C:\Program Files\Java\jdk1.8.0_291\bin;C:\Program Files\nodejs\;C:\ProgramData\chocolatey\bin;C:\apache-maven-3.8.2\bin;C:\Program Files\Java\jdk1.8.0_291\bin;D:\Usuarios\analista.pruebas6\scoop\shims;C:\Program Files\MySQL\MySQL Shell 8.0\bin\;D:\Usuarios\analista.pruebas6\AppData\Local\Microsoft\WindowsApps;C:\Program Files\JetBrains\IntelliJ IDEA Community Edition 2021.1.1\bin;D:\Usuarios\analista.pruebas6\AppData\Local\Programs\Microsoft VS Code\bin;D:\Usuarios\analista.pruebas6\AppData\Roaming\npm;C:\allure-2.13.5\bin;;. -Djava.rmi.server.disableHttp=true -Djava.rmi.server.hostname=127.0.0.1 -Djava.runtime.name=OpenJDK Runtime Environment -Djava.runtime.version=1.8.0_291-b10 -Djava.security.manager=worker.org.gradle.process.internal.worker.child.BootstrapSecurityManager -Djava.specification.name=Java Platform API Specification -Djava.specification.vendor=Oracle Corporation -Djava.specification.version=1.8 -Djava.util.concurrent.ForkJoinPool.common.threadFactory=com.intellij.concurrency.IdeaForkJoinWorkerThreadFactory -Djava.vendor=Oracle Corporation -Djava.vendor.url=http://java.oracle.com/ -Djava.vendor.url.bug=https://bugreport.java.com/bugreport/ -Djava.vendor.version=JBR-11.0.10.9-1341.41-dcevm -Djava.version=1.8.0_291 -Djava.version.date=2021-01-19 -Djava.vm.compressedOopsMode=32-bit -Djava.vm.info=mixed mode -Djava.vm.name=Java HotSpot(TM) 64-Bit Server VM -Djava.vm.specification.name=Java Virtual Machine Specification -Djava.vm.specification.vendor=Oracle Corporation -Djava.vm.specification.version=1.8 -Djava.vm.vendor=Oracle Corporation -Djava.vm.version=25.291-b10 -Djavax.swing.rebaseCssSizeMap=true -Djb.vmOptionsFile=D:\Usuarios\analista.pruebas6\AppData\Roaming\JetBrains\IdeaIC2021.1\idea64.exe.vmoptions -Djdk.attach.allowAttachSelf=true -Djdk.debug=release -Djdk.http.auth.tunneling.disabledSchemes= -Djdk.module.illegalAccess.silent=true -Djna.loaded=true -Djna.nosys=true -Djna.tmpdir=D:\Usuarios\analista.pruebas6\AppData\Local\JetBrains\IdeaIC2021.1/tmp -Djnidispatch.path=D:\Usuarios\analista.pruebas6\AppData\Local\JetBrains\IdeaIC2021.1\tmp\jna13747590771681463705.dll -Dkotlinx.coroutines.debug=off -Dlibrary.jansi.path=D:\Usuarios\analista.pruebas6\.gradle\native\jansi\1.18\windows64 -Dline.separator=
 -Dlog4j.defaultInitOverride=true -Dorg.gradle.native=false -Dos.arch=amd64 -Dos.name=Windows 10 -Dos.version=10.0 -Dpath.separator=; -Dproject.build.directory=D:\Usuarios\analista.pruebas6\Documents\DigicreditoSerenity BDD -Dpty4j.preferred.native.folder=C:\Program Files\JetBrains\IntelliJ IDEA Community Edition 2021.1.1\lib\pty4j-native -Dpty4j.tmpdir=D:\Usuarios\analista.pruebas6\AppData\Local\JetBrains\IdeaIC2021.1/tmp -Dsun.arch.data.model=64 -Dsun.boot.class.path=C:\Program Files\Java\jdk1.8.0_291\jre\lib\resources.jar;C:\Program Files\Java\jdk1.8.0_291\jre\lib\rt.jar;C:\Program Files\Java\jdk1.8.0_291\jre\lib\sunrsasign.jar;C:\Program Files\Java\jdk1.8.0_291\jre\lib\jsse.jar;C:\Program Files\Java\jdk1.8.0_291\jre\lib\jce.jar;C:\Program Files\Java\jdk1.8.0_291\jre\lib\charsets.jar;C:\Program Files\Java\jdk1.8.0_291\jre\lib\jfr.jar;C:\Program Files\Java\jdk1.8.0_291\jre\classes -Dsun.boot.library.path=C:\Program Files\Java\jdk1.8.0_291\jre\bin -Dsun.cpu.endian=little -Dsun.cpu.isalist=amd64 -Dsun.desktop=windows -Dsun.io.unicode.encoding=UnicodeLittle -Dsun.jnu.encoding=Cp1252 -Dsun.management.compiler=HotSpot 64-Bit Tiered Compilers -Dsun.os.patch.level -Dswing.bufferPerWindow=false -Duser.dir=D:\Usuarios\analista.pruebas6\Documents\DigicreditoSerenity BDD -Duser.home=D:\Usuarios\analista.pruebas6 -Duser.name=analista.pruebas6 -Duser.script -Duser.timezone=America/Bogota -Dwinp.folder.preferred=D:\Usuarios\analista.pruebas6\AppData\Local\JetBrains\IdeaIC2021.1/tmp -Xmx512m -Dfile.encoding=Cp1252 -Djava.io.tmpdir=D:\Usuarios\analista.pruebas6\AppData\Local\Temp\ -Duser.country=CO -Duser.language=es -Duser.variant -ea 
java_command: worker.org.gradle.process.internal.worker.GradleWorkerMain 'Gradle Test Executor 2'
java_class_path (initial): D:\Usuarios\analista.pruebas6\.gradle\caches\6.3\workerMain\gradle-worker.jar
Launcher Type: SUN_STANDARD

Environment Variables:
JAVA_HOME=C:\Program Files\Java\jdk1.8.0_291
PATH=C:\Python39\Scripts\;C:\Python39\;C:\Program Files (x86)\Common Files\Oracle\Java\javapath;C:\Windows\system32;C:\Windows;C:\Windows\System32\Wbem;C:\Windows\System32\WindowsPowerShell\v1.0\;C:\Windows\System32\OpenSSH\;C:\Program Files\Git\cmd;C:\Program Files\Docker\Docker\resources\bin;C:\ProgramData\DockerDesktop\version-bin;C:\Program Files\PuTTY\;C:\Gradle\gradle-7.0.2\bin;C:\Program Files\Java\jdk1.8.0_291\bin;C:\Program Files\nodejs\;C:\ProgramData\chocolatey\bin;C:\apache-maven-3.8.2\bin;C:\Program Files\Java\jdk1.8.0_291\bin;D:\Usuarios\analista.pruebas6\scoop\shims;C:\Program Files\MySQL\MySQL Shell 8.0\bin\;D:\Usuarios\analista.pruebas6\AppData\Local\Microsoft\WindowsApps;C:\Program Files\JetBrains\IntelliJ IDEA Community Edition 2021.1.1\bin;D:\Usuarios\analista.pruebas6\AppData\Local\Programs\Microsoft VS Code\bin;D:\Usuarios\analista.pruebas6\AppData\Roaming\npm;C:\allure-2.13.5\bin;
USERNAME=analista.pruebas6
OS=Windows_NT
PROCESSOR_IDENTIFIER=Intel64 Family 6 Model 142 Stepping 12, GenuineIntel



---------------  S Y S T E M  ---------------

OS: Windows 10.0 , 64 bit Build 19041 (10.0.19041.662)

CPU:total 8 (initial active 8) (4 cores per cpu, 2 threads per core) family 6 model 142 stepping 12, cmov, cx8, fxsr, mmx, sse, sse2, sse3, ssse3, sse4.1, sse4.2, popcnt, avx, avx2, aes, clmul, erms, 3dnowpref, lzcnt, ht, tsc, tscinvbit, bmi1, bmi2, adx

Memory: 4k page, physical 16610856k(3442204k free), swap 47043796k(4648k free)

vm_info: Java HotSpot(TM) 64-Bit Server VM (25.291-b10) for windows-amd64 JRE (1.8.0_291-b10), built on Apr  9 2021 00:02:00 by "java_re" with MS VC++ 15.9 (VS2017)

time: Thu Jan 13 21:23:25 2022
timezone: Hora est. Pacífico, Sudamérica
elapsed time: 12.722829 seconds (0d 0h 0m 12s)

