#
# There is insufficient memory for the Java Runtime Environment to continue.
# Native memory allocation (malloc) failed to allocate 32744 bytes for ChunkPool::allocate
# Possible reasons:
#   The system is out of physical RAM or swap space
#   The process is running with CompressedOops enabled, and the Java Heap may be blocking the growth of the native heap
# Possible solutions:
#   Reduce memory load on the system
#   Increase physical memory or swap space
#   Check if swap backing store is full
#   Decrease Java heap size (-Xmx/-Xms)
#   Decrease number of Java threads
#   Decrease Java thread stack sizes (-Xss)
#   Set larger code cache with -XX:ReservedCodeCacheSize=
#   JVM is running with Unscaled Compressed Oops mode in which the Java heap is
#     placed in the first 4GB address space. The Java Heap base address is the
#     maximum limit for the native heap growth. Please use -XX:HeapBaseMinAddress
#     to set the Java Heap base and to place the Java Heap above 4GB virtual address.
# This output file may be truncated or incomplete.
#
#  Out of Memory Error (allocation.cpp:272), pid=19000, tid=0x00000000000048d4
#
# JRE version: Java(TM) SE Runtime Environment (8.0_291-b10) (build 1.8.0_291-b10)
# Java VM: Java HotSpot(TM) 64-Bit Server VM (25.291-b10 mixed mode windows-amd64 compressed oops)
# Failed to write core dump. Minidumps are not enabled by default on client versions of Windows
#

---------------  T H R E A D  ---------------

Current thread (0x000001dd79c96000):  JavaThread "C2 CompilerThread2" daemon [_thread_in_native, id=18644, stack(0x0000008653c00000,0x0000008653d00000)]

Stack: [0x0000008653c00000,0x0000008653d00000]
Native frames: (J=compiled Java code, j=interpreted, Vv=VM code, C=native code)
V  [jvm.dll+0x32ea19]


Current CompileTask:
C2:  10268 4058   !   4       java.net.URLClassLoader$1::run (63 bytes)


---------------  P R O C E S S  ---------------

Java Threads: ( => current thread )
  0x000001dd7c872800 JavaThread "Java2D Disposer" daemon [_thread_blocked, id=8532, stack(0x0000008655200000,0x0000008655300000)]
  0x000001dd7c871000 JavaThread "Darkroom Processing Line" daemon [_thread_blocked, id=14212, stack(0x0000008655100000,0x0000008655200000)]
  0x000001dd7c874800 JavaThread "Okio Watchdog" daemon [_thread_blocked, id=7488, stack(0x0000008655000000,0x0000008655100000)]
  0x000001dd7c876000 JavaThread "OkHttp ConnectionPool" daemon [_thread_blocked, id=8488, stack(0x0000008654f00000,0x0000008655000000)]
  0x000001dd7c877000 JavaThread "Exec Stream Pumper" daemon [_thread_in_native, id=11360, stack(0x0000008654e00000,0x0000008654f00000)]
  0x000001dd7d8e6800 JavaThread "Exec Stream Pumper" daemon [_thread_in_native, id=19404, stack(0x0000008654d00000,0x0000008654e00000)]
  0x000001dd7d8ea000 JavaThread "UrlChecker-2" daemon [_thread_blocked, id=18068, stack(0x0000008654c00000,0x0000008654d00000)]
  0x000001dd7d8e7000 JavaThread "Exec Default Executor" daemon [_thread_in_native, id=12184, stack(0x0000008654b00000,0x0000008654c00000)]
  0x000001dd7d8e8800 JavaThread "ForkJoinPool.commonPool-worker-6" daemon [_thread_blocked, id=16604, stack(0x0000008654900000,0x0000008654a00000)]
  0x000001dd7d8e8000 JavaThread "ForkJoinPool.commonPool-worker-5" daemon [_thread_blocked, id=11500, stack(0x0000008654800000,0x0000008654900000)]
  0x000001dd7d8e5000 JavaThread "ForkJoinPool.commonPool-worker-4" daemon [_thread_blocked, id=1472, stack(0x0000008654700000,0x0000008654800000)]
  0x000001dd7d8e4000 JavaThread "ForkJoinPool.commonPool-worker-3" daemon [_thread_blocked, id=13596, stack(0x0000008654600000,0x0000008654700000)]
  0x000001dd7d8e5800 JavaThread "ForkJoinPool.commonPool-worker-1" daemon [_thread_blocked, id=9692, stack(0x0000008654400000,0x0000008654500000)]
  0x000001dd7afa7000 JavaThread "/127.0.0.1:56204 to /127.0.0.1:56203 workers Thread 3" [_thread_in_native, id=12948, stack(0x0000008654300000,0x0000008654400000)]
  0x000001dd7a997800 JavaThread "/127.0.0.1:56204 to /127.0.0.1:56203 workers Thread 2" [_thread_blocked, id=10992, stack(0x0000008654200000,0x0000008654300000)]
  0x000001dd7b0ef800 JavaThread "Forwarding screenshot on session 92c7d15ecd36d5101242cdfad811c138 to remote" [_thread_in_native, id=5160, stack(0x0000008654100000,0x0000008654200000)]
  0x000001dd79d2f000 JavaThread "Service Thread" daemon [_thread_blocked, id=9300, stack(0x0000008653e00000,0x0000008653f00000)]
  0x000001dd79c97000 JavaThread "C1 CompilerThread3" daemon [_thread_blocked, id=18028, stack(0x0000008653d00000,0x0000008653e00000)]
=>0x000001dd79c96000 JavaThread "C2 CompilerThread2" daemon [_thread_in_native, id=18644, stack(0x0000008653c00000,0x0000008653d00000)]
  0x000001dd79c94800 JavaThread "C2 CompilerThread1" daemon [_thread_in_native, id=17220, stack(0x0000008653b00000,0x0000008653c00000)]
  0x000001dd77d3d000 JavaThread "C2 CompilerThread0" daemon [_thread_in_native, id=16236, stack(0x0000008653a00000,0x0000008653b00000)]
  0x000001dd77d3b000 JavaThread "Attach Listener" daemon [_thread_blocked, id=11284, stack(0x0000008653900000,0x0000008653a00000)]
  0x000001dd77d3a000 JavaThread "Signal Dispatcher" daemon [_thread_blocked, id=12384, stack(0x0000008653800000,0x0000008653900000)]
  0x000001dd77ca5800 JavaThread "Finalizer" daemon [_thread_blocked, id=11276, stack(0x0000008653700000,0x0000008653800000)]
  0x000001dd77c9e000 JavaThread "Reference Handler" daemon [_thread_blocked, id=16984, stack(0x0000008653600000,0x0000008653700000)]
  0x000001dd65157000 JavaThread "main" [_thread_blocked, id=17884, stack(0x0000008652c00000,0x0000008652d00000)]

Other Threads:
  0x000001dd77c72800 VMThread [stack: 0x0000008653500000,0x0000008653600000] [id=12044]
  0x000001dd79d88000 WatcherThread [stack: 0x0000008653f00000,0x0000008654000000] [id=10664]

VM state:not at safepoint (normal execution)

VM Mutex/Monitor currently owned by a thread: None

heap address: 0x00000000e0000000, size: 512 MB, Compressed Oops mode: 32-bit
Narrow klass base: 0x0000000000000000, Narrow klass shift: 3
Compressed class space size: 1073741824 Address: 0x0000000100000000

Heap:
 PSYoungGen      total 124928K, used 78814K [0x00000000f5580000, 0x00000000fe000000, 0x0000000100000000)
  eden space 118272K, 64% used [0x00000000f5580000,0x00000000f9f8ca68,0x00000000fc900000)
  from space 6656K, 44% used [0x00000000fd980000,0x00000000fdc6afc0,0x00000000fe000000)
  to   space 10752K, 0% used [0x00000000fcb00000,0x00000000fcb00000,0x00000000fd580000)
 ParOldGen       total 183808K, used 12560K [0x00000000e0000000, 0x00000000eb380000, 0x00000000f5580000)
  object space 183808K, 6% used [0x00000000e0000000,0x00000000e0c44360,0x00000000eb380000)
 Metaspace       used 42138K, capacity 44060K, committed 44120K, reserved 1087488K
  class space    used 5815K, capacity 6234K, committed 6272K, reserved 1048576K

Card table byte_map: [0x000001dd76030000,0x000001dd76140000] byte_map_base: 0x000001dd75930000

Marking Bits: (ParMarkBitMap*) 0x0000000053597fe0
 Begin Bits: [0x000001dd76140000, 0x000001dd76940000)
 End Bits:   [0x000001dd76940000, 0x000001dd77140000)

Polling page: 0x000001dd653a0000

CodeCache: size=245760Kb used=11147Kb max_used=12331Kb free=234612Kb
 bounds [0x000001dd66c70000, 0x000001dd67890000, 0x000001dd75c70000]
 total_blobs=4012 nmethods=3484 adapters=439
 compilation: enabled

Compilation events (10 events):
Event: 10.202 Thread 0x000001dd79c97000 4069       1       java.nio.HeapByteBuffer::ix (7 bytes)
Event: 10.202 Thread 0x000001dd79c97000 nmethod 4069 0x000001dd6707fad0 code [0x000001dd6707fc20, 0x000001dd6707fd38]
Event: 10.202 Thread 0x000001dd79c97000 4068       3       sun.net.www.URLConnection::<init> (22 bytes)
Event: 10.202 Thread 0x000001dd79c97000 nmethod 4068 0x000001dd6743de10 code [0x000001dd6743dfa0, 0x000001dd6743e2a0]
Event: 10.202 Thread 0x000001dd79c97000 4070       3       java.util.Formatter$FormatSpecifier::justify (105 bytes)
Event: 10.203 Thread 0x000001dd79c97000 nmethod 4070 0x000001dd676baa10 code [0x000001dd676bacc0, 0x000001dd676bc140]
Event: 10.205 Thread 0x000001dd79c97000 4071       1       okhttp3.Route::address (5 bytes)
Event: 10.205 Thread 0x000001dd79c97000 nmethod 4071 0x000001dd6728f7d0 code [0x000001dd6728f920, 0x000001dd6728fa38]
Event: 10.209 Thread 0x000001dd79c97000 4072       3       java.text.DontCareFieldPosition$1::formatted (1 bytes)
Event: 10.209 Thread 0x000001dd79c97000 nmethod 4072 0x000001dd67591510 code [0x000001dd67591660, 0x000001dd675917b8]

GC Heap History (10 events):
Event: 3.170 GC heap before
{Heap before GC invocations=6 (full 1):
 PSYoungGen      total 99328K, used 33502K [0x00000000f5580000, 0x00000000fc100000, 0x0000000100000000)
  eden space 88576K, 28% used [0x00000000f5580000,0x00000000f6e06a38,0x00000000fac00000)
  from space 10752K, 78% used [0x00000000fb680000,0x00000000fbeb0f18,0x00000000fc100000)
  to   space 10752K, 0% used [0x00000000fac00000,0x00000000fac00000,0x00000000fb680000)
 ParOldGen       total 115200K, used 9696K [0x00000000e0000000, 0x00000000e7080000, 0x00000000f5580000)
  object space 115200K, 8% used [0x00000000e0000000,0x00000000e09782c8,0x00000000e7080000)
 Metaspace       used 33884K, capacity 35338K, committed 35416K, reserved 1079296K
  class space    used 4643K, capacity 4971K, committed 4992K, reserved 1048576K
Event: 3.175 GC heap after
Heap after GC invocations=6 (full 1):
 PSYoungGen      total 99328K, used 7491K [0x00000000f5580000, 0x00000000fe400000, 0x0000000100000000)
  eden space 88576K, 0% used [0x00000000f5580000,0x00000000f5580000,0x00000000fac00000)
  from space 10752K, 69% used [0x00000000fac00000,0x00000000fb350d68,0x00000000fb680000)
  to   space 10752K, 0% used [0x00000000fd980000,0x00000000fd980000,0x00000000fe400000)
 ParOldGen       total 115200K, used 9704K [0x00000000e0000000, 0x00000000e7080000, 0x00000000f5580000)
  object space 115200K, 8% used [0x00000000e0000000,0x00000000e097a2c8,0x00000000e7080000)
 Metaspace       used 33884K, capacity 35338K, committed 35416K, reserved 1079296K
  class space    used 4643K, capacity 4971K, committed 4992K, reserved 1048576K
}
Event: 3.175 GC heap before
{Heap before GC invocations=7 (full 2):
 PSYoungGen      total 99328K, used 7491K [0x00000000f5580000, 0x00000000fe400000, 0x0000000100000000)
  eden space 88576K, 0% used [0x00000000f5580000,0x00000000f5580000,0x00000000fac00000)
  from space 10752K, 69% used [0x00000000fac00000,0x00000000fb350d68,0x00000000fb680000)
  to   space 10752K, 0% used [0x00000000fd980000,0x00000000fd980000,0x00000000fe400000)
 ParOldGen       total 115200K, used 9704K [0x00000000e0000000, 0x00000000e7080000, 0x00000000f5580000)
  object space 115200K, 8% used [0x00000000e0000000,0x00000000e097a2c8,0x00000000e7080000)
 Metaspace       used 33884K, capacity 35338K, committed 35416K, reserved 1079296K
  class space    used 4643K, capacity 4971K, committed 4992K, reserved 1048576K
Event: 3.205 GC heap after
Heap after GC invocations=7 (full 2):
 PSYoungGen      total 99328K, used 0K [0x00000000f5580000, 0x00000000fe400000, 0x0000000100000000)
  eden space 88576K, 0% used [0x00000000f5580000,0x00000000f5580000,0x00000000fac00000)
  from space 10752K, 0% used [0x00000000fac00000,0x00000000fac00000,0x00000000fb680000)
  to   space 10752K, 0% used [0x00000000fd980000,0x00000000fd980000,0x00000000fe400000)
 ParOldGen       total 183808K, used 12536K [0x00000000e0000000, 0x00000000eb380000, 0x00000000f5580000)
  object space 183808K, 6% used [0x00000000e0000000,0x00000000e0c3e360,0x00000000eb380000)
 Metaspace       used 33884K, capacity 35338K, committed 35416K, reserved 1079296K
  class space    used 4643K, capacity 4971K, committed 4992K, reserved 1048576K
}
Event: 5.130 GC heap before
{Heap before GC invocations=8 (full 2):
 PSYoungGen      total 99328K, used 88576K [0x00000000f5580000, 0x00000000fe400000, 0x0000000100000000)
  eden space 88576K, 100% used [0x00000000f5580000,0x00000000fac00000,0x00000000fac00000)
  from space 10752K, 0% used [0x00000000fac00000,0x00000000fac00000,0x00000000fb680000)
  to   space 10752K, 0% used [0x00000000fd980000,0x00000000fd980000,0x00000000fe400000)
 ParOldGen       total 183808K, used 12536K [0x00000000e0000000, 0x00000000eb380000, 0x00000000f5580000)
  object space 183808K, 6% used [0x00000000e0000000,0x00000000e0c3e360,0x00000000eb380000)
 Metaspace       used 39661K, capacity 41574K, committed 41816K, reserved 1085440K
  class space    used 5533K, capacity 5969K, committed 6016K, reserved 1048576K
Event: 5.136 GC heap after
Heap after GC invocations=8 (full 2):
 PSYoungGen      total 124928K, used 6234K [0x00000000f5580000, 0x00000000fe000000, 0x0000000100000000)
  eden space 118272K, 0% used [0x00000000f5580000,0x00000000f5580000,0x00000000fc900000)
  from space 6656K, 93% used [0x00000000fd980000,0x00000000fdf96b20,0x00000000fe000000)
  to   space 10752K, 0% used [0x00000000fcb00000,0x00000000fcb00000,0x00000000fd580000)
 ParOldGen       total 183808K, used 12544K [0x00000000e0000000, 0x00000000eb380000, 0x00000000f5580000)
  object space 183808K, 6% used [0x00000000e0000000,0x00000000e0c40360,0x00000000eb380000)
 Metaspace       used 39661K, capacity 41574K, committed 41816K, reserved 1085440K
  class space    used 5533K, capacity 5969K, committed 6016K, reserved 1048576K
}
Event: 7.990 GC heap before
{Heap before GC invocations=9 (full 2):
 PSYoungGen      total 124928K, used 124506K [0x00000000f5580000, 0x00000000fe000000, 0x0000000100000000)
  eden space 118272K, 100% used [0x00000000f5580000,0x00000000fc900000,0x00000000fc900000)
  from space 6656K, 93% used [0x00000000fd980000,0x00000000fdf96b20,0x00000000fe000000)
  to   space 10752K, 0% used [0x00000000fcb00000,0x00000000fcb00000,0x00000000fd580000)
 ParOldGen       total 183808K, used 12544K [0x00000000e0000000, 0x00000000eb380000, 0x00000000f5580000)
  object space 183808K, 6% used [0x00000000e0000000,0x00000000e0c40360,0x00000000eb380000)
 Metaspace       used 42039K, capacity 43972K, committed 44120K, reserved 1087488K
  class space    used 5804K, capacity 6224K, committed 6272K, reserved 1048576K
Event: 7.993 GC heap after
Heap after GC invocations=9 (full 2):
 PSYoungGen      total 129024K, used 3519K [0x00000000f5580000, 0x00000000fe000000, 0x0000000100000000)
  eden space 118272K, 0% used [0x00000000f5580000,0x00000000f5580000,0x00000000fc900000)
  from space 10752K, 32% used [0x00000000fcb00000,0x00000000fce6fcd0,0x00000000fd580000)
  to   space 6656K, 0% used [0x00000000fd980000,0x00000000fd980000,0x00000000fe000000)
 ParOldGen       total 183808K, used 12552K [0x00000000e0000000, 0x00000000eb380000, 0x00000000f5580000)
  object space 183808K, 6% used [0x00000000e0000000,0x00000000e0c42360,0x00000000eb380000)
 Metaspace       used 42039K, capacity 43972K, committed 44120K, reserved 1087488K
  class space    used 5804K, capacity 6224K, committed 6272K, reserved 1048576K
}
Event: 8.415 GC heap before
{Heap before GC invocations=10 (full 2):
 PSYoungGen      total 129024K, used 121791K [0x00000000f5580000, 0x00000000fe000000, 0x0000000100000000)
  eden space 118272K, 100% used [0x00000000f5580000,0x00000000fc900000,0x00000000fc900000)
  from space 10752K, 32% used [0x00000000fcb00000,0x00000000fce6fcd0,0x00000000fd580000)
  to   space 6656K, 0% used [0x00000000fd980000,0x00000000fd980000,0x00000000fe000000)
 ParOldGen       total 183808K, used 12552K [0x00000000e0000000, 0x00000000eb380000, 0x00000000f5580000)
  object space 183808K, 6% used [0x00000000e0000000,0x00000000e0c42360,0x00000000eb380000)
 Metaspace       used 42087K, capacity 44036K, committed 44120K, reserved 1087488K
  class space    used 5806K, capacity 6224K, committed 6272K, reserved 1048576K
Event: 8.417 GC heap after
Heap after GC invocations=10 (full 2):
 PSYoungGen      total 124928K, used 2987K [0x00000000f5580000, 0x00000000fe000000, 0x0000000100000000)
  eden space 118272K, 0% used [0x00000000f5580000,0x00000000f5580000,0x00000000fc900000)
  from space 6656K, 44% used [0x00000000fd980000,0x00000000fdc6afc0,0x00000000fe000000)
  to   space 10752K, 0% used [0x00000000fcb00000,0x00000000fcb00000,0x00000000fd580000)
 ParOldGen       total 183808K, used 12560K [0x00000000e0000000, 0x00000000eb380000, 0x00000000f5580000)
  object space 183808K, 6% used [0x00000000e0000000,0x00000000e0c44360,0x00000000eb380000)
 Metaspace       used 42087K, capacity 44036K, committed 44120K, reserved 1087488K
  class space    used 5806K, capacity 6224K, committed 6272K, reserved 1048576K
}

Deoptimization events (10 events):
Event: 7.885 Thread 0x000001dd7b0ef800 Uncommon trap: reason=bimorphic action=maybe_recompile pc=0x000001dd66da4734 method=com.google.common.collect.RegularImmutableMap.get(Ljava/lang/Object;[Lcom/google/common/collect/ImmutableMapEntry;I)Ljava/lang/Object; @ 11
Event: 8.164 Thread 0x000001dd7b0ef800 Uncommon trap: reason=bimorphic action=maybe_recompile pc=0x000001dd675167ac method=java.util.Hashtable.put(Ljava/lang/Object;Ljava/lang/Object;)Ljava/lang/Object; @ 18
Event: 8.275 Thread 0x000001dd7b0ef800 Uncommon trap: reason=unstable_if action=reinterpret pc=0x000001dd66ffc47c method=com.sun.imageio.plugins.png.PNGImageWriter.encodePass(Ljavax/imageio/stream/ImageOutputStream;Ljava/awt/image/RenderedImage;IIII)V @ 303
Event: 8.296 Thread 0x000001dd7b0ef800 Uncommon trap: reason=bimorphic action=maybe_recompile pc=0x000001dd66da4734 method=com.google.common.collect.RegularImmutableMap.get(Ljava/lang/Object;[Lcom/google/common/collect/ImmutableMapEntry;I)Ljava/lang/Object; @ 11
Event: 8.332 Thread 0x000001dd7b0ef800 Uncommon trap: reason=class_check action=maybe_recompile pc=0x000001dd66f61a38 method=java.util.stream.AbstractPipeline.wrapAndCopyInto(Ljava/util/stream/Sink;Ljava/util/Spliterator;)Ljava/util/stream/Sink; @ 6
Event: 8.332 Thread 0x000001dd7b0ef800 Uncommon trap: reason=class_check action=maybe_recompile pc=0x000001dd66f61a38 method=java.util.stream.AbstractPipeline.wrapAndCopyInto(Ljava/util/stream/Sink;Ljava/util/Spliterator;)Ljava/util/stream/Sink; @ 6
Event: 8.332 Thread 0x000001dd7b0ef800 Uncommon trap: reason=class_check action=maybe_recompile pc=0x000001dd66f61a38 method=java.util.stream.AbstractPipeline.wrapAndCopyInto(Ljava/util/stream/Sink;Ljava/util/Spliterator;)Ljava/util/stream/Sink; @ 6
Event: 8.332 Thread 0x000001dd7b0ef800 Uncommon trap: reason=class_check action=maybe_recompile pc=0x000001dd66f61a38 method=java.util.stream.AbstractPipeline.wrapAndCopyInto(Ljava/util/stream/Sink;Ljava/util/Spliterator;)Ljava/util/stream/Sink; @ 6
Event: 9.990 Thread 0x000001dd7b0ef800 Uncommon trap: reason=unstable_if action=reinterpret pc=0x000001dd671e0258 method=java.util.Base64$Decoder.decode0([BII[B)I @ 67
Event: 9.991 Thread 0x000001dd7b0ef800 Uncommon trap: reason=bimorphic action=maybe_recompile pc=0x000001dd675167ac method=java.util.Hashtable.put(Ljava/lang/Object;Ljava/lang/Object;)Ljava/lang/Object; @ 18

Classes redefined (0 events):
No events

Internal exceptions (10 events):
Event: 8.312 Thread 0x000001dd7b0ef800 Exception <a 'java/net/SocketTimeoutException': Read timed out> (0x00000000f9289368) thrown at [C:\jenkins\workspace\8-2-build-windows-amd64-cygwin\jdk8u291\1294\hotspot\src\share\vm\prims\jni.cpp, line 737]
Event: 8.343 Thread 0x000001dd7b0ef800 Exception <a 'java/net/SocketTimeoutException': Read timed out> (0x00000000fa3dfcd8) thrown at [C:\jenkins\workspace\8-2-build-windows-amd64-cygwin\jdk8u291\1294\hotspot\src\share\vm\prims\jni.cpp, line 737]
Event: 8.359 Thread 0x000001dd7b0ef800 Exception <a 'java/net/SocketTimeoutException': Read timed out> (0x00000000fa940d50) thrown at [C:\jenkins\workspace\8-2-build-windows-amd64-cygwin\jdk8u291\1294\hotspot\src\share\vm\prims\jni.cpp, line 737]
Event: 8.406 Thread 0x000001dd7b0ef800 Exception <a 'java/net/SocketTimeoutException': Read timed out> (0x00000000fc788290) thrown at [C:\jenkins\workspace\8-2-build-windows-amd64-cygwin\jdk8u291\1294\hotspot\src\share\vm\prims\jni.cpp, line 737]
Event: 8.436 Thread 0x000001dd7b0ef800 Exception <a 'java/net/SocketTimeoutException': Read timed out> (0x00000000f58786e0) thrown at [C:\jenkins\workspace\8-2-build-windows-amd64-cygwin\jdk8u291\1294\hotspot\src\share\vm\prims\jni.cpp, line 737]
Event: 9.846 Thread 0x000001dd7b0ef800 Exception <a 'java/net/SocketTimeoutException': Read timed out> (0x00000000f5ec00e8) thrown at [C:\jenkins\workspace\8-2-build-windows-amd64-cygwin\jdk8u291\1294\hotspot\src\share\vm\prims\jni.cpp, line 737]
Event: 10.142 Thread 0x000001dd7b0ef800 Exception <a 'java/net/SocketTimeoutException': Read timed out> (0x00000000f97feb30) thrown at [C:\jenkins\workspace\8-2-build-windows-amd64-cygwin\jdk8u291\1294\hotspot\src\share\vm\prims\jni.cpp, line 737]
Event: 10.152 Thread 0x000001dd7b0ef800 Exception <a 'java/lang/NoSuchMethodError': java.lang.Object.of(Ljava/lang/Object;)Ljava/util/stream/Stream;> (0x00000000f980b700) thrown at [C:\jenkins\workspace\8-2-build-windows-amd64-cygwin\jdk8u291\1294\hotspot\src\share\vm\interpreter\linkResolver.c
Event: 10.157 Thread 0x000001dd7b0ef800 Exception <a 'java/net/SocketTimeoutException': Read timed out> (0x00000000f9839220) thrown at [C:\jenkins\workspace\8-2-build-windows-amd64-cygwin\jdk8u291\1294\hotspot\src\share\vm\prims\jni.cpp, line 737]
Event: 10.205 Thread 0x000001dd7b0ef800 Exception <a 'java/net/SocketTimeoutException': Read timed out> (0x00000000f9d885e0) thrown at [C:\jenkins\workspace\8-2-build-windows-amd64-cygwin\jdk8u291\1294\hotspot\src\share\vm\prims\jni.cpp, line 737]

Events (10 events):
Event: 10.194 loading class org/gradle/internal/concurrent/ManagedExecutorImpl$1
Event: 10.194 loading class org/gradle/internal/concurrent/ManagedExecutorImpl$1 done
Event: 10.194 loading class org/gradle/internal/concurrent/ThreadFactoryImpl$ManagedThreadRunnable
Event: 10.194 loading class org/gradle/internal/concurrent/ThreadFactoryImpl$ManagedThreadRunnable done
Event: 10.194 loading class org/gradle/internal/concurrent/ThreadFactoryImpl$ManagedThreadRunnable
Event: 10.194 loading class org/gradle/internal/concurrent/ThreadFactoryImpl$ManagedThreadRunnable done
Event: 10.195 loading class com/sun/proxy/$Proxy2
Event: 10.195 loading class com/sun/proxy/$Proxy2 done
Event: 10.196 loading class com/sun/proxy/$Proxy2
Event: 10.196 loading class com/sun/proxy/$Proxy2 done


Dynamic libraries:
0x00007ff797260000 - 0x00007ff7972a7000 	C:\Program Files\Java\jdk1.8.0_291\bin\java.exe
0x00007fff72470000 - 0x00007fff72666000 	C:\Windows\SYSTEM32\ntdll.dll
0x00007fff71460000 - 0x00007fff7151d000 	C:\Windows\System32\KERNEL32.DLL
0x00007fff6fef0000 - 0x00007fff701b9000 	C:\Windows\System32\KERNELBASE.dll
0x00007fff719a0000 - 0x00007fff71a4c000 	C:\Windows\System32\ADVAPI32.dll
0x00007fff717f0000 - 0x00007fff7188e000 	C:\Windows\System32\msvcrt.dll
0x00007fff71a50000 - 0x00007fff71aec000 	C:\Windows\System32\sechost.dll
0x00007fff71520000 - 0x00007fff7164b000 	C:\Windows\System32\RPCRT4.dll
0x00007fff706f0000 - 0x00007fff70890000 	C:\Windows\System32\USER32.dll
0x00007fff70400000 - 0x00007fff70422000 	C:\Windows\System32\win32u.dll
0x00007fff71af0000 - 0x00007fff71b1a000 	C:\Windows\System32\GDI32.dll
0x00007fff70210000 - 0x00007fff7031b000 	C:\Windows\System32\gdi32full.dll
0x00007fff70430000 - 0x00007fff704cd000 	C:\Windows\System32\msvcp_win.dll
0x00007fff6fc30000 - 0x00007fff6fd30000 	C:\Windows\System32\ucrtbase.dll
0x00007fff56d70000 - 0x00007fff5700b000 	C:\Windows\WinSxS\amd64_microsoft.windows.common-controls_6595b64144ccf1df_6.0.19041.746_none_ca02b4b61b8320a4\COMCTL32.dll
0x00007fff70910000 - 0x00007fff70940000 	C:\Windows\System32\IMM32.DLL
0x00007fff483a0000 - 0x00007fff483b5000 	C:\Program Files\Java\jdk1.8.0_291\jre\bin\vcruntime140.dll
0x00007fff48300000 - 0x00007fff4839b000 	C:\Program Files\Java\jdk1.8.0_291\jre\bin\msvcp140.dll
0x0000000052db0000 - 0x0000000053610000 	C:\Program Files\Java\jdk1.8.0_291\jre\bin\server\jvm.dll
0x00007fff71090000 - 0x00007fff71098000 	C:\Windows\System32\PSAPI.DLL
0x00007fff54e00000 - 0x00007fff54e27000 	C:\Windows\SYSTEM32\WINMM.dll
0x00007fff4d590000 - 0x00007fff4d599000 	C:\Windows\SYSTEM32\WSOCK32.dll
0x00007fff69730000 - 0x00007fff6973a000 	C:\Windows\SYSTEM32\VERSION.dll
0x00007fff716b0000 - 0x00007fff7171b000 	C:\Windows\System32\WS2_32.dll
0x00007fff6dad0000 - 0x00007fff6dae2000 	C:\Windows\SYSTEM32\kernel.appcore.dll
0x00007fff493f0000 - 0x00007fff49400000 	C:\Program Files\Java\jdk1.8.0_291\jre\bin\verify.dll
0x00007fff47f30000 - 0x00007fff47f5b000 	C:\Program Files\Java\jdk1.8.0_291\jre\bin\java.dll
0x00007fff47ed0000 - 0x00007fff47ee8000 	C:\Program Files\Java\jdk1.8.0_291\jre\bin\zip.dll
0x00007fff70940000 - 0x00007fff71083000 	C:\Windows\System32\SHELL32.dll
0x00007fff6dcd0000 - 0x00007fff6e45f000 	C:\Windows\SYSTEM32\windows.storage.dll
0x00007fff710a0000 - 0x00007fff713f6000 	C:\Windows\System32\combase.dll
0x00007fff6f470000 - 0x00007fff6f49c000 	C:\Windows\SYSTEM32\Wldp.dll
0x00007fff720b0000 - 0x00007fff7215e000 	C:\Windows\System32\SHCORE.dll
0x00007fff72050000 - 0x00007fff720a5000 	C:\Windows\System32\shlwapi.dll
0x00007fff6fae0000 - 0x00007fff6fb06000 	C:\Windows\SYSTEM32\profapi.dll
0x00007fff48060000 - 0x00007fff4807c000 	C:\Program Files\Java\jdk1.8.0_291\jre\bin\net.dll
0x00007fff6f260000 - 0x00007fff6f2ca000 	C:\Windows\system32\mswsock.dll
0x00007fff44740000 - 0x00007fff44753000 	C:\Program Files\Java\jdk1.8.0_291\jre\bin\nio.dll
0x00007fff6f4b0000 - 0x00007fff6f4c8000 	C:\Windows\SYSTEM32\CRYPTSP.dll
0x00007fff6ec20000 - 0x00007fff6ec54000 	C:\Windows\system32\rsaenh.dll
0x00007fff703d0000 - 0x00007fff703f7000 	C:\Windows\System32\bcrypt.dll
0x00007fff6faa0000 - 0x00007fff6face000 	C:\Windows\SYSTEM32\USERENV.dll
0x00007fff6fbb0000 - 0x00007fff6fc30000 	C:\Windows\System32\bcryptprimitives.dll
0x00007fff6f3e0000 - 0x00007fff6f3ec000 	C:\Windows\SYSTEM32\CRYPTBASE.dll
0x00007fff6ef70000 - 0x00007fff6efab000 	C:\Windows\SYSTEM32\IPHLPAPI.DLL
0x00007fff70600000 - 0x00007fff70608000 	C:\Windows\System32\NSI.dll
0x00007fff6ad40000 - 0x00007fff6ad57000 	C:\Windows\SYSTEM32\dhcpcsvc6.DLL
0x00007fff6ad20000 - 0x00007fff6ad3d000 	C:\Windows\SYSTEM32\dhcpcsvc.DLL
0x00007fff6efb0000 - 0x00007fff6f07b000 	C:\Windows\SYSTEM32\DNSAPI.dll
0x00007fff43c50000 - 0x00007fff43c74000 	C:\Program Files\Java\jdk1.8.0_291\jre\bin\sunec.dll
0x00007fff4f5d0000 - 0x00007fff4f5e7000 	C:\Windows\system32\napinsp.dll
0x00007fff4f5b0000 - 0x00007fff4f5cb000 	C:\Windows\system32\pnrpnsp.dll
0x00007fff5c2a0000 - 0x00007fff5c2b5000 	C:\Windows\system32\wshbth.dll
0x00007fff6d120000 - 0x00007fff6d13d000 	C:\Windows\system32\NLAapi.dll
0x00007fff4cbf0000 - 0x00007fff4cc02000 	C:\Windows\System32\winrnr.dll
0x00007fff5d180000 - 0x00007fff5d18a000 	C:\Windows\System32\rasadhlp.dll
0x00007fff6b1b0000 - 0x00007fff6b22f000 	C:\Windows\System32\fwpuclnt.dll
0x00007fff4eb90000 - 0x00007fff4eb9d000 	C:\Program Files\Java\jdk1.8.0_291\jre\bin\sunmscapi.dll
0x00007fff6fd30000 - 0x00007fff6fe86000 	C:\Windows\System32\CRYPT32.dll
0x00007fff6f680000 - 0x00007fff6f6a7000 	C:\Windows\SYSTEM32\ncrypt.dll
0x00007fff6f640000 - 0x00007fff6f67b000 	C:\Windows\SYSTEM32\NTASN1.dll
0x00007fff3fac0000 - 0x00007fff3fc55000 	C:\Program Files\Java\jdk1.8.0_291\jre\bin\awt.dll
0x00007fff71720000 - 0x00007fff717ed000 	C:\Windows\System32\OLEAUT32.dll
0x00007fff6ce50000 - 0x00007fff6cee0000 	C:\Windows\SYSTEM32\apphelp.dll

VM Arguments:
jvm_args: -Daction.aware.typeAhead=false -Dawt.toolkit=sun.awt.windows.WToolkit -Dcom.jetbrains.suppressWindowRaise=false -Dfile.encoding.pkg=sun.io -Dfile.separator=\ -Dide.native.launcher=true -Didea.active=true -Didea.cycle.buffer.size=1024 -Didea.dynamic.classpath=false -Didea.fatal.error.notification=disabled -Didea.jre.check=true -Didea.max.content.load.filesize=20000 -Didea.max.intellisense.filesize=2500 -Didea.no.launcher=false -Didea.paths.selector=IdeaIC2021.1 -Didea.platform.prefix=Idea -Didea.popup.weight=heavy -Didea.vendor.name=JetBrains -Didea.version=2021.1.1 -Didea.xdebug.key=-Xdebug -Dio.netty.allocator.cacheTrimIntervalMillis=600000 -Dio.netty.allocator.numDirectArenas=1 -Dio.netty.allocator.numHeapArenas=1 -Dio.netty.allocator.useCacheForAllThreads=false -Dio.netty.machineId=28:f0:76:ff:fe:16:65:0e -Dio.netty.processId=56772 -Dio.netty.serviceThreadPrefix=Netty  -Djava.awt.graphicsenv=sun.awt.Win32GraphicsEnvironment -Djava.awt.printerjob=sun.awt.windows.WPrinterJob -Djava.class.version=52.0 -Djava.endorsed.dirs=C:\Program Files\Java\jdk1.8.0_291\jre\lib\endorsed -Djava.ext.dirs=C:\Program Files\Java\jdk1.8.0_291\jre\lib\ext;C:\Windows\Sun\Java\lib\ext -Djava.home=C:\Program Files\Java\jdk1.8.0_291\jre -Djava.library.path=C:\Program Files\Java\jdk1.8.0_291\bin;C:\Windows\Sun\Java\bin;C:\Windows\system32;C:\Windows;C:\Python39\Scripts\;C:\Python39\;C:\Program Files (x86)\Common Files\Oracle\Java\javapath;C:\Windows\system32;C:\Windows;C:\Windows\System32\Wbem;C:\Windows\System32\WindowsPowerShell\v1.0\;C:\Windows\System32\OpenSSH\;C:\Program Files\Git\cmd;C:\Program Files\Docker\Docker\resources\bin;C:\ProgramData\DockerDesktop\version-bin;C:\Program Files\PuTTY\;C:\Gradle\gradle-7.0.2\bin;C:\Program Files\Java\jdk1.8.0_291\bin;C:\Program Files\nodejs\;C:\ProgramData\chocolatey\bin;C:\apache-maven-3.8.2\bin;C:\Program Files\Java\jdk1.8.0_291\bin;D:\Usuarios\analista.pruebas6\scoop\shims;C:\Program Files\MySQL\MySQL Shell 8.0\bin\;D:\Usuarios\analista.pruebas6\AppData\Local\Microsoft\WindowsApps;C:\Program Files\JetBrains\IntelliJ IDEA Community Edition 2021.1.1\bin;D:\Usuarios\analista.pruebas6\AppData\Local\Programs\Microsoft VS Code\bin;D:\Usuarios\analista.pruebas6\AppData\Roaming\npm;C:\allure-2.13.5\bin;;. -Djava.rmi.server.disableHttp=true -Djava.rmi.server.hostname=127.0.0.1 -Djava.runtime.name=OpenJDK Runtime Environment -Djava.runtime.version=1.8.0_291-b10 -Djava.security.manager=worker.org.gradle.process.internal.worker.child.BootstrapSecurityManager -Djava.specification.name=Java Platform API Specification -Djava.specification.vendor=Oracle Corporation -Djava.specification.version=1.8 -Djava.util.concurrent.ForkJoinPool.common.threadFactory=com.intellij.concurrency.IdeaForkJoinWorkerThreadFactory -Djava.vendor=Oracle Corporation -Djava.vendor.url=http://java.oracle.com/ -Djava.vendor.url.bug=https://bugreport.java.com/bugreport/ -Djava.vendor.version=JBR-11.0.10.9-1341.41-dcevm -Djava.version=1.8.0_291 -Djava.version.date=2021-01-19 -Djava.vm.compressedOopsMode=32-bit -Djava.vm.info=mixed mode -Djava.vm.name=Java HotSpot(TM) 64-Bit Server VM -Djava.vm.specification.name=Java Virtual Machine Specification -Djava.vm.specification.vendor=Oracle Corporation -Djava.vm.specification.version=1.8 -Djava.vm.vendor=Oracle Corporation -Djava.vm.version=25.291-b10 -Djavax.swing.rebaseCssSizeMap=true -Djb.vmOptionsFile=D:\Usuarios\analista.pruebas6\AppData\Roaming\JetBrains\IdeaIC2021.1\idea64.exe.vmoptions -Djdk.attach.allowAttachSelf=true -Djdk.debug=release -Djdk.http.auth.tunneling.disabledSchemes= -Djdk.module.illegalAccess.silent=true -Djna.loaded=true -Djna.nosys=true -Djna.tmpdir=D:\Usuarios\analista.pruebas6\AppData\Local\JetBrains\IdeaIC2021.1/tmp -Djnidispatch.path=D:\Usuarios\analista.pruebas6\AppData\Local\JetBrains\IdeaIC2021.1\tmp\jna13747590771681463705.dll -Dkotlinx.coroutines.debug=off -Dlibrary.jansi.path=D:\Usuarios\analista.pruebas6\.gradle\native\jansi\1.18\windows64 -Dline.separator=
 -Dlog4j.defaultInitOverride=true -Dorg.gradle.native=false -Dos.arch=amd64 -Dos.name=Windows 10 -Dos.version=10.0 -Dpath.separator=; -Dproject.build.directory=D:\Usuarios\analista.pruebas6\Documents\DigicreditoSerenity BDD -Dpty4j.preferred.native.folder=C:\Program Files\JetBrains\IntelliJ IDEA Community Edition 2021.1.1\lib\pty4j-native -Dpty4j.tmpdir=D:\Usuarios\analista.pruebas6\AppData\Local\JetBrains\IdeaIC2021.1/tmp -Dsun.arch.data.model=64 -Dsun.boot.class.path=C:\Program Files\Java\jdk1.8.0_291\jre\lib\resources.jar;C:\Program Files\Java\jdk1.8.0_291\jre\lib\rt.jar;C:\Program Files\Java\jdk1.8.0_291\jre\lib\sunrsasign.jar;C:\Program Files\Java\jdk1.8.0_291\jre\lib\jsse.jar;C:\Program Files\Java\jdk1.8.0_291\jre\lib\jce.jar;C:\Program Files\Java\jdk1.8.0_291\jre\lib\charsets.jar;C:\Program Files\Java\jdk1.8.0_291\jre\lib\jfr.jar;C:\Program Files\Java\jdk1.8.0_291\jre\classes -Dsun.boot.library.path=C:\Program Files\Java\jdk1.8.0_291\jre\bin -Dsun.cpu.endian=little -Dsun.cpu.isalist=amd64 -Dsun.desktop=windows -Dsun.io.unicode.encoding=UnicodeLittle -Dsun.jnu.encoding=Cp1252 -Dsun.management.compiler=HotSpot 64-Bit Tiered Compilers -Dsun.os.patch.level -Dswing.bufferPerWindow=false -Duser.dir=D:\Usuarios\analista.pruebas6\Documents\DigicreditoSerenity BDD -Duser.home=D:\Usuarios\analista.pruebas6 -Duser.name=analista.pruebas6 -Duser.script -Duser.timezone=America/Bogota -Dwinp.folder.preferred=D:\Usuarios\analista.pruebas6\AppData\Local\JetBrains\IdeaIC2021.1/tmp -Xmx512m -Dfile.encoding=Cp1252 -Djava.io.tmpdir=D:\Usuarios\analista.pruebas6\AppData\Local\Temp\ -Duser.country=CO -Duser.language=es -Duser.variant -ea 
java_command: worker.org.gradle.process.internal.worker.GradleWorkerMain 'Gradle Test Executor 3'
java_class_path (initial): D:\Usuarios\analista.pruebas6\.gradle\caches\6.3\workerMain\gradle-worker.jar
Launcher Type: SUN_STANDARD

Environment Variables:
JAVA_HOME=C:\Program Files\Java\jdk1.8.0_291
PATH=C:\Python39\Scripts\;C:\Python39\;C:\Program Files (x86)\Common Files\Oracle\Java\javapath;C:\Windows\system32;C:\Windows;C:\Windows\System32\Wbem;C:\Windows\System32\WindowsPowerShell\v1.0\;C:\Windows\System32\OpenSSH\;C:\Program Files\Git\cmd;C:\Program Files\Docker\Docker\resources\bin;C:\ProgramData\DockerDesktop\version-bin;C:\Program Files\PuTTY\;C:\Gradle\gradle-7.0.2\bin;C:\Program Files\Java\jdk1.8.0_291\bin;C:\Program Files\nodejs\;C:\ProgramData\chocolatey\bin;C:\apache-maven-3.8.2\bin;C:\Program Files\Java\jdk1.8.0_291\bin;D:\Usuarios\analista.pruebas6\scoop\shims;C:\Program Files\MySQL\MySQL Shell 8.0\bin\;D:\Usuarios\analista.pruebas6\AppData\Local\Microsoft\WindowsApps;C:\Program Files\JetBrains\IntelliJ IDEA Community Edition 2021.1.1\bin;D:\Usuarios\analista.pruebas6\AppData\Local\Programs\Microsoft VS Code\bin;D:\Usuarios\analista.pruebas6\AppData\Roaming\npm;C:\allure-2.13.5\bin;
USERNAME=analista.pruebas6
OS=Windows_NT
PROCESSOR_IDENTIFIER=Intel64 Family 6 Model 142 Stepping 12, GenuineIntel



---------------  S Y S T E M  ---------------

OS: Windows 10.0 , 64 bit Build 19041 (10.0.19041.662)

CPU:total 8 (initial active 8) (4 cores per cpu, 2 threads per core) family 6 model 142 stepping 12, cmov, cx8, fxsr, mmx, sse, sse2, sse3, ssse3, sse4.1, sse4.2, popcnt, avx, avx2, aes, clmul, erms, 3dnowpref, lzcnt, ht, tsc, tscinvbit, bmi1, bmi2, adx

Memory: 4k page, physical 16610856k(3619768k free), swap 47043796k(5120k free)

vm_info: Java HotSpot(TM) 64-Bit Server VM (25.291-b10) for windows-amd64 JRE (1.8.0_291-b10), built on Apr  9 2021 00:02:00 by "java_re" with MS VC++ 15.9 (VS2017)

time: Thu Jan 13 21:24:36 2022
timezone: Hora est. Pacífico, Sudamérica
elapsed time: 10.275523 seconds (0d 0h 0m 10s)

