#
# There is insufficient memory for the Java Runtime Environment to continue.
# Native memory allocation (malloc) failed to allocate 1680464 bytes for Chunk::new
# Possible reasons:
#   The system is out of physical RAM or swap space
#   The process is running with CompressedOops enabled, and the Java Heap may be blocking the growth of the native heap
# Possible solutions:
#   Reduce memory load on the system
#   Increase physical memory or swap space
#   Check if swap backing store is full
#   Decrease Java heap size (-Xmx/-Xms)
#   Decrease number of Java threads
#   Decrease Java thread stack sizes (-Xss)
#   Set larger code cache with -XX:ReservedCodeCacheSize=
#   JVM is running with Unscaled Compressed Oops mode in which the Java heap is
#     placed in the first 4GB address space. The Java Heap base address is the
#     maximum limit for the native heap growth. Please use -XX:HeapBaseMinAddress
#     to set the Java Heap base and to place the Java Heap above 4GB virtual address.
# This output file may be truncated or incomplete.
#
#  Out of Memory Error (allocation.cpp:389), pid=13448, tid=0x0000000000001420
#
# JRE version: Java(TM) SE Runtime Environment (8.0_291-b10) (build 1.8.0_291-b10)
# Java VM: Java HotSpot(TM) 64-Bit Server VM (25.291-b10 mixed mode windows-amd64 compressed oops)
# Failed to write core dump. Minidumps are not enabled by default on client versions of Windows
#

---------------  T H R E A D  ---------------

Current thread (0x000001479da5a000):  JavaThread "C2 CompilerThread1" daemon [_thread_in_native, id=5152, stack(0x0000004518900000,0x0000004518a00000)]

Stack: [0x0000004518900000,0x0000004518a00000]
Native frames: (J=compiled Java code, j=interpreted, Vv=VM code, C=native code)
V  [jvm.dll+0x32ea19]
V  [jvm.dll+0x275462]
V  [jvm.dll+0x27610d]
V  [jvm.dll+0x26cb45]
V  [jvm.dll+0xd524c]
V  [jvm.dll+0xd5a4c]
V  [jvm.dll+0x46fd95]
V  [jvm.dll+0x437a08]
V  [jvm.dll+0x440855]
V  [jvm.dll+0x43fc15]
V  [jvm.dll+0x42aa57]
V  [jvm.dll+0xabeeb]
V  [jvm.dll+0xaa54b]
V  [jvm.dll+0x23db02]
V  [jvm.dll+0x29210c]
C  [ucrtbase.dll+0x214c2]
C  [KERNEL32.DLL+0x17034]
C  [ntdll.dll+0x4d0d1]


Current CompileTask:
C2: 304663 13048       4       org.gradle.api.internal.artifacts.ivyservice.resolveengine.graph.builder.DependencyGraphBuilder::resolveEdges (43 bytes)


---------------  P R O C E S S  ---------------

Java Threads: ( => current thread )
  0x00000147a53fb800 JavaThread "pool-7-thread-1" [_thread_in_Java, id=5964, stack(0x000000451b200000,0x000000451b300000)]
  0x00000147a53fd000 JavaThread "Exec process Thread 12" [_thread_blocked, id=11476, stack(0x000000451ba00000,0x000000451bb00000)]
  0x00000147a53fd800 JavaThread "Exec process Thread 11" [_thread_blocked, id=3220, stack(0x000000451b900000,0x000000451ba00000)]
  0x00000147a53f1000 JavaThread "Exec process Thread 10" [_thread_blocked, id=12788, stack(0x000000451b800000,0x000000451b900000)]
  0x00000147a53f0000 JavaThread "Exec process Thread 9" [_thread_blocked, id=15376, stack(0x000000451b600000,0x000000451b700000)]
  0x00000147a53f1800 JavaThread "Cache worker for Java compile cache (D:\Usuarios\analista.pruebas6\Documents\DigicreditoSerenity BDD\.gradle\6.3\javaCompile)" [_thread_blocked, id=16988, stack(0x000000451b100000,0x000000451b200000)]
  0x00000147a53f4800 JavaThread "Cache worker for execution history cache (D:\Usuarios\analista.pruebas6\Documents\DigicreditoSerenity BDD\.gradle\6.3\executionHistory)" [_thread_blocked, id=13092, stack(0x000000451b000000,0x000000451b100000)]
  0x00000147a53f2800 JavaThread "Execution worker for ':' Thread 7" [_thread_blocked, id=1296, stack(0x000000451af00000,0x000000451b000000)]
  0x00000147a393f800 JavaThread "Execution worker for ':' Thread 6" [_thread_blocked, id=8992, stack(0x000000451ae00000,0x000000451af00000)]
  0x00000147a393d000 JavaThread "Execution worker for ':' Thread 5" [_thread_blocked, id=16524, stack(0x000000451ad00000,0x000000451ae00000)]
  0x00000147a393e000 JavaThread "Execution worker for ':' Thread 4" [_thread_blocked, id=10448, stack(0x000000451ac00000,0x000000451ad00000)]
  0x00000147a393e800 JavaThread "Execution worker for ':' Thread 3" [_thread_blocked, id=10000, stack(0x000000451ab00000,0x000000451ac00000)]
  0x00000147a3940000 JavaThread "Execution worker for ':' Thread 2" [_thread_blocked, id=5452, stack(0x000000451a800000,0x000000451a900000)]
  0x00000147a3943000 JavaThread "Execution worker for ':'" [_thread_blocked, id=18824, stack(0x000000451a700000,0x000000451a800000)]
  0x00000147a3942800 JavaThread "Cache worker for file content cache (D:\Usuarios\analista.pruebas6\Documents\DigicreditoSerenity BDD\.gradle\6.3\fileContent)" [_thread_blocked, id=19420, stack(0x000000451a600000,0x000000451a700000)]
  0x00000147a3941800 JavaThread "Cache worker for Build Output Cleanup Cache (D:\Usuarios\analista.pruebas6\Documents\DigicreditoSerenity BDD\.gradle\buildOutputCleanup)" [_thread_blocked, id=1876, stack(0x000000451a500000,0x000000451a600000)]
  0x00000147a3941000 JavaThread "Build operations Thread 8" [_thread_blocked, id=18076, stack(0x000000451a400000,0x000000451a500000)]
  0x00000147a3935800 JavaThread "Build operations Thread 7" [_thread_blocked, id=17884, stack(0x000000451a300000,0x000000451a400000)]
  0x00000147a393c800 JavaThread "Build operations Thread 6" [_thread_blocked, id=920, stack(0x000000451a200000,0x000000451a300000)]
  0x00000147a3934800 JavaThread "Build operations Thread 5" [_thread_blocked, id=18384, stack(0x000000451a100000,0x000000451a200000)]
  0x00000147a393b800 JavaThread "Build operations Thread 4" [_thread_blocked, id=19264, stack(0x000000451a000000,0x000000451a100000)]
  0x00000147a3934000 JavaThread "Build operations Thread 3" [_thread_blocked, id=2796, stack(0x0000004519e00000,0x0000004519f00000)]
  0x00000147a393b000 JavaThread "Build operations Thread 2" [_thread_blocked, id=17952, stack(0x0000004519d00000,0x0000004519e00000)]
  0x00000147a3939800 JavaThread "Build operations" [_thread_blocked, id=16472, stack(0x0000004519c00000,0x0000004519d00000)]
  0x00000147a3936000 JavaThread "Cache worker for cache directory md-rule (D:\Usuarios\analista.pruebas6\.gradle\caches\6.3\md-rule)" [_thread_blocked, id=11276, stack(0x0000004519b00000,0x0000004519c00000)]
  0x00000147a3938800 JavaThread "Cache worker for cache directory md-supplier (D:\Usuarios\analista.pruebas6\.gradle\caches\6.3\md-supplier)" [_thread_blocked, id=7956, stack(0x0000004519700000,0x0000004519800000)]
  0x00000147a3937000 JavaThread "Cache worker for file hash cache (D:\Usuarios\analista.pruebas6\Documents\DigicreditoSerenity BDD\.gradle\6.3\fileHashes)" [_thread_blocked, id=10204, stack(0x0000004519600000,0x0000004519700000)]
  0x00000147a3937800 JavaThread "Cache worker for checksums cache (D:\Usuarios\analista.pruebas6\Documents\DigicreditoSerenity BDD\.gradle\checksums)" [_thread_blocked, id=7772, stack(0x0000004519500000,0x0000004519600000)]
  0x00000147a2d6d000 JavaThread "Thread-96" [_thread_blocked, id=19192, stack(0x0000004519400000,0x0000004519500000)]
  0x00000147a2d6b800 JavaThread "Stdin handler" [_thread_blocked, id=3164, stack(0x0000004519300000,0x0000004519400000)]
  0x00000147a2d6b000 JavaThread "Asynchronous log dispatcher for DefaultDaemonConnection: socket connection from /127.0.0.1:64298 to /127.0.0.1:64409" [_thread_blocked, id=15572, stack(0x0000004519200000,0x0000004519300000)]
  0x00000147a2d6e800 JavaThread "Daemon worker Thread 3" [_thread_blocked, id=3136, stack(0x0000004519100000,0x0000004519200000)]
  0x00000147a2d6a000 JavaThread "Cancel handler" [_thread_blocked, id=13140, stack(0x0000004517900000,0x0000004517a00000)]
  0x00000147a2d6c800 JavaThread "Handler for socket connection from /127.0.0.1:64298 to /127.0.0.1:64409" [_thread_in_native, id=15440, stack(0x0000004517800000,0x0000004517900000)]
  0x00000147a2d68800 JavaThread "Daemon Thread 3" [_thread_blocked, id=13792, stack(0x0000004517700000,0x0000004517800000)]
  0x00000147a3a47800 JavaThread "Cache worker for Java compile cache (D:\Usuarios\analista.pruebas6\.gradle\caches\6.3\javaCompile)" [_thread_blocked, id=17804, stack(0x000000451b400000,0x000000451b500000)]
  0x00000147a3a3a800 JavaThread "Cache worker for file content cache (D:\Usuarios\analista.pruebas6\.gradle\caches\6.3\fileContent)" [_thread_blocked, id=18700, stack(0x000000451aa00000,0x000000451ab00000)]
  0x00000147a3a3e800 JavaThread "Memory manager" [_thread_blocked, id=13464, stack(0x000000451a900000,0x000000451aa00000)]
  0x00000147a0dba800 JavaThread "Cache worker for execution history cache (D:\Usuarios\analista.pruebas6\.gradle\caches\6.3\executionHistory)" [_thread_blocked, id=12488, stack(0x0000004519f00000,0x000000451a000000)]
  0x00000147a0dbd800 JavaThread "Cache worker for file hash cache (D:\Usuarios\analista.pruebas6\.gradle\caches\6.3\fileHashes)" [_thread_blocked, id=18636, stack(0x0000004519a00000,0x0000004519b00000)]
  0x00000147a0dbc800 JavaThread "File lock request listener" [_thread_in_native, id=15460, stack(0x0000004519900000,0x0000004519a00000)]
  0x00000147a0dbb000 JavaThread "Cache worker for journal cache (D:\Usuarios\analista.pruebas6\.gradle\caches\journal-1)" [_thread_blocked, id=14500, stack(0x0000004519800000,0x0000004519900000)]
  0x00000147a0b8a000 JavaThread "Daemon periodic checks" [_thread_blocked, id=18048, stack(0x0000004519000000,0x0000004519100000)]
  0x00000147a0b89000 JavaThread "Incoming local TCP Connector on port 64298" [_thread_in_native, id=13808, stack(0x0000004518f00000,0x0000004519000000)]
  0x00000147a0ae2800 JavaThread "Daemon health stats" [_thread_blocked, id=18000, stack(0x0000004518e00000,0x0000004518f00000)]
  0x000001479dad9800 JavaThread "Service Thread" daemon [_thread_blocked, id=1988, stack(0x0000004518c00000,0x0000004518d00000)]
  0x000001479da62000 JavaThread "C1 CompilerThread3" daemon [_thread_in_native, id=1528, stack(0x0000004518b00000,0x0000004518c00000)]
  0x000001479da60000 JavaThread "C2 CompilerThread2" daemon [_thread_in_native, id=4020, stack(0x0000004518a00000,0x0000004518b00000)]
=>0x000001479da5a000 JavaThread "C2 CompilerThread1" daemon [_thread_in_native, id=5152, stack(0x0000004518900000,0x0000004518a00000)]
  0x000001479da53800 JavaThread "C2 CompilerThread0" daemon [_thread_in_vm, id=9044, stack(0x0000004518800000,0x0000004518900000)]
  0x000001479da52000 JavaThread "Attach Listener" daemon [_thread_blocked, id=7336, stack(0x0000004518700000,0x0000004518800000)]
  0x000001479da51800 JavaThread "Signal Dispatcher" daemon [_thread_blocked, id=17432, stack(0x0000004518600000,0x0000004518700000)]
  0x000001479da30000 JavaThread "Finalizer" daemon [_thread_blocked, id=18548, stack(0x0000004518500000,0x0000004518600000)]
  0x000001479da28800 JavaThread "Reference Handler" daemon [_thread_blocked, id=13616, stack(0x0000004518400000,0x0000004518500000)]
  0x000001478a533000 JavaThread "main" [_thread_blocked, id=13904, stack(0x0000004517a00000,0x0000004517b00000)]

Other Threads:
  0x000001479da02800 VMThread [stack: 0x0000004518300000,0x0000004518400000] [id=13508]
  0x000001479dadd000 WatcherThread [stack: 0x0000004518d00000,0x0000004518e00000] [id=16804]

VM state:not at safepoint (normal execution)

VM Mutex/Monitor currently owned by a thread: None

heap address: 0x00000000e0000000, size: 512 MB, Compressed Oops mode: 32-bit
Narrow klass base: 0x0000000000000000, Narrow klass shift: 3
Compressed class space size: 1073741824 Address: 0x0000000100000000

Heap:
 PSYoungGen      total 127488K, used 59932K [0x00000000f5580000, 0x0000000100000000, 0x0000000100000000)
  eden space 101888K, 34% used [0x00000000f5580000,0x00000000f7762090,0x00000000fb900000)
  from space 25600K, 98% used [0x00000000fb900000,0x00000000fd1a5120,0x00000000fd200000)
  to   space 38400K, 0% used [0x00000000fda80000,0x00000000fda80000,0x0000000100000000)
 ParOldGen       total 244736K, used 90235K [0x00000000e0000000, 0x00000000eef00000, 0x00000000f5580000)
  object space 244736K, 36% used [0x00000000e0000000,0x00000000e581ee58,0x00000000eef00000)
 Metaspace       used 75397K, capacity 79973K, committed 80256K, reserved 1118208K
  class space    used 10346K, capacity 11274K, committed 11392K, reserved 1048576K

Card table byte_map: [0x000001479b240000,0x000001479b350000] byte_map_base: 0x000001479ab40000

Marking Bits: (ParMarkBitMap*) 0x0000000053597fe0
 Begin Bits: [0x000001479b400000, 0x000001479bc00000)
 End Bits:   [0x000001479bc00000, 0x000001479c400000)

Polling page: 0x000001478a6a0000

CodeCache: size=245760Kb used=37227Kb max_used=37227Kb free=208532Kb
 bounds [0x000001478be80000, 0x000001478e310000, 0x000001479ae80000]
 total_blobs=11486 nmethods=10632 adapters=765
 compilation: enabled

Compilation events (10 events):
Event: 304.510 Thread 0x000001479da62000 13098       3       java.lang.ProcessImpl::unQuote (51 bytes)
Event: 304.510 Thread 0x000001479da62000 nmethod 13098 0x000001478e2e5890 code [0x000001478e2e5a60, 0x000001478e2e6460]
Event: 304.517 Thread 0x000001479da53800 nmethod 13090 0x000001478e2f9190 code [0x000001478e2f9320, 0x000001478e2f9b98]
Event: 304.517 Thread 0x000001479da53800 13092       4       java.io.OutputStream::write (79 bytes)
Event: 304.530 Thread 0x000001479da53800 nmethod 13092 0x000001478e2f9fd0 code [0x000001478e2fa1e0, 0x000001478e2faf90]
Event: 304.530 Thread 0x000001479da53800 13093       4       java.io.DataOutputStream::writeUTF (7 bytes)
Event: 304.531 Thread 0x000001479da53800 nmethod 13093 0x000001478cc33690 code [0x000001478cc337e0, 0x000001478cc33868]
Event: 304.531 Thread 0x000001479da53800 13091       4       java.net.URI::appendSchemeSpecificPart (183 bytes)
Event: 304.533 Thread 0x000001479da60000 nmethod 13088 0x000001478e2ffc50 code [0x000001478e2fff20, 0x000001478e302578]
Event: 304.544 Thread 0x000001479da53800 nmethod 13091 0x000001478e2e2dd0 code [0x000001478e2e3040, 0x000001478e2e4178]

GC Heap History (10 events):
Event: 302.596 GC heap before
{Heap before GC invocations=26 (full 3):
 PSYoungGen      total 136192K, used 127779K [0x00000000f5580000, 0x0000000100000000, 0x0000000100000000)
  eden space 103936K, 100% used [0x00000000f5580000,0x00000000fbb00000,0x00000000fbb00000)
  from space 32256K, 73% used [0x00000000fe080000,0x00000000ff7c8cb8,0x0000000100000000)
  to   space 35328K, 0% used [0x00000000fbb00000,0x00000000fbb00000,0x00000000fdd80000)
 ParOldGen       total 244736K, used 90203K [0x00000000e0000000, 0x00000000eef00000, 0x00000000f5580000)
  object space 244736K, 36% used [0x00000000e0000000,0x00000000e5816e58,0x00000000eef00000)
 Metaspace       used 73917K, capacity 78445K, committed 78720K, reserved 1116160K
  class space    used 10185K, capacity 11085K, committed 11136K, reserved 1048576K
Event: 302.601 GC heap after
Heap after GC invocations=26 (full 3):
 PSYoungGen      total 139264K, used 5258K [0x00000000f5580000, 0x0000000100000000, 0x0000000100000000)
  eden space 103936K, 0% used [0x00000000f5580000,0x00000000f5580000,0x00000000fbb00000)
  from space 35328K, 14% used [0x00000000fbb00000,0x00000000fc0229d0,0x00000000fdd80000)
  to   space 34816K, 0% used [0x00000000fde00000,0x00000000fde00000,0x0000000100000000)
 ParOldGen       total 244736K, used 90211K [0x00000000e0000000, 0x00000000eef00000, 0x00000000f5580000)
  object space 244736K, 36% used [0x00000000e0000000,0x00000000e5818e58,0x00000000eef00000)
 Metaspace       used 73917K, capacity 78445K, committed 78720K, reserved 1116160K
  class space    used 10185K, capacity 11085K, committed 11136K, reserved 1048576K
}
Event: 302.767 GC heap before
{Heap before GC invocations=27 (full 3):
 PSYoungGen      total 139264K, used 109194K [0x00000000f5580000, 0x0000000100000000, 0x0000000100000000)
  eden space 103936K, 100% used [0x00000000f5580000,0x00000000fbb00000,0x00000000fbb00000)
  from space 35328K, 14% used [0x00000000fbb00000,0x00000000fc0229d0,0x00000000fdd80000)
  to   space 34816K, 0% used [0x00000000fde00000,0x00000000fde00000,0x0000000100000000)
 ParOldGen       total 244736K, used 90211K [0x00000000e0000000, 0x00000000eef00000, 0x00000000f5580000)
  object space 244736K, 36% used [0x00000000e0000000,0x00000000e5818e58,0x00000000eef00000)
 Metaspace       used 73919K, capacity 78445K, committed 78720K, reserved 1116160K
  class space    used 10185K, capacity 11085K, committed 11136K, reserved 1048576K
Event: 302.773 GC heap after
Heap after GC invocations=27 (full 3):
 PSYoungGen      total 137728K, used 6264K [0x00000000f5580000, 0x00000000ffe80000, 0x0000000100000000)
  eden space 104448K, 0% used [0x00000000f5580000,0x00000000f5580000,0x00000000fbb80000)
  from space 33280K, 18% used [0x00000000fde00000,0x00000000fe41e028,0x00000000ffe80000)
  to   space 34304K, 0% used [0x00000000fbb80000,0x00000000fbb80000,0x00000000fdd00000)
 ParOldGen       total 244736K, used 90211K [0x00000000e0000000, 0x00000000eef00000, 0x00000000f5580000)
  object space 244736K, 36% used [0x00000000e0000000,0x00000000e5818e58,0x00000000eef00000)
 Metaspace       used 73919K, capacity 78445K, committed 78720K, reserved 1116160K
  class space    used 10185K, capacity 11085K, committed 11136K, reserved 1048576K
}
Event: 303.035 GC heap before
{Heap before GC invocations=28 (full 3):
 PSYoungGen      total 137728K, used 110712K [0x00000000f5580000, 0x00000000ffe80000, 0x0000000100000000)
  eden space 104448K, 100% used [0x00000000f5580000,0x00000000fbb80000,0x00000000fbb80000)
  from space 33280K, 18% used [0x00000000fde00000,0x00000000fe41e028,0x00000000ffe80000)
  to   space 34304K, 0% used [0x00000000fbb80000,0x00000000fbb80000,0x00000000fdd00000)
 ParOldGen       total 244736K, used 90211K [0x00000000e0000000, 0x00000000eef00000, 0x00000000f5580000)
  object space 244736K, 36% used [0x00000000e0000000,0x00000000e5818e58,0x00000000eef00000)
 Metaspace       used 74019K, capacity 78597K, committed 78720K, reserved 1116160K
  class space    used 10193K, capacity 11099K, committed 11136K, reserved 1048576K
Event: 303.042 GC heap after
Heap after GC invocations=28 (full 3):
 PSYoungGen      total 138752K, used 7720K [0x00000000f5580000, 0x00000000fff00000, 0x0000000100000000)
  eden space 104448K, 0% used [0x00000000f5580000,0x00000000f5580000,0x00000000fbb80000)
  from space 34304K, 22% used [0x00000000fbb80000,0x00000000fc30a018,0x00000000fdd00000)
  to   space 33280K, 0% used [0x00000000fde80000,0x00000000fde80000,0x00000000fff00000)
 ParOldGen       total 244736K, used 90219K [0x00000000e0000000, 0x00000000eef00000, 0x00000000f5580000)
  object space 244736K, 36% used [0x00000000e0000000,0x00000000e581ae58,0x00000000eef00000)
 Metaspace       used 74019K, capacity 78597K, committed 78720K, reserved 1116160K
  class space    used 10193K, capacity 11099K, committed 11136K, reserved 1048576K
}
Event: 303.910 GC heap before
{Heap before GC invocations=29 (full 3):
 PSYoungGen      total 138752K, used 112168K [0x00000000f5580000, 0x00000000fff00000, 0x0000000100000000)
  eden space 104448K, 100% used [0x00000000f5580000,0x00000000fbb80000,0x00000000fbb80000)
  from space 34304K, 22% used [0x00000000fbb80000,0x00000000fc30a018,0x00000000fdd00000)
  to   space 33280K, 0% used [0x00000000fde80000,0x00000000fde80000,0x00000000fff00000)
 ParOldGen       total 244736K, used 90219K [0x00000000e0000000, 0x00000000eef00000, 0x00000000f5580000)
  object space 244736K, 36% used [0x00000000e0000000,0x00000000e581ae58,0x00000000eef00000)
 Metaspace       used 74111K, capacity 78709K, committed 78976K, reserved 1118208K
  class space    used 10199K, capacity 11107K, committed 11136K, reserved 1048576K
Event: 303.921 GC heap after
Heap after GC invocations=29 (full 3):
 PSYoungGen      total 135168K, used 26950K [0x00000000f5580000, 0x0000000100000000, 0x0000000100000000)
  eden space 101888K, 0% used [0x00000000f5580000,0x00000000f5580000,0x00000000fb900000)
  from space 33280K, 80% used [0x00000000fde80000,0x00000000ff8d1bb0,0x00000000fff00000)
  to   space 36352K, 0% used [0x00000000fb900000,0x00000000fb900000,0x00000000fdc80000)
 ParOldGen       total 244736K, used 90227K [0x00000000e0000000, 0x00000000eef00000, 0x00000000f5580000)
  object space 244736K, 36% used [0x00000000e0000000,0x00000000e581ce58,0x00000000eef00000)
 Metaspace       used 74111K, capacity 78709K, committed 78976K, reserved 1118208K
  class space    used 10199K, capacity 11107K, committed 11136K, reserved 1048576K
}
Event: 304.354 GC heap before
{Heap before GC invocations=30 (full 3):
 PSYoungGen      total 135168K, used 128838K [0x00000000f5580000, 0x0000000100000000, 0x0000000100000000)
  eden space 101888K, 100% used [0x00000000f5580000,0x00000000fb900000,0x00000000fb900000)
  from space 33280K, 80% used [0x00000000fde80000,0x00000000ff8d1bb0,0x00000000fff00000)
  to   space 36352K, 0% used [0x00000000fb900000,0x00000000fb900000,0x00000000fdc80000)
 ParOldGen       total 244736K, used 90227K [0x00000000e0000000, 0x00000000eef00000, 0x00000000f5580000)
  object space 244736K, 36% used [0x00000000e0000000,0x00000000e581ce58,0x00000000eef00000)
 Metaspace       used 75383K, capacity 79969K, committed 80256K, reserved 1118208K
  class space    used 10346K, capacity 11274K, committed 11392K, reserved 1048576K
Event: 304.372 GC heap after
Heap after GC invocations=30 (full 3):
 PSYoungGen      total 127488K, used 25236K [0x00000000f5580000, 0x0000000100000000, 0x0000000100000000)
  eden space 101888K, 0% used [0x00000000f5580000,0x00000000f5580000,0x00000000fb900000)
  from space 25600K, 98% used [0x00000000fb900000,0x00000000fd1a5120,0x00000000fd200000)
  to   space 38400K, 0% used [0x00000000fda80000,0x00000000fda80000,0x0000000100000000)
 ParOldGen       total 244736K, used 90235K [0x00000000e0000000, 0x00000000eef00000, 0x00000000f5580000)
  object space 244736K, 36% used [0x00000000e0000000,0x00000000e581ee58,0x00000000eef00000)
 Metaspace       used 75383K, capacity 79969K, committed 80256K, reserved 1118208K
  class space    used 10346K, capacity 11274K, committed 11392K, reserved 1048576K
}

Deoptimization events (10 events):
Event: 303.872 Thread 0x00000147a3940000 Uncommon trap: reason=array_check action=maybe_recompile pc=0x000001478e22fef0 method=java.util.ComparableTimSort.mergeHi(IIII)V @ 521
Event: 303.885 Thread 0x00000147a3940000 Uncommon trap: reason=array_check action=maybe_recompile pc=0x000001478d6dccf0 method=java.util.ComparableTimSort.mergeLo(IIII)V @ 240
Event: 303.885 Thread 0x00000147a3940000 Uncommon trap: reason=array_check action=maybe_recompile pc=0x000001478d6dcdd0 method=java.util.ComparableTimSort.mergeLo(IIII)V @ 371
Event: 303.885 Thread 0x00000147a3940000 Uncommon trap: reason=array_check action=maybe_recompile pc=0x000001478d6dccf0 method=java.util.ComparableTimSort.mergeLo(IIII)V @ 240
Event: 303.897 Thread 0x00000147a3940000 Uncommon trap: reason=array_check action=maybe_recompile pc=0x000001478d4f2384 method=java.util.ComparableTimSort.mergeLo(IIII)V @ 465
Event: 303.897 Thread 0x00000147a3940000 Uncommon trap: reason=array_check action=maybe_recompile pc=0x000001478d4f2384 method=java.util.ComparableTimSort.mergeLo(IIII)V @ 465
Event: 304.265 Thread 0x00000147a3940000 Uncommon trap: reason=range_check action=make_not_entrant pc=0x000001478e29df38 method=com.sun.tools.javac.util.Convert.utf2chars([BI[CII)I @ 25
Event: 304.265 Thread 0x00000147a3940000 Uncommon trap: reason=range_check action=make_not_entrant pc=0x000001478d4ea07c method=com.sun.tools.javac.util.Convert.utf2chars([BI[CII)I @ 25
Event: 304.285 Thread 0x00000147a3940000 Uncommon trap: reason=unstable_if action=reinterpret pc=0x000001478c53ae24 method=com.google.common.collect.MapMakerInternalMap$Segment.getEntry(Ljava/lang/Object;I)Lcom/google/common/collect/MapMakerInternalMap$InternalEntry; @ 40
Event: 304.285 Thread 0x00000147a3940000 Uncommon trap: reason=unstable_if action=reinterpret pc=0x000001478c855da0 method=com.google.common.collect.MapMakerInternalMap$Segment.drainKeyReferenceQueue(Ljava/lang/ref/ReferenceQueue;)V @ 8

Classes redefined (0 events):
No events

Internal exceptions (10 events):
Event: 303.832 Thread 0x00000147a3940000 Exception <a 'java/io/FileNotFoundException'> (0x00000000fa0f6b30) thrown at [C:\jenkins\workspace\8-2-build-windows-amd64-cygwin\jdk8u291\1294\hotspot\src\share\vm\prims\jni.cpp, line 710]
Event: 303.834 Thread 0x00000147a3940000 Exception <a 'java/io/FileNotFoundException'> (0x00000000fa16ef98) thrown at [C:\jenkins\workspace\8-2-build-windows-amd64-cygwin\jdk8u291\1294\hotspot\src\share\vm\prims\jni.cpp, line 710]
Event: 303.842 Thread 0x00000147a3940000 Exception <a 'java/io/FileNotFoundException'> (0x00000000fa45d168) thrown at [C:\jenkins\workspace\8-2-build-windows-amd64-cygwin\jdk8u291\1294\hotspot\src\share\vm\prims\jni.cpp, line 710]
Event: 303.842 Thread 0x00000147a3940000 Exception <a 'java/io/FileNotFoundException'> (0x00000000fa45e7b8) thrown at [C:\jenkins\workspace\8-2-build-windows-amd64-cygwin\jdk8u291\1294\hotspot\src\share\vm\prims\jni.cpp, line 710]
Event: 303.870 Thread 0x00000147a3940000 Exception <a 'java/io/FileNotFoundException'> (0x00000000fac2efc0) thrown at [C:\jenkins\workspace\8-2-build-windows-amd64-cygwin\jdk8u291\1294\hotspot\src\share\vm\prims\jni.cpp, line 710]
Event: 303.879 Thread 0x00000147a3940000 Exception <a 'java/io/FileNotFoundException'> (0x00000000fb04f978) thrown at [C:\jenkins\workspace\8-2-build-windows-amd64-cygwin\jdk8u291\1294\hotspot\src\share\vm\prims\jni.cpp, line 710]
Event: 303.879 Thread 0x00000147a3940000 Exception <a 'java/io/FileNotFoundException'> (0x00000000fb052890) thrown at [C:\jenkins\workspace\8-2-build-windows-amd64-cygwin\jdk8u291\1294\hotspot\src\share\vm\prims\jni.cpp, line 710]
Event: 303.879 Thread 0x00000147a3940000 Exception <a 'java/io/FileNotFoundException'> (0x00000000fb053e30) thrown at [C:\jenkins\workspace\8-2-build-windows-amd64-cygwin\jdk8u291\1294\hotspot\src\share\vm\prims\jni.cpp, line 710]
Event: 303.879 Thread 0x00000147a3940000 Exception <a 'java/io/FileNotFoundException'> (0x00000000fb05ec80) thrown at [C:\jenkins\workspace\8-2-build-windows-amd64-cygwin\jdk8u291\1294\hotspot\src\share\vm\prims\jni.cpp, line 710]
Event: 304.285 Thread 0x00000147a3940000 Implicit null exception at 0x000001478c53a92e to 0x000001478c53adfd

Events (10 events):
Event: 304.508 Thread 0x00000147a53f6000 DEOPT UNPACKING pc=0x000001478bec7898 sp=0x000000451b3fdee8 mode 0
Event: 304.508 Thread 0x00000147a53f6000 DEOPT PACKING pc=0x000001478ca7ad7d sp=0x000000451b3fe1b0
Event: 304.508 Thread 0x00000147a53f6000 DEOPT UNPACKING pc=0x000001478bec7898 sp=0x000000451b3fdee8 mode 0
Event: 304.508 Thread 0x00000147a53f6000 DEOPT PACKING pc=0x000001478ca7ad7d sp=0x000000451b3fe1b0
Event: 304.508 Thread 0x00000147a53f6000 DEOPT UNPACKING pc=0x000001478bec7898 sp=0x000000451b3fdee8 mode 0
Event: 304.509 Thread 0x00000147a53f0000 Thread added: 0x00000147a53f0000
Event: 304.598 Thread 0x00000147a53f7800 Thread added: 0x00000147a53f7800
Event: 304.598 Thread 0x00000147a53f1000 Thread added: 0x00000147a53f1000
Event: 304.598 Thread 0x00000147a53fd800 Thread added: 0x00000147a53fd800
Event: 304.598 Thread 0x00000147a53fd000 Thread added: 0x00000147a53fd000


Dynamic libraries:
0x00007ff797260000 - 0x00007ff7972a7000 	C:\Program Files\Java\jdk1.8.0_291\bin\java.exe
0x00007fff72470000 - 0x00007fff72666000 	C:\Windows\SYSTEM32\ntdll.dll
0x00007fff71460000 - 0x00007fff7151d000 	C:\Windows\System32\KERNEL32.DLL
0x00007fff6fef0000 - 0x00007fff701b9000 	C:\Windows\System32\KERNELBASE.dll
0x00007fff719a0000 - 0x00007fff71a4c000 	C:\Windows\System32\ADVAPI32.dll
0x00007fff717f0000 - 0x00007fff7188e000 	C:\Windows\System32\msvcrt.dll
0x00007fff71a50000 - 0x00007fff71aec000 	C:\Windows\System32\sechost.dll
0x00007fff71520000 - 0x00007fff7164b000 	C:\Windows\System32\RPCRT4.dll
0x00007fff706f0000 - 0x00007fff70890000 	C:\Windows\System32\USER32.dll
0x00007fff70400000 - 0x00007fff70422000 	C:\Windows\System32\win32u.dll
0x00007fff71af0000 - 0x00007fff71b1a000 	C:\Windows\System32\GDI32.dll
0x00007fff70210000 - 0x00007fff7031b000 	C:\Windows\System32\gdi32full.dll
0x00007fff70430000 - 0x00007fff704cd000 	C:\Windows\System32\msvcp_win.dll
0x00007fff6fc30000 - 0x00007fff6fd30000 	C:\Windows\System32\ucrtbase.dll
0x00007fff56d70000 - 0x00007fff5700b000 	C:\Windows\WinSxS\amd64_microsoft.windows.common-controls_6595b64144ccf1df_6.0.19041.746_none_ca02b4b61b8320a4\COMCTL32.dll
0x00007fff70910000 - 0x00007fff70940000 	C:\Windows\System32\IMM32.DLL
0x00007fff483a0000 - 0x00007fff483b5000 	C:\Program Files\Java\jdk1.8.0_291\jre\bin\vcruntime140.dll
0x00007fff48300000 - 0x00007fff4839b000 	C:\Program Files\Java\jdk1.8.0_291\jre\bin\msvcp140.dll
0x0000000052db0000 - 0x0000000053610000 	C:\Program Files\Java\jdk1.8.0_291\jre\bin\server\jvm.dll
0x00007fff71090000 - 0x00007fff71098000 	C:\Windows\System32\PSAPI.DLL
0x00007fff54e00000 - 0x00007fff54e27000 	C:\Windows\SYSTEM32\WINMM.dll
0x00007fff69730000 - 0x00007fff6973a000 	C:\Windows\SYSTEM32\VERSION.dll
0x00007fff4d590000 - 0x00007fff4d599000 	C:\Windows\SYSTEM32\WSOCK32.dll
0x00007fff716b0000 - 0x00007fff7171b000 	C:\Windows\System32\WS2_32.dll
0x00007fff6dad0000 - 0x00007fff6dae2000 	C:\Windows\SYSTEM32\kernel.appcore.dll
0x00007fff493f0000 - 0x00007fff49400000 	C:\Program Files\Java\jdk1.8.0_291\jre\bin\verify.dll
0x00007fff47f30000 - 0x00007fff47f5b000 	C:\Program Files\Java\jdk1.8.0_291\jre\bin\java.dll
0x00007fff47ed0000 - 0x00007fff47ee8000 	C:\Program Files\Java\jdk1.8.0_291\jre\bin\zip.dll
0x00007fff70940000 - 0x00007fff71083000 	C:\Windows\System32\SHELL32.dll
0x00007fff6dcd0000 - 0x00007fff6e45f000 	C:\Windows\SYSTEM32\windows.storage.dll
0x00007fff710a0000 - 0x00007fff713f6000 	C:\Windows\System32\combase.dll
0x00007fff6f470000 - 0x00007fff6f49c000 	C:\Windows\SYSTEM32\Wldp.dll
0x00007fff720b0000 - 0x00007fff7215e000 	C:\Windows\System32\SHCORE.dll
0x00007fff72050000 - 0x00007fff720a5000 	C:\Windows\System32\shlwapi.dll
0x00007fff6fae0000 - 0x00007fff6fb06000 	C:\Windows\SYSTEM32\profapi.dll
0x00007fff48060000 - 0x00007fff4807c000 	C:\Program Files\Java\jdk1.8.0_291\jre\bin\net.dll
0x00007fff6f260000 - 0x00007fff6f2ca000 	C:\Windows\system32\mswsock.dll
0x00007fff44740000 - 0x00007fff44753000 	C:\Program Files\Java\jdk1.8.0_291\jre\bin\nio.dll
0x00007fff361c0000 - 0x00007fff361e7000 	D:\Usuarios\analista.pruebas6\.gradle\native\c976cfcca226fdd4bee4412e95191dd41148b7504f9625baeda1d523bc39a967\windows-amd64\native-platform.dll
0x00007fff48050000 - 0x00007fff4805d000 	C:\Program Files\Java\jdk1.8.0_291\jre\bin\management.dll
0x00007fff6f4b0000 - 0x00007fff6f4c8000 	C:\Windows\SYSTEM32\CRYPTSP.dll
0x00007fff6ec20000 - 0x00007fff6ec54000 	C:\Windows\system32\rsaenh.dll
0x00007fff703d0000 - 0x00007fff703f7000 	C:\Windows\System32\bcrypt.dll
0x00007fff6faa0000 - 0x00007fff6face000 	C:\Windows\SYSTEM32\USERENV.dll
0x00007fff6fbb0000 - 0x00007fff6fc30000 	C:\Windows\System32\bcryptprimitives.dll
0x00007fff6f3e0000 - 0x00007fff6f3ec000 	C:\Windows\SYSTEM32\CRYPTBASE.dll
0x00007fff6ef70000 - 0x00007fff6efab000 	C:\Windows\SYSTEM32\IPHLPAPI.DLL
0x00007fff70600000 - 0x00007fff70608000 	C:\Windows\System32\NSI.dll
0x00007fff6ad40000 - 0x00007fff6ad57000 	C:\Windows\SYSTEM32\dhcpcsvc6.DLL
0x00007fff6ad20000 - 0x00007fff6ad3d000 	C:\Windows\SYSTEM32\dhcpcsvc.DLL
0x00007fff6efb0000 - 0x00007fff6f07b000 	C:\Windows\SYSTEM32\DNSAPI.dll
0x00007fff59b40000 - 0x00007fff59d24000 	C:\Windows\SYSTEM32\dbghelp.dll

VM Arguments:
jvm_args: -XX:MaxMetaspaceSize=256m -XX:+HeapDumpOnOutOfMemoryError -Xms256m -Xmx512m -Dfile.encoding=windows-1252 -Duser.country=CO -Duser.language=es -Duser.variant 
java_command: org.gradle.launcher.daemon.bootstrap.GradleDaemon 6.3
java_class_path (initial): D:\Usuarios\analista.pruebas6\.gradle\wrapper\dists\gradle-6.3-bin\8tpu6egwsccjzp10c1jckl0rx\gradle-6.3\lib\gradle-launcher-6.3.jar
Launcher Type: SUN_STANDARD

Environment Variables:
JAVA_HOME=C:\Program Files\Java\jdk1.8.0_291
PATH=C:\Python39\Scripts\;C:\Python39\;C:\Program Files (x86)\Common Files\Oracle\Java\javapath;C:\Windows\system32;C:\Windows;C:\Windows\System32\Wbem;C:\Windows\System32\WindowsPowerShell\v1.0\;C:\Windows\System32\OpenSSH\;C:\Program Files\Git\cmd;C:\Program Files\Docker\Docker\resources\bin;C:\ProgramData\DockerDesktop\version-bin;C:\Program Files\PuTTY\;C:\Gradle\gradle-7.0.2\bin;C:\Program Files\Java\jdk1.8.0_291\bin;C:\Program Files\nodejs\;C:\ProgramData\chocolatey\bin;C:\apache-maven-3.8.2\bin;C:\Program Files\Java\jdk1.8.0_291\bin;D:\Usuarios\analista.pruebas6\scoop\shims;C:\Program Files\MySQL\MySQL Shell 8.0\bin\;D:\Usuarios\analista.pruebas6\AppData\Local\Microsoft\WindowsApps;C:\Program Files\JetBrains\IntelliJ IDEA Community Edition 2021.1.1\bin;D:\Usuarios\analista.pruebas6\AppData\Local\Programs\Microsoft VS Code\bin;D:\Usuarios\analista.pruebas6\AppData\Roaming\npm;C:\allure-2.13.5\bin;
USERNAME=analista.pruebas6
OS=Windows_NT
PROCESSOR_IDENTIFIER=Intel64 Family 6 Model 142 Stepping 12, GenuineIntel



---------------  S Y S T E M  ---------------

OS: Windows 10.0 , 64 bit Build 19041 (10.0.19041.662)

CPU:total 8 (initial active 8) (4 cores per cpu, 2 threads per core) family 6 model 142 stepping 12, cmov, cx8, fxsr, mmx, sse, sse2, sse3, ssse3, sse4.1, sse4.2, popcnt, avx, avx2, aes, clmul, erms, 3dnowpref, lzcnt, ht, tsc, tscinvbit, bmi1, bmi2, adx

Memory: 4k page, physical 16610856k(4824632k free), swap 47043796k(296256k free)

vm_info: Java HotSpot(TM) 64-Bit Server VM (25.291-b10) for windows-amd64 JRE (1.8.0_291-b10), built on Apr  9 2021 00:02:00 by "java_re" with MS VC++ 15.9 (VS2017)

time: Fri Jan 14 14:20:48 2022
timezone: Hora est. Pacífico, Sudamérica
elapsed time: 304.671482 seconds (0d 0h 5m 4s)

