#
# There is insufficient memory for the Java Runtime Environment to continue.
# Native memory allocation (malloc) failed to allocate 740976 bytes for Chunk::new
# Possible reasons:
#   The system is out of physical RAM or swap space
#   The process is running with CompressedOops enabled, and the Java Heap may be blocking the growth of the native heap
# Possible solutions:
#   Reduce memory load on the system
#   Increase physical memory or swap space
#   Check if swap backing store is full
#   Decrease Java heap size (-Xmx/-Xms)
#   Decrease number of Java threads
#   Decrease Java thread stack sizes (-Xss)
#   Set larger code cache with -XX:ReservedCodeCacheSize=
#   JVM is running with Unscaled Compressed Oops mode in which the Java heap is
#     placed in the first 4GB address space. The Java Heap base address is the
#     maximum limit for the native heap growth. Please use -XX:HeapBaseMinAddress
#     to set the Java Heap base and to place the Java Heap above 4GB virtual address.
# This output file may be truncated or incomplete.
#
#  Out of Memory Error (allocation.cpp:389), pid=10632, tid=0x0000000000001980
#
# JRE version: Java(TM) SE Runtime Environment (8.0_291-b10) (build 1.8.0_291-b10)
# Java VM: Java HotSpot(TM) 64-Bit Server VM (25.291-b10 mixed mode windows-amd64 compressed oops)
# Failed to write core dump. Minidumps are not enabled by default on client versions of Windows
#

---------------  T H R E A D  ---------------

Current thread (0x000002c2688b4800):  JavaThread "C2 CompilerThread1" daemon [_thread_in_native, id=6528, stack(0x000000e14cd00000,0x000000e14ce00000)]

Stack: [0x000000e14cd00000,0x000000e14ce00000]
Native frames: (J=compiled Java code, j=interpreted, Vv=VM code, C=native code)
V  [jvm.dll+0x32ea19]
V  [jvm.dll+0x275462]
V  [jvm.dll+0x27610d]
V  [jvm.dll+0x26cb45]
V  [jvm.dll+0xd524c]
V  [jvm.dll+0xd5a4c]
V  [jvm.dll+0x46fd43]
V  [jvm.dll+0x437a08]
V  [jvm.dll+0x440855]
V  [jvm.dll+0x43fc15]
V  [jvm.dll+0x42aa57]
V  [jvm.dll+0xabeeb]
V  [jvm.dll+0xaa54b]
V  [jvm.dll+0x23db02]
V  [jvm.dll+0x29210c]
C  [ucrtbase.dll+0x214c2]
C  [KERNEL32.DLL+0x17034]
C  [ntdll.dll+0x4d0d1]


Current CompileTask:
C2:   1312 1344  s!   4       sun.misc.URLClassPath::getLoader (243 bytes)


---------------  P R O C E S S  ---------------

Java Threads: ( => current thread )
  0x000002c269d76800 JavaThread "/127.0.0.1:64310 to /127.0.0.1:64309 workers Thread 3" [_thread_in_native, id=16532, stack(0x000000e14d500000,0x000000e14d600000)]
  0x000002c269795000 JavaThread "/127.0.0.1:64310 to /127.0.0.1:64309 workers Thread 2" [_thread_blocked, id=11840, stack(0x000000e14d400000,0x000000e14d500000)]
  0x000002c269aff800 JavaThread "Test worker" [_thread_in_vm, id=19168, stack(0x000000e14d300000,0x000000e14d400000)]
  0x000002c26895b800 JavaThread "Service Thread" daemon [_thread_blocked, id=15208, stack(0x000000e14d000000,0x000000e14d100000)]
  0x000002c2688b6800 JavaThread "C1 CompilerThread3" daemon [_thread_blocked, id=16236, stack(0x000000e14cf00000,0x000000e14d000000)]
  0x000002c2688b5800 JavaThread "C2 CompilerThread2" daemon [_thread_in_native, id=14184, stack(0x000000e14ce00000,0x000000e14cf00000)]
=>0x000002c2688b4800 JavaThread "C2 CompilerThread1" daemon [_thread_in_native, id=6528, stack(0x000000e14cd00000,0x000000e14ce00000)]
  0x000002c26694a800 JavaThread "C2 CompilerThread0" daemon [_thread_in_native, id=8208, stack(0x000000e14cc00000,0x000000e14cd00000)]
  0x000002c266948800 JavaThread "Attach Listener" daemon [_thread_blocked, id=16432, stack(0x000000e14cb00000,0x000000e14cc00000)]
  0x000002c266947800 JavaThread "Signal Dispatcher" daemon [_thread_blocked, id=16580, stack(0x000000e14ca00000,0x000000e14cb00000)]
  0x000002c2668b3800 JavaThread "Finalizer" daemon [_thread_blocked, id=15284, stack(0x000000e14c900000,0x000000e14ca00000)]
  0x000002c2668ac000 JavaThread "Reference Handler" daemon [_thread_blocked, id=18044, stack(0x000000e14c800000,0x000000e14c900000)]
  0x000002c253d78000 JavaThread "main" [_thread_blocked, id=11756, stack(0x000000e14be00000,0x000000e14bf00000)]

Other Threads:
  0x000002c266881800 VMThread [stack: 0x000000e14c700000,0x000000e14c800000] [id=19140]
  0x000002c2688c7000 WatcherThread [stack: 0x000000e14d100000,0x000000e14d200000] [id=2320]

VM state:not at safepoint (normal execution)

VM Mutex/Monitor currently owned by a thread: None

heap address: 0x00000000e0000000, size: 512 MB, Compressed Oops mode: 32-bit
Narrow klass base: 0x0000000000000000, Narrow klass shift: 3
Compressed class space size: 1073741824 Address: 0x0000000100000000

Heap:
 PSYoungGen      total 75776K, used 39920K [0x00000000f5580000, 0x00000000faa00000, 0x0000000100000000)
  eden space 65024K, 46% used [0x00000000f5580000,0x00000000f7325428,0x00000000f9500000)
  from space 10752K, 88% used [0x00000000f9500000,0x00000000f9e56dd0,0x00000000f9f80000)
  to   space 10752K, 0% used [0x00000000f9f80000,0x00000000f9f80000,0x00000000faa00000)
 ParOldGen       total 173568K, used 16K [0x00000000e0000000, 0x00000000ea980000, 0x00000000f5580000)
  object space 173568K, 0% used [0x00000000e0000000,0x00000000e0004000,0x00000000ea980000)
 Metaspace       used 17051K, capacity 17564K, committed 17664K, reserved 1064960K
  class space    used 2152K, capacity 2290K, committed 2304K, reserved 1048576K

Card table byte_map: [0x000002c264b90000,0x000002c264ca0000] byte_map_base: 0x000002c264490000

Marking Bits: (ParMarkBitMap*) 0x0000000053597fe0
 Begin Bits: [0x000002c264d50000, 0x000002c265550000)
 End Bits:   [0x000002c265550000, 0x000002c265d50000)

Polling page: 0x000002c253f90000

CodeCache: size=245760Kb used=4878Kb max_used=4878Kb free=240881Kb
 bounds [0x000002c2557d0000, 0x000002c255ca0000, 0x000002c2647d0000]
 total_blobs=1787 nmethods=1403 adapters=296
 compilation: enabled

Compilation events (10 events):
Event: 1.288 Thread 0x000002c2688b6800 1371       3       java.util.ArrayDeque::<init> (14 bytes)
Event: 1.288 Thread 0x000002c2688b6800 nmethod 1371 0x000002c255c7f4d0 code [0x000002c255c7f640, 0x000002c255c7f8f8]
Event: 1.295 Thread 0x000002c2688b6800 1372       3       java.util.regex.Pattern::closure (477 bytes)
Event: 1.298 Thread 0x000002c2688b6800 nmethod 1372 0x000002c255c7fa10 code [0x000002c255c80060, 0x000002c255c83e50]
Event: 1.299 Thread 0x000002c2688b6800 1375       3       java.util.regex.Pattern::next (33 bytes)
Event: 1.299 Thread 0x000002c2688b6800 nmethod 1375 0x000002c255c86610 code [0x000002c255c86780, 0x000002c255c86a50]
Event: 1.299 Thread 0x000002c2688b6800 1373       3       java.util.regex.Pattern$CharProperty::<init> (5 bytes)
Event: 1.299 Thread 0x000002c2688b6800 nmethod 1373 0x000002c255c86b90 code [0x000002c255c86d00, 0x000002c255c86f98]
Event: 1.299 Thread 0x000002c2688b6800 1374       3       java.util.regex.Pattern$CharProperty::<init> (5 bytes)
Event: 1.299 Thread 0x000002c2688b6800 nmethod 1374 0x000002c255c870d0 code [0x000002c255c87240, 0x000002c255c87478]

GC Heap History (2 events):
Event: 1.052 GC heap before
{Heap before GC invocations=1 (full 0):
 PSYoungGen      total 75776K, used 65024K [0x00000000f5580000, 0x00000000faa00000, 0x0000000100000000)
  eden space 65024K, 100% used [0x00000000f5580000,0x00000000f9500000,0x00000000f9500000)
  from space 10752K, 0% used [0x00000000f9f80000,0x00000000f9f80000,0x00000000faa00000)
  to   space 10752K, 0% used [0x00000000f9500000,0x00000000f9500000,0x00000000f9f80000)
 ParOldGen       total 173568K, used 0K [0x00000000e0000000, 0x00000000ea980000, 0x00000000f5580000)
  object space 173568K, 0% used [0x00000000e0000000,0x00000000e0000000,0x00000000ea980000)
 Metaspace       used 14069K, capacity 14544K, committed 14848K, reserved 1062912K
  class space    used 1837K, capacity 1954K, committed 2048K, reserved 1048576K
Event: 1.058 GC heap after
Heap after GC invocations=1 (full 0):
 PSYoungGen      total 75776K, used 9563K [0x00000000f5580000, 0x00000000faa00000, 0x0000000100000000)
  eden space 65024K, 0% used [0x00000000f5580000,0x00000000f5580000,0x00000000f9500000)
  from space 10752K, 88% used [0x00000000f9500000,0x00000000f9e56dd0,0x00000000f9f80000)
  to   space 10752K, 0% used [0x00000000f9f80000,0x00000000f9f80000,0x00000000faa00000)
 ParOldGen       total 173568K, used 16K [0x00000000e0000000, 0x00000000ea980000, 0x00000000f5580000)
  object space 173568K, 0% used [0x00000000e0000000,0x00000000e0004000,0x00000000ea980000)
 Metaspace       used 14069K, capacity 14544K, committed 14848K, reserved 1062912K
  class space    used 1837K, capacity 1954K, committed 2048K, reserved 1048576K
}

Deoptimization events (10 events):
Event: 1.179 Thread 0x000002c269aff800 Uncommon trap: reason=class_check action=maybe_recompile pc=0x000002c255c00950 method=java.util.regex.Matcher.search(I)Z @ 86
Event: 1.192 Thread 0x000002c269aff800 Uncommon trap: reason=unstable_if action=reinterpret pc=0x000002c255b9b7d4 method=java.lang.ref.ReferenceQueue.poll()Ljava/lang/ref/Reference; @ 4
Event: 1.216 Thread 0x000002c269aff800 Uncommon trap: reason=bimorphic action=maybe_recompile pc=0x000002c255c00984 method=java.util.regex.Pattern$Start.match(Ljava/util/regex/Matcher;ILjava/lang/CharSequence;)Z @ 44
Event: 1.216 Thread 0x000002c269aff800 Uncommon trap: reason=class_check action=maybe_recompile pc=0x000002c255bec894 method=java.util.regex.Pattern$BmpCharProperty.match(Ljava/util/regex/Matcher;ILjava/lang/CharSequence;)Z @ 16
Event: 1.216 Thread 0x000002c269aff800 Uncommon trap: reason=class_check action=maybe_recompile pc=0x000002c255bec91c method=java.util.regex.Pattern$BmpCharProperty.match(Ljava/util/regex/Matcher;ILjava/lang/CharSequence;)Z @ 31
Event: 1.216 Thread 0x000002c269aff800 Uncommon trap: reason=class_check action=maybe_recompile pc=0x000002c255c00950 method=java.util.regex.Matcher.search(I)Z @ 86
Event: 1.216 Thread 0x000002c269aff800 Uncommon trap: reason=class_check action=maybe_recompile pc=0x000002c255bec894 method=java.util.regex.Pattern$BmpCharProperty.match(Ljava/util/regex/Matcher;ILjava/lang/CharSequence;)Z @ 16
Event: 1.216 Thread 0x000002c269aff800 Uncommon trap: reason=class_check action=maybe_recompile pc=0x000002c255bec91c method=java.util.regex.Pattern$BmpCharProperty.match(Ljava/util/regex/Matcher;ILjava/lang/CharSequence;)Z @ 31
Event: 1.216 Thread 0x000002c269aff800 Uncommon trap: reason=bimorphic action=maybe_recompile pc=0x000002c255c00984 method=java.util.regex.Pattern$Start.match(Ljava/util/regex/Matcher;ILjava/lang/CharSequence;)Z @ 44
Event: 1.216 Thread 0x000002c269aff800 Uncommon trap: reason=class_check action=maybe_recompile pc=0x000002c255c00950 method=java.util.regex.Matcher.search(I)Z @ 86

Classes redefined (0 events):
No events

Internal exceptions (10 events):
Event: 0.731 Thread 0x000002c269aff800 Exception <a 'java/lang/NoSuchMethodError': java.lang.Object.lambda$andThen$1(Ljava/util/function/Function;Ljava/lang/Object;)Ljava/lang/Object;> (0x00000000f7404e90) thrown at [C:\jenkins\workspace\8-2-build-windows-amd64-cygwin\jdk8u291\1294\hotspot\src
Event: 0.742 Thread 0x000002c269aff800 Exception <a 'java/lang/NoSuchMethodError': java.lang.Object.lambda$identity$2(Ljava/lang/Object;)Ljava/lang/Object;> (0x00000000f74ad000) thrown at [C:\jenkins\workspace\8-2-build-windows-amd64-cygwin\jdk8u291\1294\hotspot\src\share\vm\interpreter\linkRe
Event: 0.750 Thread 0x000002c269aff800 Exception <a 'java/lang/NoSuchMethodError': java.lang.Object.lambda$comparing$77a9974f$1(Ljava/util/function/Function;Ljava/lang/Object;Ljava/lang/Object;)I> (0x00000000f753ee30) thrown at [C:\jenkins\workspace\8-2-build-windows-amd64-cygwin\jdk8u291\1294
Event: 0.752 Thread 0x000002c269aff800 Exception <a 'java/lang/NoSuchMethodError': java.lang.Object.lambda$thenComparing$36697e65$1(Ljava/util/Comparator;Ljava/lang/Object;Ljava/lang/Object;)I> (0x00000000f75518f8) thrown at [C:\jenkins\workspace\8-2-build-windows-amd64-cygwin\jdk8u291\1294\ho
Event: 0.877 Thread 0x000002c269aff800 Exception <a 'java/lang/NoSuchMethodError': java.lang.Object.lambda$comparing$ea9a8b3a$1(Ljava/util/Comparator;Ljava/util/function/Function;Ljava/lang/Object;Ljava/lang/Object;)I> (0x00000000f82953a8) thrown at [C:\jenkins\workspace\8-2-build-windows-amd6
Event: 0.963 Thread 0x000002c269aff800 Implicit null exception at 0x000002c255b7afcc to 0x000002c255b7b191
Event: 1.144 Thread 0x000002c269aff800 Implicit null exception at 0x000002c2559fe616 to 0x000002c2559fe9bd
Event: 1.144 Thread 0x000002c269aff800 Implicit null exception at 0x000002c2559e1e16 to 0x000002c2559e21b5
Event: 1.170 Thread 0x000002c269aff800 Exception <a 'java/lang/NoSuchMethodError': org.slf4j.impl.StaticMDCBinder.getSingleton()Lorg/slf4j/impl/StaticMDCBinder;> (0x00000000f61f1e28) thrown at [C:\jenkins\workspace\8-2-build-windows-amd64-cygwin\jdk8u291\1294\hotspot\src\share\vm\interpreter\l
Event: 1.213 Thread 0x000002c269aff800 Exception <a 'java/lang/NoSuchMethodError': java.lang.Object.lambda$andThen$0(Ljava/util/function/Function;Ljava/lang/Object;Ljava/lang/Object;)Ljava/lang/Object;> (0x00000000f64db4e8) thrown at [C:\jenkins\workspace\8-2-build-windows-amd64-cygwin\jdk8u29

Events (10 events):
Event: 1.298 loading class io/cucumber/core/gherkin/messages/internal/gherkin/internal/com/eclipsesource/json/Json$DefaultHandler
Event: 1.298 loading class io/cucumber/core/gherkin/messages/internal/gherkin/internal/com/eclipsesource/json/Json$DefaultHandler done
Event: 1.298 loading class io/cucumber/core/gherkin/messages/internal/gherkin/internal/com/eclipsesource/json/JsonValue
Event: 1.298 loading class io/cucumber/core/gherkin/messages/internal/gherkin/internal/com/eclipsesource/json/JsonValue done
Event: 1.299 loading class io/cucumber/core/gherkin/messages/internal/gherkin/internal/com/eclipsesource/json/JsonNumber
Event: 1.299 loading class io/cucumber/core/gherkin/messages/internal/gherkin/internal/com/eclipsesource/json/JsonNumber done
Event: 1.300 loading class io/cucumber/core/gherkin/messages/internal/gherkin/internal/com/eclipsesource/json/JsonString
Event: 1.300 loading class io/cucumber/core/gherkin/messages/internal/gherkin/internal/com/eclipsesource/json/JsonString done
Event: 1.300 loading class io/cucumber/core/gherkin/messages/internal/gherkin/internal/com/eclipsesource/json/JsonLiteral
Event: 1.300 loading class io/cucumber/core/gherkin/messages/internal/gherkin/internal/com/eclipsesource/json/JsonLiteral done


Dynamic libraries:
0x00007ff797260000 - 0x00007ff7972a7000 	C:\Program Files\Java\jdk1.8.0_291\bin\java.exe
0x00007fff72470000 - 0x00007fff72666000 	C:\Windows\SYSTEM32\ntdll.dll
0x00007fff71460000 - 0x00007fff7151d000 	C:\Windows\System32\KERNEL32.DLL
0x00007fff6fef0000 - 0x00007fff701b9000 	C:\Windows\System32\KERNELBASE.dll
0x00007fff719a0000 - 0x00007fff71a4c000 	C:\Windows\System32\ADVAPI32.dll
0x00007fff717f0000 - 0x00007fff7188e000 	C:\Windows\System32\msvcrt.dll
0x00007fff71a50000 - 0x00007fff71aec000 	C:\Windows\System32\sechost.dll
0x00007fff71520000 - 0x00007fff7164b000 	C:\Windows\System32\RPCRT4.dll
0x00007fff706f0000 - 0x00007fff70890000 	C:\Windows\System32\USER32.dll
0x00007fff70400000 - 0x00007fff70422000 	C:\Windows\System32\win32u.dll
0x00007fff71af0000 - 0x00007fff71b1a000 	C:\Windows\System32\GDI32.dll
0x00007fff70210000 - 0x00007fff7031b000 	C:\Windows\System32\gdi32full.dll
0x00007fff70430000 - 0x00007fff704cd000 	C:\Windows\System32\msvcp_win.dll
0x00007fff6fc30000 - 0x00007fff6fd30000 	C:\Windows\System32\ucrtbase.dll
0x00007fff56d70000 - 0x00007fff5700b000 	C:\Windows\WinSxS\amd64_microsoft.windows.common-controls_6595b64144ccf1df_6.0.19041.746_none_ca02b4b61b8320a4\COMCTL32.dll
0x00007fff70910000 - 0x00007fff70940000 	C:\Windows\System32\IMM32.DLL
0x00007fff483a0000 - 0x00007fff483b5000 	C:\Program Files\Java\jdk1.8.0_291\jre\bin\vcruntime140.dll
0x00007fff48300000 - 0x00007fff4839b000 	C:\Program Files\Java\jdk1.8.0_291\jre\bin\msvcp140.dll
0x0000000052db0000 - 0x0000000053610000 	C:\Program Files\Java\jdk1.8.0_291\jre\bin\server\jvm.dll
0x00007fff71090000 - 0x00007fff71098000 	C:\Windows\System32\PSAPI.DLL
0x00007fff69730000 - 0x00007fff6973a000 	C:\Windows\SYSTEM32\VERSION.dll
0x00007fff4d590000 - 0x00007fff4d599000 	C:\Windows\SYSTEM32\WSOCK32.dll
0x00007fff54e00000 - 0x00007fff54e27000 	C:\Windows\SYSTEM32\WINMM.dll
0x00007fff716b0000 - 0x00007fff7171b000 	C:\Windows\System32\WS2_32.dll
0x00007fff6dad0000 - 0x00007fff6dae2000 	C:\Windows\SYSTEM32\kernel.appcore.dll
0x00007fff493f0000 - 0x00007fff49400000 	C:\Program Files\Java\jdk1.8.0_291\jre\bin\verify.dll
0x00007fff47f30000 - 0x00007fff47f5b000 	C:\Program Files\Java\jdk1.8.0_291\jre\bin\java.dll
0x00007fff47ed0000 - 0x00007fff47ee8000 	C:\Program Files\Java\jdk1.8.0_291\jre\bin\zip.dll
0x00007fff70940000 - 0x00007fff71083000 	C:\Windows\System32\SHELL32.dll
0x00007fff6dcd0000 - 0x00007fff6e45f000 	C:\Windows\SYSTEM32\windows.storage.dll
0x00007fff710a0000 - 0x00007fff713f6000 	C:\Windows\System32\combase.dll
0x00007fff6f470000 - 0x00007fff6f49c000 	C:\Windows\SYSTEM32\Wldp.dll
0x00007fff720b0000 - 0x00007fff7215e000 	C:\Windows\System32\SHCORE.dll
0x00007fff72050000 - 0x00007fff720a5000 	C:\Windows\System32\shlwapi.dll
0x00007fff6fae0000 - 0x00007fff6fb06000 	C:\Windows\SYSTEM32\profapi.dll
0x00007fff48060000 - 0x00007fff4807c000 	C:\Program Files\Java\jdk1.8.0_291\jre\bin\net.dll
0x00007fff6f260000 - 0x00007fff6f2ca000 	C:\Windows\system32\mswsock.dll
0x00007fff44740000 - 0x00007fff44753000 	C:\Program Files\Java\jdk1.8.0_291\jre\bin\nio.dll
0x00007fff6f4b0000 - 0x00007fff6f4c8000 	C:\Windows\SYSTEM32\CRYPTSP.dll
0x00007fff6ec20000 - 0x00007fff6ec54000 	C:\Windows\system32\rsaenh.dll
0x00007fff703d0000 - 0x00007fff703f7000 	C:\Windows\System32\bcrypt.dll
0x00007fff6faa0000 - 0x00007fff6face000 	C:\Windows\SYSTEM32\USERENV.dll
0x00007fff6fbb0000 - 0x00007fff6fc30000 	C:\Windows\System32\bcryptprimitives.dll
0x00007fff6f3e0000 - 0x00007fff6f3ec000 	C:\Windows\SYSTEM32\CRYPTBASE.dll
0x00007fff6ef70000 - 0x00007fff6efab000 	C:\Windows\SYSTEM32\IPHLPAPI.DLL
0x00007fff70600000 - 0x00007fff70608000 	C:\Windows\System32\NSI.dll
0x00007fff6ad40000 - 0x00007fff6ad57000 	C:\Windows\SYSTEM32\dhcpcsvc6.DLL
0x00007fff6ad20000 - 0x00007fff6ad3d000 	C:\Windows\SYSTEM32\dhcpcsvc.DLL
0x00007fff6efb0000 - 0x00007fff6f07b000 	C:\Windows\SYSTEM32\DNSAPI.dll
0x00007fff59b40000 - 0x00007fff59d24000 	C:\Windows\SYSTEM32\dbghelp.dll

VM Arguments:
jvm_args: -Daction.aware.typeAhead=false -Dawt.toolkit=sun.awt.windows.WToolkit -Dcom.jetbrains.suppressWindowRaise=false -Dfile.encoding.pkg=sun.io -Dfile.separator=\ -Dide.native.launcher=true -Didea.active=true -Didea.cycle.buffer.size=1024 -Didea.dynamic.classpath=false -Didea.fatal.error.notification=disabled -Didea.jre.check=true -Didea.max.content.load.filesize=20000 -Didea.max.intellisense.filesize=2500 -Didea.no.launcher=false -Didea.paths.selector=IdeaIC2021.1 -Didea.platform.prefix=Idea -Didea.popup.weight=heavy -Didea.vendor.name=JetBrains -Didea.version=2021.1.1 -Didea.xdebug.key=-Xdebug -Dio.netty.allocator.cacheTrimIntervalMillis=600000 -Dio.netty.allocator.numDirectArenas=1 -Dio.netty.allocator.numHeapArenas=1 -Dio.netty.allocator.useCacheForAllThreads=false -Dio.netty.machineId=28:f0:76:ff:fe:16:65:0e -Dio.netty.processId=56772 -Dio.netty.serviceThreadPrefix=Netty  -Djava.awt.graphicsenv=sun.awt.Win32GraphicsEnvironment -Djava.awt.printerjob=sun.awt.windows.WPrinterJob -Djava.class.version=52.0 -Djava.endorsed.dirs=C:\Program Files\Java\jdk1.8.0_291\jre\lib\endorsed -Djava.ext.dirs=C:\Program Files\Java\jdk1.8.0_291\jre\lib\ext;C:\Windows\Sun\Java\lib\ext -Djava.home=C:\Program Files\Java\jdk1.8.0_291\jre -Djava.library.path=C:\Program Files\Java\jdk1.8.0_291\bin;C:\Windows\Sun\Java\bin;C:\Windows\system32;C:\Windows;C:\Python39\Scripts\;C:\Python39\;C:\Program Files (x86)\Common Files\Oracle\Java\javapath;C:\Windows\system32;C:\Windows;C:\Windows\System32\Wbem;C:\Windows\System32\WindowsPowerShell\v1.0\;C:\Windows\System32\OpenSSH\;C:\Program Files\Git\cmd;C:\Program Files\Docker\Docker\resources\bin;C:\ProgramData\DockerDesktop\version-bin;C:\Program Files\PuTTY\;C:\Gradle\gradle-7.0.2\bin;C:\Program Files\Java\jdk1.8.0_291\bin;C:\Program Files\nodejs\;C:\ProgramData\chocolatey\bin;C:\apache-maven-3.8.2\bin;C:\Program Files\Java\jdk1.8.0_291\bin;D:\Usuarios\analista.pruebas6\scoop\shims;C:\Program Files\MySQL\MySQL Shell 8.0\bin\;D:\Usuarios\analista.pruebas6\AppData\Local\Microsoft\WindowsApps;C:\Program Files\JetBrains\IntelliJ IDEA Community Edition 2021.1.1\bin;D:\Usuarios\analista.pruebas6\AppData\Local\Programs\Microsoft VS Code\bin;D:\Usuarios\analista.pruebas6\AppData\Roaming\npm;C:\allure-2.13.5\bin;;. -Djava.rmi.server.disableHttp=true -Djava.rmi.server.hostname=127.0.0.1 -Djava.runtime.name=OpenJDK Runtime Environment -Djava.runtime.version=1.8.0_291-b10 -Djava.security.manager=worker.org.gradle.process.internal.worker.child.BootstrapSecurityManager -Djava.specification.name=Java Platform API Specification -Djava.specification.vendor=Oracle Corporation -Djava.specification.version=1.8 -Djava.util.concurrent.ForkJoinPool.common.threadFactory=com.intellij.concurrency.IdeaForkJoinWorkerThreadFactory -Djava.vendor=Oracle Corporation -Djava.vendor.url=http://java.oracle.com/ -Djava.vendor.url.bug=https://bugreport.java.com/bugreport/ -Djava.vendor.version=JBR-11.0.10.9-1341.41-dcevm -Djava.version=1.8.0_291 -Djava.version.date=2021-01-19 -Djava.vm.compressedOopsMode=32-bit -Djava.vm.info=mixed mode -Djava.vm.name=Java HotSpot(TM) 64-Bit Server VM -Djava.vm.specification.name=Java Virtual Machine Specification -Djava.vm.specification.vendor=Oracle Corporation -Djava.vm.specification.version=1.8 -Djava.vm.vendor=Oracle Corporation -Djava.vm.version=25.291-b10 -Djavax.swing.rebaseCssSizeMap=true -Djb.vmOptionsFile=D:\Usuarios\analista.pruebas6\AppData\Roaming\JetBrains\IdeaIC2021.1\idea64.exe.vmoptions -Djdk.attach.allowAttachSelf=true -Djdk.debug=release -Djdk.http.auth.tunneling.disabledSchemes= -Djdk.module.illegalAccess.silent=true -Djna.loaded=true -Djna.nosys=true -Djna.tmpdir=D:\Usuarios\analista.pruebas6\AppData\Local\JetBrains\IdeaIC2021.1/tmp -Djnidispatch.path=D:\Usuarios\analista.pruebas6\AppData\Local\JetBrains\IdeaIC2021.1\tmp\jna13747590771681463705.dll -Dkotlinx.coroutines.debug=off -Dlibrary.jansi.path=D:\Usuarios\analista.pruebas6\.gradle\native\jansi\1.18\windows64 -Dline.separator=
 -Dlog4j.defaultInitOverride=true -Dorg.gradle.native=false -Dos.arch=amd64 -Dos.name=Windows 10 -Dos.version=10.0 -Dpath.separator=; -Dproject.build.directory=D:\Usuarios\analista.pruebas6\Documents\DigicreditoSerenity BDD -Dpty4j.preferred.native.folder=C:\Program Files\JetBrains\IntelliJ IDEA Community Edition 2021.1.1\lib\pty4j-native -Dpty4j.tmpdir=D:\Usuarios\analista.pruebas6\AppData\Local\JetBrains\IdeaIC2021.1/tmp -Dsun.arch.data.model=64 -Dsun.boot.class.path=C:\Program Files\Java\jdk1.8.0_291\jre\lib\resources.jar;C:\Program Files\Java\jdk1.8.0_291\jre\lib\rt.jar;C:\Program Files\Java\jdk1.8.0_291\jre\lib\sunrsasign.jar;C:\Program Files\Java\jdk1.8.0_291\jre\lib\jsse.jar;C:\Program Files\Java\jdk1.8.0_291\jre\lib\jce.jar;C:\Program Files\Java\jdk1.8.0_291\jre\lib\charsets.jar;C:\Program Files\Java\jdk1.8.0_291\jre\lib\jfr.jar;C:\Program Files\Java\jdk1.8.0_291\jre\classes -Dsun.boot.library.path=C:\Program Files\Java\jdk1.8.0_291\jre\bin -Dsun.cpu.endian=little -Dsun.cpu.isalist=amd64 -Dsun.desktop=windows -Dsun.io.unicode.encoding=UnicodeLittle -Dsun.jnu.encoding=Cp1252 -Dsun.management.compiler=HotSpot 64-Bit Tiered Compilers -Dsun.os.patch.level -Dswing.bufferPerWindow=false -Duser.dir=D:\Usuarios\analista.pruebas6\Documents\DigicreditoSerenity BDD -Duser.home=D:\Usuarios\analista.pruebas6 -Duser.name=analista.pruebas6 -Duser.script -Duser.timezone=America/Bogota -Dwinp.folder.preferred=D:\Usuarios\analista.pruebas6\AppData\Local\JetBrains\IdeaIC2021.1/tmp -Xmx512m -Dfile.encoding=Cp1252 -Djava.io.tmpdir=D:\Usuarios\analista.pruebas6\AppData\Local\Temp\ -Duser.country=CO -Duser.language=es -Duser.variant -ea 
java_command: worker.org.gradle.process.internal.worker.GradleWorkerMain 'Gradle Test Executor 1'
java_class_path (initial): D:\Usuarios\analista.pruebas6\.gradle\caches\6.3\workerMain\gradle-worker.jar
Launcher Type: SUN_STANDARD

Environment Variables:
JAVA_HOME=C:\Program Files\Java\jdk1.8.0_291
PATH=C:\Python39\Scripts\;C:\Python39\;C:\Program Files (x86)\Common Files\Oracle\Java\javapath;C:\Windows\system32;C:\Windows;C:\Windows\System32\Wbem;C:\Windows\System32\WindowsPowerShell\v1.0\;C:\Windows\System32\OpenSSH\;C:\Program Files\Git\cmd;C:\Program Files\Docker\Docker\resources\bin;C:\ProgramData\DockerDesktop\version-bin;C:\Program Files\PuTTY\;C:\Gradle\gradle-7.0.2\bin;C:\Program Files\Java\jdk1.8.0_291\bin;C:\Program Files\nodejs\;C:\ProgramData\chocolatey\bin;C:\apache-maven-3.8.2\bin;C:\Program Files\Java\jdk1.8.0_291\bin;D:\Usuarios\analista.pruebas6\scoop\shims;C:\Program Files\MySQL\MySQL Shell 8.0\bin\;D:\Usuarios\analista.pruebas6\AppData\Local\Microsoft\WindowsApps;C:\Program Files\JetBrains\IntelliJ IDEA Community Edition 2021.1.1\bin;D:\Usuarios\analista.pruebas6\AppData\Local\Programs\Microsoft VS Code\bin;D:\Usuarios\analista.pruebas6\AppData\Roaming\npm;C:\allure-2.13.5\bin;
USERNAME=analista.pruebas6
OS=Windows_NT
PROCESSOR_IDENTIFIER=Intel64 Family 6 Model 142 Stepping 12, GenuineIntel



---------------  S Y S T E M  ---------------

OS: Windows 10.0 , 64 bit Build 19041 (10.0.19041.662)

CPU:total 8 (initial active 8) (4 cores per cpu, 2 threads per core) family 6 model 142 stepping 12, cmov, cx8, fxsr, mmx, sse, sse2, sse3, ssse3, sse4.1, sse4.2, popcnt, avx, avx2, aes, clmul, erms, 3dnowpref, lzcnt, ht, tsc, tscinvbit, bmi1, bmi2, adx

Memory: 4k page, physical 16610856k(4815476k free), swap 47043796k(5280k free)

vm_info: Java HotSpot(TM) 64-Bit Server VM (25.291-b10) for windows-amd64 JRE (1.8.0_291-b10), built on Apr  9 2021 00:02:00 by "java_re" with MS VC++ 15.9 (VS2017)

time: Fri Jan 14 14:15:55 2022
timezone: Hora est. Pacífico, Sudamérica
elapsed time: 1.316843 seconds (0d 0h 0m 1s)

